2023-12-12 22:14:16.534 [info] Using settings sync service https://vscode-sync.trafficmanager.net/
2023-12-12 22:14:16.534 [info] Auto Sync is enabled.
2023-12-12 22:14:16.534 [info] Auto Sync: Suspended until auth token is available.
2023-12-12 22:14:16.808 [info] Deleting non existing profile from backup /home/kofta/.config/Code/User/sync/extensions
2023-12-12 22:14:16.819 [info] Deleting non existing profile from backup /home/kofta/.config/Code/User/sync/globalState
2023-12-12 22:14:16.820 [info] Deleting non existing profile from backup /home/kofta/.config/Code/User/sync/keybindings
2023-12-12 22:14:16.821 [info] Deleting non existing profile from backup /home/kofta/.config/Code/User/sync/profiles
2023-12-12 22:14:16.822 [info] Deleting non existing profile from backup /home/kofta/.config/Code/User/sync/settings
2023-12-12 22:14:16.823 [info] Deleting non existing profile from backup /home/kofta/.config/Code/User/sync/snippets
2023-12-12 22:14:16.824 [info] Deleting non existing profile from backup /home/kofta/.config/Code/User/sync/tasks
2023-12-12 22:14:18.469 [info] Auto Sync: Triggered by Interval
2023-12-12 22:14:18.469 [info] Sync started.
2023-12-12 22:14:19.008 [info] Settings: Last sync resource does not exist locally.
2023-12-12 22:14:19.163 [info] Settings: No changes found during synchronizing settings.
2023-12-12 22:14:19.167 [info] Keybindings: Last sync resource does not exist locally.
2023-12-12 22:14:19.297 [info] Keybindings: No changes found during synchronizing keybindings.
2023-12-12 22:14:19.299 [info] Snippets: Last sync resource does not exist locally.
2023-12-12 22:14:19.416 [info] Snippets: No changes found during synchronizing snippets.
2023-12-12 22:14:19.417 [info] Tasks: Last sync resource does not exist locally.
2023-12-12 22:14:19.604 [info] Tasks: No changes found during synchronizing tasks.
2023-12-12 22:14:19.605 [info] GlobalState: Last sync resource does not exist locally.
2023-12-12 22:14:20.325 [info] GlobalState: Updated global state ["java.2.sessionCount","javascript.1.sessionCount","typescript.1.sessionCount","csharp.1.sessionCount"]
2023-12-12 22:14:20.326 [info] GlobalState: Updated local ui state
2023-12-12 22:14:20.328 [info] GlobalState: Updated last synchronized ui state
2023-12-12 22:14:20.330 [info] Extensions: Last sync resource does not exist locally.
2023-12-12 22:14:20.565 [info] Extensions: No changes found during synchronizing extensions.
2023-12-12 22:14:20.567 [info] Profiles: Last sync resource does not exist locally.
2023-12-12 22:14:20.679 [info] Profiles: No changes found during synchronizing profiles.
2023-12-12 22:14:20.681 [info] Sync done. Took 2213ms
2023-12-12 22:15:24.566 [info] Auto Sync: Triggered by Activity
2023-12-12 22:15:24.566 [info] Sync started.
2023-12-12 22:15:24.862 [info] Settings: No changes found during synchronizing settings.
2023-12-12 22:15:24.867 [info] Keybindings: No changes found during synchronizing keybindings.
2023-12-12 22:15:24.871 [info] Snippets: No changes found during synchronizing snippets.
2023-12-12 22:15:24.874 [info] Tasks: No changes found during synchronizing tasks.
2023-12-12 22:15:24.879 [info] GlobalState: No changes found during synchronizing ui state.
2023-12-12 22:15:24.978 [info] Extensions: No changes found during synchronizing extensions.
2023-12-12 22:15:24.982 [info] Profiles: No changes found during synchronizing profiles.
2023-12-12 22:15:24.984 [info] Sync done. Took 419ms
2023-12-12 22:20:24.991 [info] Auto Sync: Triggered by Interval
2023-12-12 22:20:24.992 [info] Sync started.
2023-12-12 22:20:25.627 [info] Settings: No changes found during synchronizing settings.
2023-12-12 22:20:25.630 [info] Keybindings: No changes found during synchronizing keybindings.
2023-12-12 22:20:25.633 [info] Snippets: No changes found during synchronizing snippets.
2023-12-12 22:20:25.636 [info] Tasks: No changes found during synchronizing tasks.
2023-12-12 22:20:25.640 [info] GlobalState: No changes found during synchronizing ui state.
2023-12-12 22:20:25.735 [info] Extensions: No changes found during synchronizing extensions.
2023-12-12 22:20:25.740 [info] Profiles: No changes found during synchronizing profiles.
2023-12-12 22:20:25.742 [info] Sync done. Took 751ms
2023-12-12 22:23:47.261 [info] Auto Sync: Triggered by Activity
2023-12-12 22:23:47.261 [info] Sync started.
2023-12-12 22:23:47.757 [info] Settings: No changes found during synchronizing settings.
2023-12-12 22:23:47.761 [info] Keybindings: No changes found during synchronizing keybindings.
2023-12-12 22:23:47.763 [info] Snippets: No changes found during synchronizing snippets.
2023-12-12 22:23:47.765 [info] Tasks: No changes found during synchronizing tasks.
2023-12-12 22:23:47.769 [info] GlobalState: No changes found during synchronizing ui state.
2023-12-12 22:23:47.863 [info] Extensions: No changes found during synchronizing extensions.
2023-12-12 22:23:47.863 [info] Profiles: No changes found during synchronizing profiles.
2023-12-12 22:23:47.865 [info] Sync done. Took 604ms
