2023-12-14 19:23:38.621 [info] Using settings sync service https://vscode-sync.trafficmanager.net/
2023-12-14 19:23:38.621 [info] Auto Sync is enabled.
2023-12-14 19:23:38.621 [info] Auto Sync: Suspended until auth token is available.
2023-12-14 19:23:38.922 [info] Deleting non existing profile from backup /home/kofta/.config/Code/User/sync/extensions
2023-12-14 19:23:39.043 [info] Deleting non existing profile from backup /home/kofta/.config/Code/User/sync/globalState
2023-12-14 19:23:39.190 [info] Deleting non existing profile from backup /home/kofta/.config/Code/User/sync/keybindings
2023-12-14 19:23:39.208 [info] Deleting non existing profile from backup /home/kofta/.config/Code/User/sync/profiles
2023-12-14 19:23:39.256 [info] Deleting non existing profile from backup /home/kofta/.config/Code/User/sync/settings
2023-12-14 19:23:39.363 [info] Deleting non existing profile from backup /home/kofta/.config/Code/User/sync/snippets
2023-12-14 19:23:39.410 [info] Deleting non existing profile from backup /home/kofta/.config/Code/User/sync/tasks
2023-12-14 19:23:40.268 [info] Auto Sync: Triggered by Interval
2023-12-14 19:23:40.268 [info] Sync started.
2023-12-14 19:23:40.948 [info] Settings: Last sync resource does not exist locally.
2023-12-14 19:23:41.117 [info] Settings: No changes found during synchronizing settings.
2023-12-14 19:23:41.119 [info] Keybindings: Last sync resource does not exist locally.
2023-12-14 19:23:41.228 [info] Keybindings: No changes found during synchronizing keybindings.
2023-12-14 19:23:41.230 [info] Snippets: Last sync resource does not exist locally.
2023-12-14 19:23:41.417 [info] Snippets: No changes found during synchronizing snippets.
2023-12-14 19:23:41.418 [info] Tasks: Last sync resource does not exist locally.
2023-12-14 19:23:41.537 [info] Tasks: No changes found during synchronizing tasks.
2023-12-14 19:23:41.542 [info] GlobalState: Last sync resource does not exist locally.
2023-12-14 19:23:43.800 [info] GlobalState: Updated remote ui state. Updated: java.2.lastSessionDate,java.2.sessionCount,javascript.1.lastSessionDate,javascript.1.sessionCount,typescript.1.lastSessionDate,typescript.1.sessionCount,csharp.1.lastSessionDate,csharp.1.sessionCount.
2023-12-14 19:23:43.804 [info] GlobalState: Updated last synchronized ui state
2023-12-14 19:23:43.806 [info] Extensions: Last sync resource does not exist locally.
2023-12-14 19:23:44.266 [info] Extensions: No changes found during synchronizing extensions.
2023-12-14 19:23:44.268 [info] Profiles: Last sync resource does not exist locally.
2023-12-14 19:23:44.743 [info] Profiles: No changes found during synchronizing profiles.
2023-12-14 19:23:44.745 [info] Sync done. Took 4478ms
2023-12-14 19:24:11.140 [info] Auto Sync: Triggered by Activity
2023-12-14 19:24:11.141 [info] Sync started.
2023-12-14 19:24:11.389 [info] Settings: No changes found during synchronizing settings.
2023-12-14 19:24:11.395 [info] Keybindings: No changes found during synchronizing keybindings.
2023-12-14 19:24:11.398 [info] Snippets: No changes found during synchronizing snippets.
2023-12-14 19:24:11.402 [info] Tasks: No changes found during synchronizing tasks.
2023-12-14 19:24:11.406 [info] GlobalState: No changes found during synchronizing ui state.
2023-12-14 19:24:11.516 [info] Extensions: No changes found during synchronizing extensions.
2023-12-14 19:24:11.520 [info] Profiles: No changes found during synchronizing profiles.
2023-12-14 19:24:11.523 [info] Sync done. Took 438ms
2023-12-14 19:24:45.757 [info] Auto Sync: Triggered by Activity
2023-12-14 19:24:45.757 [info] Sync started.
2023-12-14 19:24:45.940 [info] Settings: No changes found during synchronizing settings.
2023-12-14 19:24:45.944 [info] Keybindings: No changes found during synchronizing keybindings.
2023-12-14 19:24:45.948 [info] Snippets: No changes found during synchronizing snippets.
2023-12-14 19:24:45.952 [info] Tasks: No changes found during synchronizing tasks.
2023-12-14 19:24:45.956 [info] GlobalState: No changes found during synchronizing ui state.
2023-12-14 19:24:46.058 [info] Extensions: No changes found during synchronizing extensions.
2023-12-14 19:24:46.094 [info] Profiles: No changes found during synchronizing profiles.
2023-12-14 19:24:46.120 [info] Sync done. Took 363ms
2023-12-14 19:25:09.682 [info] Auto Sync: Triggered by Activity
2023-12-14 19:25:09.683 [info] Sync started.
2023-12-14 19:25:09.899 [info] Settings: No changes found during synchronizing settings.
2023-12-14 19:25:09.902 [info] Keybindings: No changes found during synchronizing keybindings.
2023-12-14 19:25:09.904 [info] Snippets: No changes found during synchronizing snippets.
2023-12-14 19:25:09.906 [info] Tasks: No changes found during synchronizing tasks.
2023-12-14 19:25:09.910 [info] GlobalState: No changes found during synchronizing ui state.
2023-12-14 19:25:09.981 [info] Extensions: No changes found during synchronizing extensions.
2023-12-14 19:25:09.983 [info] Profiles: No changes found during synchronizing profiles.
2023-12-14 19:25:09.988 [info] Sync done. Took 306ms
2023-12-14 19:25:31.470 [info] Auto Sync: Triggered by Activity
2023-12-14 19:25:31.470 [info] Sync started.
2023-12-14 19:25:31.694 [info] Settings: No changes found during synchronizing settings.
2023-12-14 19:25:31.696 [info] Keybindings: No changes found during synchronizing keybindings.
2023-12-14 19:25:31.700 [info] Snippets: No changes found during synchronizing snippets.
2023-12-14 19:25:31.702 [info] Tasks: No changes found during synchronizing tasks.
2023-12-14 19:25:33.507 [info] GlobalState: Updated remote ui state. Updated: workbench.statusbar.hidden.
2023-12-14 19:25:33.513 [info] GlobalState: Updated last synchronized ui state
2023-12-14 19:25:33.566 [info] Extensions: No changes found during synchronizing extensions.
2023-12-14 19:25:33.567 [info] Profiles: No changes found during synchronizing profiles.
2023-12-14 19:25:33.569 [info] Sync done. Took 2099ms
2023-12-14 19:26:14.899 [info] Auto Sync: Triggered by Activity
2023-12-14 19:26:14.900 [info] Sync started.
2023-12-14 19:26:15.172 [info] Settings: No changes found during synchronizing settings.
2023-12-14 19:26:15.181 [info] Keybindings: No changes found during synchronizing keybindings.
2023-12-14 19:26:15.185 [info] Snippets: No changes found during synchronizing snippets.
2023-12-14 19:26:15.189 [info] Tasks: No changes found during synchronizing tasks.
2023-12-14 19:26:15.198 [info] GlobalState: No changes found during synchronizing ui state.
2023-12-14 19:26:15.287 [info] Extensions: No changes found during synchronizing extensions.
2023-12-14 19:26:15.290 [info] Profiles: No changes found during synchronizing profiles.
2023-12-14 19:26:15.291 [info] Sync done. Took 393ms
2023-12-14 19:26:45.487 [info] Auto Sync: Triggered by Activity
2023-12-14 19:26:45.487 [info] Sync started.
2023-12-14 19:26:45.644 [info] Settings: No changes found during synchronizing settings.
2023-12-14 19:26:45.647 [info] Keybindings: No changes found during synchronizing keybindings.
2023-12-14 19:26:45.650 [info] Snippets: No changes found during synchronizing snippets.
2023-12-14 19:26:45.653 [info] Tasks: No changes found during synchronizing tasks.
2023-12-14 19:26:45.659 [info] GlobalState: No changes found during synchronizing ui state.
2023-12-14 19:26:45.733 [info] Extensions: No changes found during synchronizing extensions.
2023-12-14 19:26:45.734 [info] Profiles: No changes found during synchronizing profiles.
2023-12-14 19:26:45.736 [info] Sync done. Took 249ms
2023-12-14 19:28:02.508 [info] Auto Sync: Triggered by Activity
2023-12-14 19:28:02.508 [info] Sync started.
2023-12-14 19:28:02.857 [info] Settings: No changes found during synchronizing settings.
2023-12-14 19:28:02.861 [info] Keybindings: No changes found during synchronizing keybindings.
2023-12-14 19:28:02.866 [info] Snippets: No changes found during synchronizing snippets.
2023-12-14 19:28:02.869 [info] Tasks: No changes found during synchronizing tasks.
2023-12-14 19:28:02.874 [info] GlobalState: No changes found during synchronizing ui state.
2023-12-14 19:28:02.968 [info] Extensions: No changes found during synchronizing extensions.
2023-12-14 19:28:02.969 [info] Profiles: No changes found during synchronizing profiles.
2023-12-14 19:28:02.971 [info] Sync done. Took 465ms
2023-12-14 19:28:35.629 [info] Auto Sync: Triggered by Activity
2023-12-14 19:28:35.630 [info] Sync started.
2023-12-14 19:28:35.793 [info] Settings: No changes found during synchronizing settings.
2023-12-14 19:28:35.796 [info] Keybindings: No changes found during synchronizing keybindings.
2023-12-14 19:28:35.798 [info] Snippets: No changes found during synchronizing snippets.
2023-12-14 19:28:35.800 [info] Tasks: No changes found during synchronizing tasks.
2023-12-14 19:28:35.809 [info] GlobalState: No changes found during synchronizing ui state.
2023-12-14 19:28:35.921 [info] Extensions: No changes found during synchronizing extensions.
2023-12-14 19:28:35.922 [info] Profiles: No changes found during synchronizing profiles.
2023-12-14 19:28:35.924 [info] Sync done. Took 294ms
2023-12-14 19:29:35.387 [info] Auto Sync: Triggered by Activity
2023-12-14 19:29:35.388 [info] Sync started.
2023-12-14 19:29:35.501 [info] Settings: No changes found during synchronizing settings.
2023-12-14 19:29:35.504 [info] Keybindings: No changes found during synchronizing keybindings.
2023-12-14 19:29:35.507 [info] Snippets: No changes found during synchronizing snippets.
2023-12-14 19:29:35.509 [info] Tasks: No changes found during synchronizing tasks.
2023-12-14 19:29:35.514 [info] GlobalState: No changes found during synchronizing ui state.
2023-12-14 19:29:35.587 [info] Extensions: No changes found during synchronizing extensions.
2023-12-14 19:29:35.588 [info] Profiles: No changes found during synchronizing profiles.
2023-12-14 19:29:35.590 [info] Sync done. Took 204ms
2023-12-14 19:33:35.620 [info] Auto Sync: Triggered by Activity
2023-12-14 19:33:35.621 [info] Sync started.
2023-12-14 19:33:36.146 [info] Settings: No changes found during synchronizing settings.
2023-12-14 19:33:36.151 [info] Keybindings: No changes found during synchronizing keybindings.
2023-12-14 19:33:36.154 [info] Snippets: No changes found during synchronizing snippets.
2023-12-14 19:33:36.156 [info] Tasks: No changes found during synchronizing tasks.
2023-12-14 19:33:36.162 [info] GlobalState: No changes found during synchronizing ui state.
2023-12-14 19:33:36.241 [info] Extensions: No changes found during synchronizing extensions.
2023-12-14 19:33:36.243 [info] Profiles: No changes found during synchronizing profiles.
2023-12-14 19:33:36.244 [info] Sync done. Took 625ms
2023-12-14 19:33:58.788 [info] Auto Sync: Triggered by Activity
2023-12-14 19:33:58.788 [info] Sync started.
2023-12-14 19:33:58.988 [info] Settings: No changes found during synchronizing settings.
2023-12-14 19:33:58.996 [info] Keybindings: No changes found during synchronizing keybindings.
2023-12-14 19:33:58.998 [info] Snippets: No changes found during synchronizing snippets.
2023-12-14 19:33:59.001 [info] Tasks: No changes found during synchronizing tasks.
2023-12-14 19:33:59.006 [info] GlobalState: No changes found during synchronizing ui state.
2023-12-14 19:33:59.083 [info] Extensions: No changes found during synchronizing extensions.
2023-12-14 19:33:59.084 [info] Profiles: No changes found during synchronizing profiles.
2023-12-14 19:33:59.086 [info] Sync done. Took 298ms
2023-12-14 19:34:19.104 [info] Auto Sync: Triggered by Activity
2023-12-14 19:34:19.104 [info] Sync started.
2023-12-14 19:34:19.236 [info] Settings: No changes found during synchronizing settings.
2023-12-14 19:34:19.242 [info] Keybindings: No changes found during synchronizing keybindings.
2023-12-14 19:34:19.249 [info] Snippets: No changes found during synchronizing snippets.
2023-12-14 19:34:19.251 [info] Tasks: No changes found during synchronizing tasks.
2023-12-14 19:34:19.256 [info] GlobalState: No changes found during synchronizing ui state.
2023-12-14 19:34:19.341 [info] Extensions: No changes found during synchronizing extensions.
2023-12-14 19:34:19.342 [info] Profiles: No changes found during synchronizing profiles.
2023-12-14 19:34:19.343 [info] Sync done. Took 239ms
2023-12-14 19:35:50.604 [info] Auto Sync: Triggered by Activity
2023-12-14 19:35:50.604 [info] Sync started.
2023-12-14 19:35:50.722 [info] Settings: No changes found during synchronizing settings.
2023-12-14 19:35:50.726 [info] Keybindings: No changes found during synchronizing keybindings.
2023-12-14 19:35:50.728 [info] Snippets: No changes found during synchronizing snippets.
2023-12-14 19:35:50.730 [info] Tasks: No changes found during synchronizing tasks.
2023-12-14 19:35:50.734 [info] GlobalState: No changes found during synchronizing ui state.
2023-12-14 19:35:50.826 [info] Extensions: No changes found during synchronizing extensions.
2023-12-14 19:35:50.832 [info] Profiles: No changes found during synchronizing profiles.
2023-12-14 19:35:50.833 [info] Sync done. Took 229ms
2023-12-14 19:36:52.007 [info] Auto Sync: Triggered by Activity
2023-12-14 19:36:52.008 [info] Sync started.
2023-12-14 19:36:52.145 [info] Settings: No changes found during synchronizing settings.
2023-12-14 19:36:52.148 [info] Keybindings: No changes found during synchronizing keybindings.
2023-12-14 19:36:52.150 [info] Snippets: No changes found during synchronizing snippets.
2023-12-14 19:36:52.152 [info] Tasks: No changes found during synchronizing tasks.
2023-12-14 19:36:52.155 [info] GlobalState: No changes found during synchronizing ui state.
2023-12-14 19:36:52.224 [info] Extensions: No changes found during synchronizing extensions.
2023-12-14 19:36:52.225 [info] Profiles: No changes found during synchronizing profiles.
2023-12-14 19:36:52.227 [info] Sync done. Took 219ms
2023-12-14 19:38:01.224 [info] Auto Sync: Triggered by Activity
2023-12-14 19:38:01.225 [info] Sync started.
2023-12-14 19:38:01.466 [info] Settings: No changes found during synchronizing settings.
2023-12-14 19:38:01.469 [info] Keybindings: No changes found during synchronizing keybindings.
2023-12-14 19:38:01.473 [info] Snippets: No changes found during synchronizing snippets.
2023-12-14 19:38:01.476 [info] Tasks: No changes found during synchronizing tasks.
2023-12-14 19:38:01.483 [info] GlobalState: No changes found during synchronizing ui state.
2023-12-14 19:38:01.591 [info] Extensions: No changes found during synchronizing extensions.
2023-12-14 19:38:01.593 [info] Profiles: No changes found during synchronizing profiles.
2023-12-14 19:38:01.594 [info] Sync done. Took 371ms
2023-12-14 19:39:42.296 [info] Auto Sync: Triggered by Activity
2023-12-14 19:39:42.296 [info] Sync started.
2023-12-14 19:39:42.436 [info] Settings: No changes found during synchronizing settings.
2023-12-14 19:39:42.441 [info] Keybindings: No changes found during synchronizing keybindings.
2023-12-14 19:39:42.443 [info] Snippets: No changes found during synchronizing snippets.
2023-12-14 19:39:42.445 [info] Tasks: No changes found during synchronizing tasks.
2023-12-14 19:39:42.448 [info] GlobalState: No changes found during synchronizing ui state.
2023-12-14 19:39:42.534 [info] Extensions: No changes found during synchronizing extensions.
2023-12-14 19:39:42.535 [info] Profiles: No changes found during synchronizing profiles.
2023-12-14 19:39:42.536 [info] Sync done. Took 240ms
2023-12-14 19:40:37.782 [info] Auto Sync: Triggered by Activity
2023-12-14 19:40:37.782 [info] Sync started.
2023-12-14 19:40:37.959 [info] Settings: No changes found during synchronizing settings.
2023-12-14 19:40:37.963 [info] Keybindings: No changes found during synchronizing keybindings.
2023-12-14 19:40:37.966 [info] Snippets: No changes found during synchronizing snippets.
2023-12-14 19:40:37.969 [info] Tasks: No changes found during synchronizing tasks.
2023-12-14 19:40:37.976 [info] GlobalState: No changes found during synchronizing ui state.
2023-12-14 19:40:38.102 [info] Extensions: No changes found during synchronizing extensions.
2023-12-14 19:40:38.104 [info] Profiles: No changes found during synchronizing profiles.
2023-12-14 19:40:38.107 [info] Sync done. Took 325ms
2023-12-14 19:40:54.093 [info] Auto Sync: Triggered by Activity
2023-12-14 19:40:54.093 [info] Sync started.
2023-12-14 19:40:54.215 [info] Settings: No changes found during synchronizing settings.
2023-12-14 19:40:54.219 [info] Keybindings: No changes found during synchronizing keybindings.
2023-12-14 19:40:54.223 [info] Snippets: No changes found during synchronizing snippets.
2023-12-14 19:40:54.226 [info] Tasks: No changes found during synchronizing tasks.
2023-12-14 19:40:54.233 [info] GlobalState: No changes found during synchronizing ui state.
2023-12-14 19:40:54.342 [info] Extensions: No changes found during synchronizing extensions.
2023-12-14 19:40:54.343 [info] Profiles: No changes found during synchronizing profiles.
2023-12-14 19:40:54.345 [info] Sync done. Took 252ms
2023-12-14 19:41:14.334 [info] Auto Sync: Triggered by Activity
2023-12-14 19:41:14.334 [info] Sync started.
2023-12-14 19:41:14.598 [info] Settings: No changes found during synchronizing settings.
2023-12-14 19:41:14.602 [info] Keybindings: No changes found during synchronizing keybindings.
2023-12-14 19:41:14.609 [info] Snippets: No changes found during synchronizing snippets.
2023-12-14 19:41:14.615 [info] Tasks: No changes found during synchronizing tasks.
2023-12-14 19:41:14.624 [info] GlobalState: No changes found during synchronizing ui state.
2023-12-14 19:41:14.745 [info] Extensions: No changes found during synchronizing extensions.
2023-12-14 19:41:14.747 [info] Profiles: No changes found during synchronizing profiles.
2023-12-14 19:41:14.750 [info] Sync done. Took 416ms
2023-12-14 19:41:52.593 [info] Auto Sync: Triggered by Activity
2023-12-14 19:41:52.594 [info] Sync started.
2023-12-14 19:41:52.766 [info] Settings: No changes found during synchronizing settings.
2023-12-14 19:41:52.770 [info] Keybindings: No changes found during synchronizing keybindings.
2023-12-14 19:41:52.773 [info] Snippets: No changes found during synchronizing snippets.
2023-12-14 19:41:52.776 [info] Tasks: No changes found during synchronizing tasks.
2023-12-14 19:41:52.784 [info] GlobalState: No changes found during synchronizing ui state.
2023-12-14 19:41:52.909 [info] Extensions: No changes found during synchronizing extensions.
2023-12-14 19:41:52.910 [info] Profiles: No changes found during synchronizing profiles.
2023-12-14 19:41:52.912 [info] Sync done. Took 319ms
2023-12-14 19:42:18.270 [info] Auto Sync: Triggered by Activity
2023-12-14 19:42:18.270 [info] Sync started.
2023-12-14 19:42:18.402 [info] Settings: No changes found during synchronizing settings.
2023-12-14 19:42:18.406 [info] Keybindings: No changes found during synchronizing keybindings.
2023-12-14 19:42:18.409 [info] Snippets: No changes found during synchronizing snippets.
2023-12-14 19:42:18.411 [info] Tasks: No changes found during synchronizing tasks.
2023-12-14 19:42:18.416 [info] GlobalState: No changes found during synchronizing ui state.
2023-12-14 19:42:18.483 [info] Extensions: No changes found during synchronizing extensions.
2023-12-14 19:42:18.484 [info] Profiles: No changes found during synchronizing profiles.
2023-12-14 19:42:18.486 [info] Sync done. Took 216ms
2023-12-14 19:43:16.725 [info] Auto Sync: Triggered by Activity
2023-12-14 19:43:16.727 [info] Sync started.
2023-12-14 19:43:17.077 [info] Settings: No changes found during synchronizing settings.
2023-12-14 19:43:17.082 [info] Keybindings: No changes found during synchronizing keybindings.
2023-12-14 19:43:17.087 [info] Snippets: No changes found during synchronizing snippets.
2023-12-14 19:43:17.091 [info] Tasks: No changes found during synchronizing tasks.
2023-12-14 19:43:17.097 [info] GlobalState: No changes found during synchronizing ui state.
2023-12-14 19:43:17.184 [info] Extensions: No changes found during synchronizing extensions.
2023-12-14 19:43:17.186 [info] Profiles: No changes found during synchronizing profiles.
2023-12-14 19:43:17.188 [info] Sync done. Took 463ms
2023-12-14 19:43:28.510 [info] Auto Sync: Triggered by Activity
2023-12-14 19:43:28.511 [info] Sync started.
2023-12-14 19:43:28.615 [info] Settings: No changes found during synchronizing settings.
2023-12-14 19:43:28.617 [info] Keybindings: No changes found during synchronizing keybindings.
2023-12-14 19:43:28.619 [info] Snippets: No changes found during synchronizing snippets.
2023-12-14 19:43:28.621 [info] Tasks: No changes found during synchronizing tasks.
2023-12-14 19:43:28.624 [info] GlobalState: No changes found during synchronizing ui state.
2023-12-14 19:43:28.698 [info] Extensions: No changes found during synchronizing extensions.
2023-12-14 19:43:28.702 [info] Profiles: No changes found during synchronizing profiles.
2023-12-14 19:43:28.704 [info] Sync done. Took 193ms
2023-12-14 19:43:54.835 [info] Auto Sync: Triggered by Activity
2023-12-14 19:43:54.836 [info] Sync started.
2023-12-14 19:43:55.063 [info] Settings: No changes found during synchronizing settings.
2023-12-14 19:43:55.068 [info] Keybindings: No changes found during synchronizing keybindings.
2023-12-14 19:43:55.074 [info] Snippets: No changes found during synchronizing snippets.
2023-12-14 19:43:55.078 [info] Tasks: No changes found during synchronizing tasks.
2023-12-14 19:43:55.083 [info] GlobalState: No changes found during synchronizing ui state.
2023-12-14 19:43:55.157 [info] Extensions: No changes found during synchronizing extensions.
2023-12-14 19:43:55.157 [info] Profiles: No changes found during synchronizing profiles.
2023-12-14 19:43:55.158 [info] Sync done. Took 324ms
2023-12-14 19:44:40.520 [info] Auto Sync: Triggered by Activity
2023-12-14 19:44:40.520 [info] Sync started.
2023-12-14 19:44:40.626 [info] Settings: No changes found during synchronizing settings.
2023-12-14 19:44:40.630 [info] Keybindings: No changes found during synchronizing keybindings.
2023-12-14 19:44:40.632 [info] Snippets: No changes found during synchronizing snippets.
2023-12-14 19:44:40.634 [info] Tasks: No changes found during synchronizing tasks.
2023-12-14 19:44:40.639 [info] GlobalState: No changes found during synchronizing ui state.
2023-12-14 19:44:40.729 [info] Extensions: No changes found during synchronizing extensions.
2023-12-14 19:44:40.730 [info] Profiles: No changes found during synchronizing profiles.
2023-12-14 19:44:40.731 [info] Sync done. Took 212ms
2023-12-14 19:45:30.150 [info] Auto Sync: Triggered by Activity
2023-12-14 19:45:30.151 [info] Sync started.
2023-12-14 19:45:30.277 [info] Settings: No changes found during synchronizing settings.
2023-12-14 19:45:30.281 [info] Keybindings: No changes found during synchronizing keybindings.
2023-12-14 19:45:30.286 [info] Snippets: No changes found during synchronizing snippets.
2023-12-14 19:45:30.288 [info] Tasks: No changes found during synchronizing tasks.
2023-12-14 19:45:30.295 [info] GlobalState: No changes found during synchronizing ui state.
2023-12-14 19:45:30.392 [info] Extensions: No changes found during synchronizing extensions.
2023-12-14 19:45:30.394 [info] Profiles: No changes found during synchronizing profiles.
2023-12-14 19:45:30.395 [info] Sync done. Took 244ms
2023-12-14 19:45:46.401 [info] Auto Sync: Triggered by Activity
2023-12-14 19:45:46.401 [info] Sync started.
2023-12-14 19:45:46.520 [info] Settings: No changes found during synchronizing settings.
2023-12-14 19:45:46.525 [info] Keybindings: No changes found during synchronizing keybindings.
2023-12-14 19:45:46.529 [info] Snippets: No changes found during synchronizing snippets.
2023-12-14 19:45:46.531 [info] Tasks: No changes found during synchronizing tasks.
2023-12-14 19:45:46.534 [info] GlobalState: No changes found during synchronizing ui state.
2023-12-14 19:45:46.602 [info] Extensions: No changes found during synchronizing extensions.
2023-12-14 19:45:46.603 [info] Profiles: No changes found during synchronizing profiles.
2023-12-14 19:45:46.604 [info] Sync done. Took 204ms
2023-12-14 19:47:08.420 [info] Auto Sync: Triggered by Activity
2023-12-14 19:47:08.420 [info] Sync started.
2023-12-14 19:47:08.528 [info] Settings: No changes found during synchronizing settings.
2023-12-14 19:47:08.530 [info] Keybindings: No changes found during synchronizing keybindings.
2023-12-14 19:47:08.532 [info] Snippets: No changes found during synchronizing snippets.
2023-12-14 19:47:08.535 [info] Tasks: No changes found during synchronizing tasks.
2023-12-14 19:47:08.539 [info] GlobalState: No changes found during synchronizing ui state.
2023-12-14 19:47:08.627 [info] Extensions: No changes found during synchronizing extensions.
2023-12-14 19:47:08.629 [info] Profiles: No changes found during synchronizing profiles.
2023-12-14 19:47:08.630 [info] Sync done. Took 209ms
2023-12-14 19:47:32.232 [info] Auto Sync: Triggered by Activity
2023-12-14 19:47:32.232 [info] Sync started.
2023-12-14 19:47:32.357 [info] Settings: No changes found during synchronizing settings.
2023-12-14 19:47:32.361 [info] Keybindings: No changes found during synchronizing keybindings.
2023-12-14 19:47:32.363 [info] Snippets: No changes found during synchronizing snippets.
2023-12-14 19:47:32.365 [info] Tasks: No changes found during synchronizing tasks.
2023-12-14 19:47:32.369 [info] GlobalState: No changes found during synchronizing ui state.
2023-12-14 19:47:32.442 [info] Extensions: No changes found during synchronizing extensions.
2023-12-14 19:47:32.443 [info] Profiles: No changes found during synchronizing profiles.
2023-12-14 19:47:32.445 [info] Sync done. Took 214ms
2023-12-14 19:47:50.311 [info] Auto Sync: Triggered by Activity
2023-12-14 19:47:50.311 [info] Sync started.
2023-12-14 19:47:50.500 [info] Settings: No changes found during synchronizing settings.
2023-12-14 19:47:50.505 [info] Keybindings: No changes found during synchronizing keybindings.
2023-12-14 19:47:50.509 [info] Snippets: No changes found during synchronizing snippets.
2023-12-14 19:47:50.511 [info] Tasks: No changes found during synchronizing tasks.
2023-12-14 19:47:50.515 [info] GlobalState: No changes found during synchronizing ui state.
2023-12-14 19:47:50.581 [info] Extensions: No changes found during synchronizing extensions.
2023-12-14 19:47:50.582 [info] Profiles: No changes found during synchronizing profiles.
2023-12-14 19:47:50.583 [info] Sync done. Took 272ms
2023-12-14 19:48:38.130 [info] Auto Sync: Triggered by Activity
2023-12-14 19:48:38.131 [info] Sync started.
2023-12-14 19:48:38.289 [info] Settings: No changes found during synchronizing settings.
2023-12-14 19:48:38.294 [info] Keybindings: No changes found during synchronizing keybindings.
2023-12-14 19:48:38.297 [info] Snippets: No changes found during synchronizing snippets.
2023-12-14 19:48:38.300 [info] Tasks: No changes found during synchronizing tasks.
2023-12-14 19:48:38.309 [info] GlobalState: No changes found during synchronizing ui state.
2023-12-14 19:48:38.434 [info] Extensions: No changes found during synchronizing extensions.
2023-12-14 19:48:38.436 [info] Profiles: No changes found during synchronizing profiles.
2023-12-14 19:48:38.437 [info] Sync done. Took 308ms
2023-12-14 19:49:23.137 [info] Auto Sync: Triggered by Activity
2023-12-14 19:49:23.137 [info] Sync started.
2023-12-14 19:49:23.288 [info] Settings: No changes found during synchronizing settings.
2023-12-14 19:49:23.291 [info] Keybindings: No changes found during synchronizing keybindings.
2023-12-14 19:49:23.295 [info] Snippets: No changes found during synchronizing snippets.
2023-12-14 19:49:23.298 [info] Tasks: No changes found during synchronizing tasks.
2023-12-14 19:49:23.302 [info] GlobalState: No changes found during synchronizing ui state.
2023-12-14 19:49:23.382 [info] Extensions: No changes found during synchronizing extensions.
2023-12-14 19:49:23.383 [info] Profiles: No changes found during synchronizing profiles.
2023-12-14 19:49:23.384 [info] Sync done. Took 248ms
2023-12-14 19:49:54.106 [info] Auto Sync: Triggered by Activity
2023-12-14 19:49:54.106 [info] Sync started.
2023-12-14 19:49:54.249 [info] Settings: No changes found during synchronizing settings.
2023-12-14 19:49:54.253 [info] Keybindings: No changes found during synchronizing keybindings.
2023-12-14 19:49:54.255 [info] Snippets: No changes found during synchronizing snippets.
2023-12-14 19:49:54.257 [info] Tasks: No changes found during synchronizing tasks.
2023-12-14 19:49:54.262 [info] GlobalState: No changes found during synchronizing ui state.
2023-12-14 19:49:54.331 [info] Extensions: No changes found during synchronizing extensions.
2023-12-14 19:49:54.333 [info] Profiles: No changes found during synchronizing profiles.
2023-12-14 19:49:54.334 [info] Sync done. Took 228ms
2023-12-14 19:50:09.831 [info] Auto Sync: Triggered by Activity
2023-12-14 19:50:09.831 [info] Sync started.
2023-12-14 19:50:09.947 [info] Settings: No changes found during synchronizing settings.
2023-12-14 19:50:09.950 [info] Keybindings: No changes found during synchronizing keybindings.
2023-12-14 19:50:09.952 [info] Snippets: No changes found during synchronizing snippets.
2023-12-14 19:50:09.954 [info] Tasks: No changes found during synchronizing tasks.
2023-12-14 19:50:09.958 [info] GlobalState: No changes found during synchronizing ui state.
2023-12-14 19:50:10.052 [info] Extensions: No changes found during synchronizing extensions.
2023-12-14 19:50:10.054 [info] Profiles: No changes found during synchronizing profiles.
2023-12-14 19:50:10.056 [info] Sync done. Took 225ms
2023-12-14 19:50:54.464 [info] Auto Sync: Triggered by Activity
2023-12-14 19:50:54.465 [info] Sync started.
2023-12-14 19:50:54.582 [info] Settings: No changes found during synchronizing settings.
2023-12-14 19:50:54.585 [info] Keybindings: No changes found during synchronizing keybindings.
2023-12-14 19:50:54.588 [info] Snippets: No changes found during synchronizing snippets.
2023-12-14 19:50:54.591 [info] Tasks: No changes found during synchronizing tasks.
2023-12-14 19:50:54.595 [info] GlobalState: No changes found during synchronizing ui state.
2023-12-14 19:50:54.673 [info] Extensions: No changes found during synchronizing extensions.
2023-12-14 19:50:54.674 [info] Profiles: No changes found during synchronizing profiles.
2023-12-14 19:50:54.675 [info] Sync done. Took 211ms
2023-12-14 19:51:31.414 [info] Auto Sync: Triggered by Activity
2023-12-14 19:51:31.414 [info] Sync started.
2023-12-14 19:51:31.541 [info] Settings: No changes found during synchronizing settings.
2023-12-14 19:51:31.543 [info] Keybindings: No changes found during synchronizing keybindings.
2023-12-14 19:51:31.546 [info] Snippets: No changes found during synchronizing snippets.
2023-12-14 19:51:31.548 [info] Tasks: No changes found during synchronizing tasks.
2023-12-14 19:51:31.553 [info] GlobalState: No changes found during synchronizing ui state.
2023-12-14 19:51:31.625 [info] Extensions: No changes found during synchronizing extensions.
2023-12-14 19:51:31.629 [info] Profiles: No changes found during synchronizing profiles.
2023-12-14 19:51:31.630 [info] Sync done. Took 217ms
2023-12-14 19:52:24.042 [info] Auto Sync: Triggered by Activity
2023-12-14 19:52:24.043 [info] Sync started.
2023-12-14 19:52:24.240 [info] Settings: No changes found during synchronizing settings.
2023-12-14 19:52:24.242 [info] Keybindings: No changes found during synchronizing keybindings.
2023-12-14 19:52:24.245 [info] Snippets: No changes found during synchronizing snippets.
2023-12-14 19:52:24.248 [info] Tasks: No changes found during synchronizing tasks.
2023-12-14 19:52:24.251 [info] GlobalState: No changes found during synchronizing ui state.
2023-12-14 19:52:24.327 [info] Extensions: No changes found during synchronizing extensions.
2023-12-14 19:52:24.328 [info] Profiles: No changes found during synchronizing profiles.
2023-12-14 19:52:24.329 [info] Sync done. Took 287ms
2023-12-14 19:52:41.767 [info] Auto Sync: Triggered by Activity
2023-12-14 19:52:41.767 [info] Sync started.
2023-12-14 19:52:41.869 [info] Settings: No changes found during synchronizing settings.
2023-12-14 19:52:41.872 [info] Keybindings: No changes found during synchronizing keybindings.
2023-12-14 19:52:41.875 [info] Snippets: No changes found during synchronizing snippets.
2023-12-14 19:52:41.878 [info] Tasks: No changes found during synchronizing tasks.
2023-12-14 19:52:41.883 [info] GlobalState: No changes found during synchronizing ui state.
2023-12-14 19:52:41.978 [info] Extensions: No changes found during synchronizing extensions.
2023-12-14 19:52:41.979 [info] Profiles: No changes found during synchronizing profiles.
2023-12-14 19:52:41.980 [info] Sync done. Took 214ms
2023-12-14 19:55:04.764 [info] Auto Sync: Triggered by Activity
2023-12-14 19:55:04.764 [info] Sync started.
2023-12-14 19:55:05.381 [info] Settings: No changes found during synchronizing settings.
2023-12-14 19:55:05.387 [info] Keybindings: No changes found during synchronizing keybindings.
2023-12-14 19:55:05.392 [info] Snippets: No changes found during synchronizing snippets.
2023-12-14 19:55:05.397 [info] Tasks: No changes found during synchronizing tasks.
2023-12-14 19:55:05.403 [info] GlobalState: No changes found during synchronizing ui state.
2023-12-14 19:55:05.516 [info] Extensions: No changes found during synchronizing extensions.
2023-12-14 19:55:05.518 [info] Profiles: No changes found during synchronizing profiles.
2023-12-14 19:55:05.520 [info] Sync done. Took 756ms
2023-12-14 19:55:22.161 [info] Auto Sync: Triggered by Activity
2023-12-14 19:55:22.161 [info] Sync started.
2023-12-14 19:55:22.300 [info] Settings: No changes found during synchronizing settings.
2023-12-14 19:55:22.305 [info] Keybindings: No changes found during synchronizing keybindings.
2023-12-14 19:55:22.309 [info] Snippets: No changes found during synchronizing snippets.
2023-12-14 19:55:22.313 [info] Tasks: No changes found during synchronizing tasks.
2023-12-14 19:55:22.321 [info] GlobalState: No changes found during synchronizing ui state.
2023-12-14 19:55:22.414 [info] Extensions: No changes found during synchronizing extensions.
2023-12-14 19:55:22.415 [info] Profiles: No changes found during synchronizing profiles.
2023-12-14 19:55:22.417 [info] Sync done. Took 256ms
2023-12-14 19:56:34.713 [info] Auto Sync: Triggered by Activity
2023-12-14 19:56:34.714 [info] Sync started.
2023-12-14 19:56:34.885 [info] Settings: No changes found during synchronizing settings.
2023-12-14 19:56:34.889 [info] Keybindings: No changes found during synchronizing keybindings.
2023-12-14 19:56:34.895 [info] Snippets: No changes found during synchronizing snippets.
2023-12-14 19:56:34.899 [info] Tasks: No changes found during synchronizing tasks.
2023-12-14 19:56:34.906 [info] GlobalState: No changes found during synchronizing ui state.
2023-12-14 19:56:35.011 [info] Extensions: No changes found during synchronizing extensions.
2023-12-14 19:56:35.015 [info] Profiles: No changes found during synchronizing profiles.
2023-12-14 19:56:35.017 [info] Sync done. Took 304ms
2023-12-14 19:57:16.038 [info] Auto Sync: Triggered by Activity
2023-12-14 19:57:16.038 [info] Sync started.
2023-12-14 19:57:16.167 [info] Settings: No changes found during synchronizing settings.
2023-12-14 19:57:16.170 [info] Keybindings: No changes found during synchronizing keybindings.
2023-12-14 19:57:16.172 [info] Snippets: No changes found during synchronizing snippets.
2023-12-14 19:57:16.175 [info] Tasks: No changes found during synchronizing tasks.
2023-12-14 19:57:16.180 [info] GlobalState: No changes found during synchronizing ui state.
2023-12-14 19:57:16.259 [info] Extensions: No changes found during synchronizing extensions.
2023-12-14 19:57:16.262 [info] Profiles: No changes found during synchronizing profiles.
2023-12-14 19:57:16.263 [info] Sync done. Took 225ms
2023-12-14 19:57:31.439 [info] Auto Sync: Triggered by Activity
2023-12-14 19:57:31.439 [info] Sync started.
2023-12-14 19:57:31.777 [info] Settings: No changes found during synchronizing settings.
2023-12-14 19:57:31.782 [info] Keybindings: No changes found during synchronizing keybindings.
2023-12-14 19:57:31.786 [info] Snippets: No changes found during synchronizing snippets.
2023-12-14 19:57:31.789 [info] Tasks: No changes found during synchronizing tasks.
2023-12-14 19:57:31.798 [info] GlobalState: No changes found during synchronizing ui state.
2023-12-14 19:57:31.922 [info] Extensions: No changes found during synchronizing extensions.
2023-12-14 19:57:31.923 [info] Profiles: No changes found during synchronizing profiles.
2023-12-14 19:57:31.925 [info] Sync done. Took 486ms
2023-12-14 19:58:14.154 [info] Auto Sync: Triggered by Activity
2023-12-14 19:58:14.155 [info] Sync started.
2023-12-14 19:58:14.294 [info] Settings: No changes found during synchronizing settings.
2023-12-14 19:58:14.297 [info] Keybindings: No changes found during synchronizing keybindings.
2023-12-14 19:58:14.300 [info] Snippets: No changes found during synchronizing snippets.
2023-12-14 19:58:14.303 [info] Tasks: No changes found during synchronizing tasks.
2023-12-14 19:58:14.309 [info] GlobalState: No changes found during synchronizing ui state.
2023-12-14 19:58:14.383 [info] Extensions: No changes found during synchronizing extensions.
2023-12-14 19:58:14.385 [info] Profiles: No changes found during synchronizing profiles.
2023-12-14 19:58:14.386 [info] Sync done. Took 232ms
2023-12-14 19:58:35.377 [info] Auto Sync: Triggered by Activity
2023-12-14 19:58:35.377 [info] Sync started.
2023-12-14 19:58:35.625 [info] Settings: No changes found during synchronizing settings.
2023-12-14 19:58:35.629 [info] Keybindings: No changes found during synchronizing keybindings.
2023-12-14 19:58:35.634 [info] Snippets: No changes found during synchronizing snippets.
2023-12-14 19:58:35.638 [info] Tasks: No changes found during synchronizing tasks.
2023-12-14 19:58:35.648 [info] GlobalState: No changes found during synchronizing ui state.
2023-12-14 19:58:35.720 [info] Extensions: No changes found during synchronizing extensions.
2023-12-14 19:58:35.721 [info] Profiles: No changes found during synchronizing profiles.
2023-12-14 19:58:35.722 [info] Sync done. Took 345ms
2023-12-14 19:59:07.021 [info] Auto Sync: Triggered by Activity
2023-12-14 19:59:07.021 [info] Sync started.
2023-12-14 19:59:07.341 [info] Settings: No changes found during synchronizing settings.
2023-12-14 19:59:07.345 [info] Keybindings: No changes found during synchronizing keybindings.
2023-12-14 19:59:07.348 [info] Snippets: No changes found during synchronizing snippets.
2023-12-14 19:59:07.350 [info] Tasks: No changes found during synchronizing tasks.
2023-12-14 19:59:07.357 [info] GlobalState: No changes found during synchronizing ui state.
2023-12-14 19:59:07.473 [info] Extensions: No changes found during synchronizing extensions.
2023-12-14 19:59:07.475 [info] Profiles: No changes found during synchronizing profiles.
2023-12-14 19:59:07.476 [info] Sync done. Took 455ms
2023-12-14 19:59:34.087 [info] Auto Sync: Triggered by Activity
2023-12-14 19:59:34.088 [info] Sync started.
2023-12-14 19:59:34.391 [info] Settings: No changes found during synchronizing settings.
2023-12-14 19:59:34.394 [info] Keybindings: No changes found during synchronizing keybindings.
2023-12-14 19:59:34.398 [info] Snippets: No changes found during synchronizing snippets.
2023-12-14 19:59:34.400 [info] Tasks: No changes found during synchronizing tasks.
2023-12-14 19:59:34.405 [info] GlobalState: No changes found during synchronizing ui state.
2023-12-14 19:59:34.482 [info] Extensions: No changes found during synchronizing extensions.
2023-12-14 19:59:34.484 [info] Profiles: No changes found during synchronizing profiles.
2023-12-14 19:59:34.485 [info] Sync done. Took 398ms
2023-12-14 20:00:03.356 [info] Auto Sync: Triggered by Activity
2023-12-14 20:00:03.357 [info] Sync started.
2023-12-14 20:00:03.661 [info] Settings: No changes found during synchronizing settings.
2023-12-14 20:00:03.665 [info] Keybindings: No changes found during synchronizing keybindings.
2023-12-14 20:00:03.667 [info] Snippets: No changes found during synchronizing snippets.
2023-12-14 20:00:03.670 [info] Tasks: No changes found during synchronizing tasks.
2023-12-14 20:00:03.674 [info] GlobalState: No changes found during synchronizing ui state.
2023-12-14 20:00:03.753 [info] Extensions: No changes found during synchronizing extensions.
2023-12-14 20:00:03.758 [info] Profiles: No changes found during synchronizing profiles.
2023-12-14 20:00:03.760 [info] Sync done. Took 404ms
2023-12-14 20:00:19.214 [info] Auto Sync: Triggered by Activity
2023-12-14 20:00:19.214 [info] Sync started.
2023-12-14 20:00:19.436 [info] Settings: No changes found during synchronizing settings.
2023-12-14 20:00:19.441 [info] Keybindings: No changes found during synchronizing keybindings.
2023-12-14 20:00:19.446 [info] Snippets: No changes found during synchronizing snippets.
2023-12-14 20:00:19.450 [info] Tasks: No changes found during synchronizing tasks.
2023-12-14 20:00:19.458 [info] GlobalState: No changes found during synchronizing ui state.
2023-12-14 20:00:19.560 [info] Extensions: No changes found during synchronizing extensions.
2023-12-14 20:00:19.562 [info] Profiles: No changes found during synchronizing profiles.
2023-12-14 20:00:19.563 [info] Sync done. Took 349ms
2023-12-14 20:01:42.820 [info] Auto Sync: Triggered by Activity
2023-12-14 20:01:42.820 [info] Sync started.
2023-12-14 20:01:43.005 [info] Settings: No changes found during synchronizing settings.
2023-12-14 20:01:43.010 [info] Keybindings: No changes found during synchronizing keybindings.
2023-12-14 20:01:43.014 [info] Snippets: No changes found during synchronizing snippets.
2023-12-14 20:01:43.019 [info] Tasks: No changes found during synchronizing tasks.
2023-12-14 20:01:43.027 [info] GlobalState: No changes found during synchronizing ui state.
2023-12-14 20:01:43.131 [info] Extensions: No changes found during synchronizing extensions.
2023-12-14 20:01:43.133 [info] Profiles: No changes found during synchronizing profiles.
2023-12-14 20:01:43.135 [info] Sync done. Took 315ms
2023-12-14 20:02:38.088 [info] Auto Sync: Triggered by Activity
2023-12-14 20:02:38.088 [info] Sync started.
2023-12-14 20:02:38.233 [info] Settings: No changes found during synchronizing settings.
2023-12-14 20:02:38.238 [info] Keybindings: No changes found during synchronizing keybindings.
2023-12-14 20:02:38.243 [info] Snippets: No changes found during synchronizing snippets.
2023-12-14 20:02:38.247 [info] Tasks: No changes found during synchronizing tasks.
2023-12-14 20:02:38.254 [info] GlobalState: No changes found during synchronizing ui state.
2023-12-14 20:02:38.354 [info] Extensions: No changes found during synchronizing extensions.
2023-12-14 20:02:38.356 [info] Profiles: No changes found during synchronizing profiles.
2023-12-14 20:02:38.357 [info] Sync done. Took 271ms
2023-12-14 20:03:07.504 [info] Auto Sync: Triggered by Activity
2023-12-14 20:03:07.504 [info] Sync started.
2023-12-14 20:03:07.782 [info] Settings: No changes found during synchronizing settings.
2023-12-14 20:03:07.787 [info] Keybindings: No changes found during synchronizing keybindings.
2023-12-14 20:03:07.791 [info] Snippets: No changes found during synchronizing snippets.
2023-12-14 20:03:07.794 [info] Tasks: No changes found during synchronizing tasks.
2023-12-14 20:03:07.801 [info] GlobalState: No changes found during synchronizing ui state.
2023-12-14 20:03:07.931 [info] Extensions: No changes found during synchronizing extensions.
2023-12-14 20:03:07.932 [info] Profiles: No changes found during synchronizing profiles.
2023-12-14 20:03:07.933 [info] Sync done. Took 430ms
2023-12-14 20:03:52.720 [info] Auto Sync: Triggered by Activity
2023-12-14 20:03:52.721 [info] Sync started.
2023-12-14 20:03:53.055 [info] Settings: No changes found during synchronizing settings.
2023-12-14 20:03:53.059 [info] Keybindings: No changes found during synchronizing keybindings.
2023-12-14 20:03:53.063 [info] Snippets: No changes found during synchronizing snippets.
2023-12-14 20:03:53.066 [info] Tasks: No changes found during synchronizing tasks.
2023-12-14 20:03:53.075 [info] GlobalState: No changes found during synchronizing ui state.
2023-12-14 20:03:53.170 [info] Extensions: No changes found during synchronizing extensions.
2023-12-14 20:03:53.171 [info] Profiles: No changes found during synchronizing profiles.
2023-12-14 20:03:53.173 [info] Sync done. Took 453ms
2023-12-14 20:05:00.583 [info] Auto Sync: Triggered by Activity
2023-12-14 20:05:00.584 [info] Sync started.
2023-12-14 20:05:00.732 [info] Settings: No changes found during synchronizing settings.
2023-12-14 20:05:00.736 [info] Keybindings: No changes found during synchronizing keybindings.
2023-12-14 20:05:00.739 [info] Snippets: No changes found during synchronizing snippets.
2023-12-14 20:05:00.741 [info] Tasks: No changes found during synchronizing tasks.
2023-12-14 20:05:00.746 [info] GlobalState: No changes found during synchronizing ui state.
2023-12-14 20:05:00.828 [info] Extensions: No changes found during synchronizing extensions.
2023-12-14 20:05:00.830 [info] Profiles: No changes found during synchronizing profiles.
2023-12-14 20:05:00.831 [info] Sync done. Took 248ms
2023-12-14 20:05:30.655 [info] Auto Sync: Triggered by Activity
2023-12-14 20:05:30.655 [info] Sync started.
2023-12-14 20:05:30.794 [info] Settings: No changes found during synchronizing settings.
2023-12-14 20:05:30.800 [info] Keybindings: No changes found during synchronizing keybindings.
2023-12-14 20:05:30.804 [info] Snippets: No changes found during synchronizing snippets.
2023-12-14 20:05:30.807 [info] Tasks: No changes found during synchronizing tasks.
2023-12-14 20:05:30.813 [info] GlobalState: No changes found during synchronizing ui state.
2023-12-14 20:05:30.916 [info] Extensions: No changes found during synchronizing extensions.
2023-12-14 20:05:30.917 [info] Profiles: No changes found during synchronizing profiles.
2023-12-14 20:05:30.919 [info] Sync done. Took 263ms
2023-12-14 20:07:48.571 [info] Auto Sync: Triggered by Activity
2023-12-14 20:07:48.571 [info] Sync started.
2023-12-14 20:07:49.032 [info] Settings: No changes found during synchronizing settings.
2023-12-14 20:07:49.037 [info] Keybindings: No changes found during synchronizing keybindings.
2023-12-14 20:07:49.040 [info] Snippets: No changes found during synchronizing snippets.
2023-12-14 20:07:49.042 [info] Tasks: No changes found during synchronizing tasks.
2023-12-14 20:07:49.046 [info] GlobalState: No changes found during synchronizing ui state.
2023-12-14 20:07:49.114 [info] Extensions: No changes found during synchronizing extensions.
2023-12-14 20:07:49.115 [info] Profiles: No changes found during synchronizing profiles.
2023-12-14 20:07:49.116 [info] Sync done. Took 545ms
2023-12-14 20:08:37.149 [info] Auto Sync: Triggered by Activity
2023-12-14 20:08:37.149 [info] Sync started.
2023-12-14 20:08:37.458 [info] Settings: No changes found during synchronizing settings.
2023-12-14 20:08:37.461 [info] Keybindings: No changes found during synchronizing keybindings.
2023-12-14 20:08:37.464 [info] Snippets: No changes found during synchronizing snippets.
2023-12-14 20:08:37.466 [info] Tasks: No changes found during synchronizing tasks.
2023-12-14 20:08:37.471 [info] GlobalState: No changes found during synchronizing ui state.
2023-12-14 20:08:37.561 [info] Extensions: No changes found during synchronizing extensions.
2023-12-14 20:08:37.561 [info] Profiles: No changes found during synchronizing profiles.
2023-12-14 20:08:37.563 [info] Sync done. Took 414ms
2023-12-14 20:10:13.540 [info] Auto Sync: Triggered by Activity
2023-12-14 20:10:13.542 [info] Sync started.
2023-12-14 20:10:13.763 [info] Settings: No changes found during synchronizing settings.
2023-12-14 20:10:13.767 [info] Keybindings: No changes found during synchronizing keybindings.
2023-12-14 20:10:13.772 [info] Snippets: No changes found during synchronizing snippets.
2023-12-14 20:10:13.775 [info] Tasks: No changes found during synchronizing tasks.
2023-12-14 20:10:13.784 [info] GlobalState: No changes found during synchronizing ui state.
2023-12-14 20:10:13.904 [info] Extensions: No changes found during synchronizing extensions.
2023-12-14 20:10:13.907 [info] Profiles: No changes found during synchronizing profiles.
2023-12-14 20:10:13.908 [info] Sync done. Took 368ms
2023-12-14 20:10:45.940 [info] Auto Sync: Triggered by Activity
2023-12-14 20:10:45.940 [info] Sync started.
2023-12-14 20:10:46.066 [info] Settings: No changes found during synchronizing settings.
2023-12-14 20:10:46.070 [info] Keybindings: No changes found during synchronizing keybindings.
2023-12-14 20:10:46.074 [info] Snippets: No changes found during synchronizing snippets.
2023-12-14 20:10:46.078 [info] Tasks: No changes found during synchronizing tasks.
2023-12-14 20:10:46.087 [info] GlobalState: No changes found during synchronizing ui state.
2023-12-14 20:10:46.166 [info] Extensions: No changes found during synchronizing extensions.
2023-12-14 20:10:46.168 [info] Profiles: No changes found during synchronizing profiles.
2023-12-14 20:10:46.169 [info] Sync done. Took 229ms
2023-12-14 20:11:16.122 [info] Auto Sync: Triggered by Activity
2023-12-14 20:11:16.122 [info] Sync started.
2023-12-14 20:11:16.302 [info] Settings: No changes found during synchronizing settings.
2023-12-14 20:11:16.304 [info] Keybindings: No changes found during synchronizing keybindings.
2023-12-14 20:11:16.307 [info] Snippets: No changes found during synchronizing snippets.
2023-12-14 20:11:16.309 [info] Tasks: No changes found during synchronizing tasks.
2023-12-14 20:11:16.314 [info] GlobalState: No changes found during synchronizing ui state.
2023-12-14 20:11:16.385 [info] Extensions: No changes found during synchronizing extensions.
2023-12-14 20:11:16.386 [info] Profiles: No changes found during synchronizing profiles.
2023-12-14 20:11:16.387 [info] Sync done. Took 266ms
2023-12-14 20:11:59.154 [info] Auto Sync: Triggered by Activity
2023-12-14 20:11:59.154 [info] Sync started.
2023-12-14 20:11:59.274 [info] Settings: No changes found during synchronizing settings.
2023-12-14 20:11:59.277 [info] Keybindings: No changes found during synchronizing keybindings.
2023-12-14 20:11:59.280 [info] Snippets: No changes found during synchronizing snippets.
2023-12-14 20:11:59.282 [info] Tasks: No changes found during synchronizing tasks.
2023-12-14 20:11:59.286 [info] GlobalState: No changes found during synchronizing ui state.
2023-12-14 20:11:59.352 [info] Extensions: No changes found during synchronizing extensions.
2023-12-14 20:11:59.353 [info] Profiles: No changes found during synchronizing profiles.
2023-12-14 20:11:59.354 [info] Sync done. Took 200ms
2023-12-14 20:14:19.952 [info] Auto Sync: Triggered by Activity
2023-12-14 20:14:19.953 [info] Sync started.
2023-12-14 20:14:20.403 [info] Settings: No changes found during synchronizing settings.
2023-12-14 20:14:20.408 [info] Keybindings: No changes found during synchronizing keybindings.
2023-12-14 20:14:20.413 [info] Snippets: No changes found during synchronizing snippets.
2023-12-14 20:14:20.417 [info] Tasks: No changes found during synchronizing tasks.
2023-12-14 20:14:20.425 [info] GlobalState: No changes found during synchronizing ui state.
2023-12-14 20:14:20.554 [info] Extensions: No changes found during synchronizing extensions.
2023-12-14 20:14:20.555 [info] Profiles: No changes found during synchronizing profiles.
2023-12-14 20:14:20.556 [info] Sync done. Took 604ms
2023-12-14 20:14:32.721 [info] Auto Sync: Triggered by Activity
2023-12-14 20:14:32.721 [info] Sync started.
2023-12-14 20:14:32.868 [info] Settings: No changes found during synchronizing settings.
2023-12-14 20:14:32.874 [info] Keybindings: No changes found during synchronizing keybindings.
2023-12-14 20:14:32.877 [info] Snippets: No changes found during synchronizing snippets.
2023-12-14 20:14:32.881 [info] Tasks: No changes found during synchronizing tasks.
2023-12-14 20:14:32.890 [info] GlobalState: No changes found during synchronizing ui state.
2023-12-14 20:14:32.993 [info] Extensions: No changes found during synchronizing extensions.
2023-12-14 20:14:32.994 [info] Profiles: No changes found during synchronizing profiles.
2023-12-14 20:14:32.995 [info] Sync done. Took 275ms
2023-12-14 20:14:54.774 [info] Auto Sync: Triggered by Activity
2023-12-14 20:14:54.774 [info] Sync started.
2023-12-14 20:14:54.953 [info] Settings: No changes found during synchronizing settings.
2023-12-14 20:14:54.956 [info] Keybindings: No changes found during synchronizing keybindings.
2023-12-14 20:14:54.959 [info] Snippets: No changes found during synchronizing snippets.
2023-12-14 20:14:54.962 [info] Tasks: No changes found during synchronizing tasks.
2023-12-14 20:14:54.967 [info] GlobalState: No changes found during synchronizing ui state.
2023-12-14 20:14:55.042 [info] Extensions: No changes found during synchronizing extensions.
2023-12-14 20:14:55.044 [info] Profiles: No changes found during synchronizing profiles.
2023-12-14 20:14:55.046 [info] Sync done. Took 272ms
2023-12-14 20:15:44.600 [info] Auto Sync: Triggered by Activity
2023-12-14 20:15:44.600 [info] Sync started.
2023-12-14 20:15:44.958 [info] Settings: No changes found during synchronizing settings.
2023-12-14 20:15:44.962 [info] Keybindings: No changes found during synchronizing keybindings.
2023-12-14 20:15:44.964 [info] Snippets: No changes found during synchronizing snippets.
2023-12-14 20:15:44.966 [info] Tasks: No changes found during synchronizing tasks.
2023-12-14 20:15:44.970 [info] GlobalState: No changes found during synchronizing ui state.
2023-12-14 20:15:45.053 [info] Extensions: No changes found during synchronizing extensions.
2023-12-14 20:15:45.055 [info] Profiles: No changes found during synchronizing profiles.
2023-12-14 20:15:45.057 [info] Sync done. Took 457ms
2023-12-14 20:16:31.581 [info] Auto Sync: Triggered by Activity
2023-12-14 20:16:31.582 [info] Sync started.
2023-12-14 20:16:31.844 [info] Settings: No changes found during synchronizing settings.
2023-12-14 20:16:31.850 [info] Keybindings: No changes found during synchronizing keybindings.
2023-12-14 20:16:31.855 [info] Snippets: No changes found during synchronizing snippets.
2023-12-14 20:16:31.859 [info] Tasks: No changes found during synchronizing tasks.
2023-12-14 20:16:31.865 [info] GlobalState: No changes found during synchronizing ui state.
2023-12-14 20:16:31.966 [info] Extensions: No changes found during synchronizing extensions.
2023-12-14 20:16:31.968 [info] Profiles: No changes found during synchronizing profiles.
2023-12-14 20:16:31.970 [info] Sync done. Took 389ms
2023-12-14 20:16:47.391 [info] Auto Sync: Triggered by Activity
2023-12-14 20:16:47.391 [info] Sync started.
2023-12-14 20:16:47.548 [info] Settings: No changes found during synchronizing settings.
2023-12-14 20:16:47.553 [info] Keybindings: No changes found during synchronizing keybindings.
2023-12-14 20:16:47.557 [info] Snippets: No changes found during synchronizing snippets.
2023-12-14 20:16:47.561 [info] Tasks: No changes found during synchronizing tasks.
2023-12-14 20:16:47.568 [info] GlobalState: No changes found during synchronizing ui state.
2023-12-14 20:16:47.642 [info] Extensions: No changes found during synchronizing extensions.
2023-12-14 20:16:47.643 [info] Profiles: No changes found during synchronizing profiles.
2023-12-14 20:16:47.646 [info] Sync done. Took 255ms
2023-12-14 20:17:01.379 [info] Auto Sync: Triggered by Activity
2023-12-14 20:17:01.380 [info] Sync started.
2023-12-14 20:17:01.732 [info] Settings: No changes found during synchronizing settings.
2023-12-14 20:17:01.737 [info] Keybindings: No changes found during synchronizing keybindings.
2023-12-14 20:17:01.742 [info] Snippets: No changes found during synchronizing snippets.
2023-12-14 20:17:01.746 [info] Tasks: No changes found during synchronizing tasks.
2023-12-14 20:17:01.756 [info] GlobalState: No changes found during synchronizing ui state.
2023-12-14 20:17:01.855 [info] Extensions: No changes found during synchronizing extensions.
2023-12-14 20:17:01.856 [info] Profiles: No changes found during synchronizing profiles.
2023-12-14 20:17:01.857 [info] Sync done. Took 478ms
2023-12-14 20:17:34.210 [info] Auto Sync: Triggered by Activity
2023-12-14 20:17:34.210 [info] Sync started.
2023-12-14 20:17:34.497 [info] Settings: No changes found during synchronizing settings.
2023-12-14 20:17:34.501 [info] Keybindings: No changes found during synchronizing keybindings.
2023-12-14 20:17:34.505 [info] Snippets: No changes found during synchronizing snippets.
2023-12-14 20:17:34.509 [info] Tasks: No changes found during synchronizing tasks.
2023-12-14 20:17:34.515 [info] GlobalState: No changes found during synchronizing ui state.
2023-12-14 20:17:34.616 [info] Extensions: No changes found during synchronizing extensions.
2023-12-14 20:17:34.618 [info] Profiles: No changes found during synchronizing profiles.
2023-12-14 20:17:34.619 [info] Sync done. Took 409ms
2023-12-14 20:17:50.566 [info] Auto Sync: Triggered by Activity
2023-12-14 20:17:50.567 [info] Sync started.
2023-12-14 20:17:50.778 [info] Settings: No changes found during synchronizing settings.
2023-12-14 20:17:50.781 [info] Keybindings: No changes found during synchronizing keybindings.
2023-12-14 20:17:50.784 [info] Snippets: No changes found during synchronizing snippets.
2023-12-14 20:17:50.786 [info] Tasks: No changes found during synchronizing tasks.
2023-12-14 20:17:50.791 [info] GlobalState: No changes found during synchronizing ui state.
2023-12-14 20:17:50.869 [info] Extensions: No changes found during synchronizing extensions.
2023-12-14 20:17:50.871 [info] Profiles: No changes found during synchronizing profiles.
2023-12-14 20:17:50.872 [info] Sync done. Took 306ms
2023-12-14 20:18:17.170 [info] Auto Sync: Triggered by Activity
2023-12-14 20:18:17.171 [info] Sync started.
2023-12-14 20:18:17.285 [info] Settings: No changes found during synchronizing settings.
2023-12-14 20:18:17.289 [info] Keybindings: No changes found during synchronizing keybindings.
2023-12-14 20:18:17.293 [info] Snippets: No changes found during synchronizing snippets.
2023-12-14 20:18:17.296 [info] Tasks: No changes found during synchronizing tasks.
2023-12-14 20:18:17.304 [info] GlobalState: No changes found during synchronizing ui state.
2023-12-14 20:18:17.376 [info] Extensions: No changes found during synchronizing extensions.
2023-12-14 20:18:17.377 [info] Profiles: No changes found during synchronizing profiles.
2023-12-14 20:18:17.380 [info] Sync done. Took 209ms
2023-12-14 20:18:46.829 [info] Auto Sync: Triggered by Activity
2023-12-14 20:18:46.829 [info] Sync started.
2023-12-14 20:18:46.994 [info] Settings: No changes found during synchronizing settings.
2023-12-14 20:18:46.999 [info] Keybindings: No changes found during synchronizing keybindings.
2023-12-14 20:18:47.004 [info] Snippets: No changes found during synchronizing snippets.
2023-12-14 20:18:47.007 [info] Tasks: No changes found during synchronizing tasks.
2023-12-14 20:18:47.012 [info] GlobalState: No changes found during synchronizing ui state.
2023-12-14 20:18:47.107 [info] Extensions: No changes found during synchronizing extensions.
2023-12-14 20:18:47.110 [info] Profiles: No changes found during synchronizing profiles.
2023-12-14 20:18:47.112 [info] Sync done. Took 283ms
2023-12-14 20:19:15.297 [info] Auto Sync: Triggered by Activity
2023-12-14 20:19:15.297 [info] Sync started.
2023-12-14 20:19:15.463 [info] Settings: No changes found during synchronizing settings.
2023-12-14 20:19:15.466 [info] Keybindings: No changes found during synchronizing keybindings.
2023-12-14 20:19:15.468 [info] Snippets: No changes found during synchronizing snippets.
2023-12-14 20:19:15.470 [info] Tasks: No changes found during synchronizing tasks.
2023-12-14 20:19:15.474 [info] GlobalState: No changes found during synchronizing ui state.
2023-12-14 20:19:15.564 [info] Extensions: No changes found during synchronizing extensions.
2023-12-14 20:19:15.566 [info] Profiles: No changes found during synchronizing profiles.
2023-12-14 20:19:15.567 [info] Sync done. Took 271ms
2023-12-14 20:19:45.888 [info] Auto Sync: Triggered by Activity
2023-12-14 20:19:45.888 [info] Sync started.
2023-12-14 20:19:46.153 [info] Settings: No changes found during synchronizing settings.
2023-12-14 20:19:46.158 [info] Keybindings: No changes found during synchronizing keybindings.
2023-12-14 20:19:46.160 [info] Snippets: No changes found during synchronizing snippets.
2023-12-14 20:19:46.163 [info] Tasks: No changes found during synchronizing tasks.
2023-12-14 20:19:46.167 [info] GlobalState: No changes found during synchronizing ui state.
2023-12-14 20:19:46.254 [info] Extensions: No changes found during synchronizing extensions.
2023-12-14 20:19:46.257 [info] Profiles: No changes found during synchronizing profiles.
2023-12-14 20:19:46.258 [info] Sync done. Took 370ms
2023-12-14 20:20:35.871 [info] Auto Sync: Triggered by Activity
2023-12-14 20:20:35.871 [info] Sync started.
2023-12-14 20:20:36.157 [info] Settings: No changes found during synchronizing settings.
2023-12-14 20:20:36.164 [info] Keybindings: No changes found during synchronizing keybindings.
2023-12-14 20:20:36.171 [info] Snippets: No changes found during synchronizing snippets.
2023-12-14 20:20:36.176 [info] Tasks: No changes found during synchronizing tasks.
2023-12-14 20:20:36.183 [info] GlobalState: No changes found during synchronizing ui state.
2023-12-14 20:20:36.270 [info] Extensions: No changes found during synchronizing extensions.
2023-12-14 20:20:36.272 [info] Profiles: No changes found during synchronizing profiles.
2023-12-14 20:20:36.273 [info] Sync done. Took 402ms
2023-12-14 20:21:35.284 [info] Auto Sync: Triggered by Activity
2023-12-14 20:21:35.285 [info] Sync started.
2023-12-14 20:21:35.544 [info] Settings: No changes found during synchronizing settings.
2023-12-14 20:21:35.547 [info] Keybindings: No changes found during synchronizing keybindings.
2023-12-14 20:21:35.551 [info] Snippets: No changes found during synchronizing snippets.
2023-12-14 20:21:35.554 [info] Tasks: No changes found during synchronizing tasks.
2023-12-14 20:21:35.562 [info] GlobalState: No changes found during synchronizing ui state.
2023-12-14 20:21:35.664 [info] Extensions: No changes found during synchronizing extensions.
2023-12-14 20:21:35.666 [info] Profiles: No changes found during synchronizing profiles.
2023-12-14 20:21:35.667 [info] Sync done. Took 383ms
2023-12-14 20:21:50.455 [info] Auto Sync: Triggered by Activity
2023-12-14 20:21:50.455 [info] Sync started.
2023-12-14 20:21:50.570 [info] Settings: No changes found during synchronizing settings.
2023-12-14 20:21:50.574 [info] Keybindings: No changes found during synchronizing keybindings.
2023-12-14 20:21:50.578 [info] Snippets: No changes found during synchronizing snippets.
2023-12-14 20:21:50.581 [info] Tasks: No changes found during synchronizing tasks.
2023-12-14 20:21:50.589 [info] GlobalState: No changes found during synchronizing ui state.
2023-12-14 20:21:50.711 [info] Extensions: No changes found during synchronizing extensions.
2023-12-14 20:21:50.713 [info] Profiles: No changes found during synchronizing profiles.
2023-12-14 20:21:50.714 [info] Sync done. Took 260ms
2023-12-14 20:22:18.676 [info] Auto Sync: Triggered by Activity
2023-12-14 20:22:18.676 [info] Sync started.
2023-12-14 20:22:18.974 [info] Settings: No changes found during synchronizing settings.
2023-12-14 20:22:18.978 [info] Keybindings: No changes found during synchronizing keybindings.
2023-12-14 20:22:18.982 [info] Snippets: No changes found during synchronizing snippets.
2023-12-14 20:22:18.985 [info] Tasks: No changes found during synchronizing tasks.
2023-12-14 20:22:18.989 [info] GlobalState: No changes found during synchronizing ui state.
2023-12-14 20:22:19.071 [info] Extensions: No changes found during synchronizing extensions.
2023-12-14 20:22:19.074 [info] Profiles: No changes found during synchronizing profiles.
2023-12-14 20:22:19.076 [info] Sync done. Took 400ms
2023-12-14 20:22:48.176 [info] Auto Sync: Triggered by Activity
2023-12-14 20:22:48.176 [info] Sync started.
2023-12-14 20:22:48.461 [info] Settings: No changes found during synchronizing settings.
2023-12-14 20:22:48.466 [info] Keybindings: No changes found during synchronizing keybindings.
2023-12-14 20:22:48.472 [info] Snippets: No changes found during synchronizing snippets.
2023-12-14 20:22:48.475 [info] Tasks: No changes found during synchronizing tasks.
2023-12-14 20:22:48.482 [info] GlobalState: No changes found during synchronizing ui state.
2023-12-14 20:22:48.578 [info] Extensions: No changes found during synchronizing extensions.
2023-12-14 20:22:48.579 [info] Profiles: No changes found during synchronizing profiles.
2023-12-14 20:22:48.581 [info] Sync done. Took 405ms
2023-12-14 20:23:03.835 [info] Auto Sync: Triggered by Activity
2023-12-14 20:23:03.836 [info] Sync started.
2023-12-14 20:23:04.020 [info] Settings: No changes found during synchronizing settings.
2023-12-14 20:23:04.025 [info] Keybindings: No changes found during synchronizing keybindings.
2023-12-14 20:23:04.029 [info] Snippets: No changes found during synchronizing snippets.
2023-12-14 20:23:04.033 [info] Tasks: No changes found during synchronizing tasks.
2023-12-14 20:23:04.040 [info] GlobalState: No changes found during synchronizing ui state.
2023-12-14 20:23:04.130 [info] Extensions: No changes found during synchronizing extensions.
2023-12-14 20:23:04.131 [info] Profiles: No changes found during synchronizing profiles.
2023-12-14 20:23:04.132 [info] Sync done. Took 297ms
2023-12-14 20:23:18.307 [info] Auto Sync: Triggered by Activity
2023-12-14 20:23:18.307 [info] Sync started.
2023-12-14 20:23:18.561 [info] Settings: No changes found during synchronizing settings.
2023-12-14 20:23:18.566 [info] Keybindings: No changes found during synchronizing keybindings.
2023-12-14 20:23:18.570 [info] Snippets: No changes found during synchronizing snippets.
2023-12-14 20:23:18.574 [info] Tasks: No changes found during synchronizing tasks.
2023-12-14 20:23:18.579 [info] GlobalState: No changes found during synchronizing ui state.
2023-12-14 20:23:18.651 [info] Extensions: No changes found during synchronizing extensions.
2023-12-14 20:23:18.652 [info] Profiles: No changes found during synchronizing profiles.
2023-12-14 20:23:18.654 [info] Sync done. Took 347ms
2023-12-14 20:23:37.538 [info] Auto Sync: Triggered by Activity
2023-12-14 20:23:37.539 [info] Sync started.
2023-12-14 20:23:37.819 [info] Settings: No changes found during synchronizing settings.
2023-12-14 20:23:37.823 [info] Keybindings: No changes found during synchronizing keybindings.
2023-12-14 20:23:37.826 [info] Snippets: No changes found during synchronizing snippets.
2023-12-14 20:23:37.829 [info] Tasks: No changes found during synchronizing tasks.
2023-12-14 20:23:37.832 [info] GlobalState: No changes found during synchronizing ui state.
2023-12-14 20:23:37.908 [info] Extensions: No changes found during synchronizing extensions.
2023-12-14 20:23:37.912 [info] Profiles: No changes found during synchronizing profiles.
2023-12-14 20:23:37.914 [info] Sync done. Took 375ms
2023-12-14 20:24:00.002 [info] Auto Sync: Triggered by Activity
2023-12-14 20:24:00.003 [info] Sync started.
2023-12-14 20:24:00.182 [info] Settings: No changes found during synchronizing settings.
2023-12-14 20:24:00.186 [info] Keybindings: No changes found during synchronizing keybindings.
2023-12-14 20:24:00.188 [info] Snippets: No changes found during synchronizing snippets.
2023-12-14 20:24:00.190 [info] Tasks: No changes found during synchronizing tasks.
2023-12-14 20:24:00.194 [info] GlobalState: No changes found during synchronizing ui state.
2023-12-14 20:24:00.272 [info] Extensions: No changes found during synchronizing extensions.
2023-12-14 20:24:00.273 [info] Profiles: No changes found during synchronizing profiles.
2023-12-14 20:24:00.274 [info] Sync done. Took 273ms
2023-12-14 20:25:10.764 [info] Auto Sync: Triggered by Activity
2023-12-14 20:25:10.765 [info] Sync started.
2023-12-14 20:25:10.998 [info] Settings: No changes found during synchronizing settings.
2023-12-14 20:25:11.003 [info] Keybindings: No changes found during synchronizing keybindings.
2023-12-14 20:25:11.009 [info] Snippets: No changes found during synchronizing snippets.
2023-12-14 20:25:11.015 [info] Tasks: No changes found during synchronizing tasks.
2023-12-14 20:25:11.024 [info] GlobalState: No changes found during synchronizing ui state.
2023-12-14 20:25:11.125 [info] Extensions: No changes found during synchronizing extensions.
2023-12-14 20:25:11.126 [info] Profiles: No changes found during synchronizing profiles.
2023-12-14 20:25:11.127 [info] Sync done. Took 364ms
2023-12-14 20:25:53.570 [info] Auto Sync: Triggered by Activity
2023-12-14 20:25:53.570 [info] Sync started.
2023-12-14 20:25:53.716 [info] Settings: No changes found during synchronizing settings.
2023-12-14 20:25:53.720 [info] Keybindings: No changes found during synchronizing keybindings.
2023-12-14 20:25:53.724 [info] Snippets: No changes found during synchronizing snippets.
2023-12-14 20:25:53.729 [info] Tasks: No changes found during synchronizing tasks.
2023-12-14 20:25:53.737 [info] GlobalState: No changes found during synchronizing ui state.
2023-12-14 20:25:53.832 [info] Extensions: No changes found during synchronizing extensions.
2023-12-14 20:25:53.834 [info] Profiles: No changes found during synchronizing profiles.
2023-12-14 20:25:53.835 [info] Sync done. Took 265ms
2023-12-14 20:26:07.504 [info] Auto Sync: Triggered by Activity
2023-12-14 20:26:07.504 [info] Sync started.
2023-12-14 20:26:07.630 [info] Settings: No changes found during synchronizing settings.
2023-12-14 20:26:07.636 [info] Keybindings: No changes found during synchronizing keybindings.
2023-12-14 20:26:07.640 [info] Snippets: No changes found during synchronizing snippets.
2023-12-14 20:26:07.643 [info] Tasks: No changes found during synchronizing tasks.
2023-12-14 20:26:07.650 [info] GlobalState: No changes found during synchronizing ui state.
2023-12-14 20:26:07.747 [info] Extensions: No changes found during synchronizing extensions.
2023-12-14 20:26:07.748 [info] Profiles: No changes found during synchronizing profiles.
2023-12-14 20:26:07.749 [info] Sync done. Took 246ms
2023-12-14 20:27:03.177 [info] Auto Sync: Triggered by Activity
2023-12-14 20:27:03.177 [info] Sync started.
2023-12-14 20:27:03.431 [info] Settings: No changes found during synchronizing settings.
2023-12-14 20:27:03.435 [info] Keybindings: No changes found during synchronizing keybindings.
2023-12-14 20:27:03.439 [info] Snippets: No changes found during synchronizing snippets.
2023-12-14 20:27:03.442 [info] Tasks: No changes found during synchronizing tasks.
2023-12-14 20:27:03.450 [info] GlobalState: No changes found during synchronizing ui state.
2023-12-14 20:27:03.578 [info] Extensions: No changes found during synchronizing extensions.
2023-12-14 20:27:03.581 [info] Profiles: No changes found during synchronizing profiles.
2023-12-14 20:27:03.582 [info] Sync done. Took 405ms
2023-12-14 20:28:05.732 [info] Auto Sync: Triggered by Activity
2023-12-14 20:28:05.732 [info] Sync started.
2023-12-14 20:28:06.105 [info] Settings: No changes found during synchronizing settings.
2023-12-14 20:28:06.108 [info] Keybindings: No changes found during synchronizing keybindings.
2023-12-14 20:28:06.112 [info] Snippets: No changes found during synchronizing snippets.
2023-12-14 20:28:06.115 [info] Tasks: No changes found during synchronizing tasks.
2023-12-14 20:28:06.122 [info] GlobalState: No changes found during synchronizing ui state.
2023-12-14 20:28:06.237 [info] Extensions: No changes found during synchronizing extensions.
2023-12-14 20:28:06.238 [info] Profiles: No changes found during synchronizing profiles.
2023-12-14 20:28:06.240 [info] Sync done. Took 508ms
