2023-12-13 20:43:00.374 [info] Log level: Info
2023-12-13 20:43:00.374 [info] Validating found git in: "git"
2023-12-13 20:43:00.374 [info] Using git "2.43.0" from "git"
2023-12-13 20:43:00.374 [info] > git rev-parse --show-toplevel [4ms]
2023-12-13 20:43:00.374 [info] > git rev-parse --git-dir --git-common-dir [1ms]
2023-12-13 20:43:00.374 [info] Open repository: /home/kofta/configs
2023-12-13 20:43:00.374 [info] > git config --get commit.template [9ms]
2023-12-13 20:43:00.374 [info] > git rev-parse --show-toplevel [3ms]
2023-12-13 20:43:00.374 [info] > git for-each-ref --format=%(refname)%00%(upstream:short)%00%(objectname)%00%(upstream:track)%00%(upstream:remotename)%00%(upstream:remoteref) refs/heads/main refs/remotes/main [10ms]
2023-12-13 20:43:00.374 [info] > git rev-parse --show-toplevel [4ms]
2023-12-13 20:43:00.412 [info] > git status -z -uall [30ms]
2023-12-13 20:43:00.433 [info] > git config --get commit.template [3ms]
2023-12-13 20:43:00.549 [info] > git for-each-ref --format=%(refname)%00%(upstream:short)%00%(objectname)%00%(upstream:track)%00%(upstream:remotename)%00%(upstream:remoteref) refs/heads/main refs/remotes/main [25ms]
2023-12-13 20:43:00.599 [info] > git status -z -uall [27ms]
2023-12-13 20:43:01.005 [info] > git check-ignore -v -z --stdin [2ms]
2023-12-13 20:43:02.767 [info] > git config --get commit.template [10ms]
2023-12-13 20:43:02.768 [info] > git for-each-ref --format=%(refname)%00%(upstream:short)%00%(objectname)%00%(upstream:track)%00%(upstream:remotename)%00%(upstream:remoteref) refs/heads/main refs/remotes/main [2ms]
2023-12-13 20:43:02.795 [info] > git status -z -uall [19ms]
2023-12-13 20:43:07.832 [info] > git config --get commit.template [15ms]
2023-12-13 20:43:07.834 [info] > git for-each-ref --format=%(refname)%00%(upstream:short)%00%(objectname)%00%(upstream:track)%00%(upstream:remotename)%00%(upstream:remoteref) refs/heads/main refs/remotes/main [3ms]
2023-12-13 20:43:07.897 [info] > git status -z -uall [49ms]
