2023-12-13 09:18:49.425 [warning] Via 'product.json#extensionEnabledApiProposals' extension 'ms-python.python' wants API proposal 'registerIssueDataProvider' but that proposal DOES NOT EXIST. Likely, the proposal has been finalized (check 'vscode.d.ts') or was abandoned.
2023-12-13 09:18:50.308 [info] Started local extension host with pid 10449.
2023-12-13 09:18:50.427 [warning] [twxs.cmake]: Cannot register 'cmake.cmakePath'. This property is already registered.
2023-12-13 09:18:53.618 [warning] [cmake-tools]: Couldn't find message for key cmake-tools.configuration.cmake.options.advanced.statusBarVisibility.variant.description.
2023-12-13 09:18:55.603 [info] [perf] Render performance baseline is 199ms
2023-12-13 09:21:12.734 [error] Cannot read properties of undefined (reading 'data'): TypeError: Cannot read properties of undefined (reading 'data')
    at /home/kofta/.vscode/extensions/ms-python.vscode-pylance-2023.11.10/dist/extension.bundle.js:1:133067
    at _0x9ba18e (/home/kofta/.vscode/extensions/ms-python.vscode-pylance-2023.11.10/dist/extension.bundle.js:1:144828)
    at ve.provideCompletionItems (/opt/visual-studio-code/resources/app/out/vs/workbench/api/node/extensionHostProcess.js:143:53055)
2023-12-13 09:42:05.120 [error] Cannot read properties of undefined (reading 'data'): TypeError: Cannot read properties of undefined (reading 'data')
    at /home/kofta/.vscode/extensions/ms-python.vscode-pylance-2023.11.10/dist/extension.bundle.js:1:133067
    at _0x9ba18e (/home/kofta/.vscode/extensions/ms-python.vscode-pylance-2023.11.10/dist/extension.bundle.js:1:144828)
    at ve.provideCompletionItems (/opt/visual-studio-code/resources/app/out/vs/workbench/api/node/extensionHostProcess.js:143:53055)
2023-12-13 09:47:10.451 [error] Cannot read properties of undefined (reading 'data'): TypeError: Cannot read properties of undefined (reading 'data')
    at /home/kofta/.vscode/extensions/ms-python.vscode-pylance-2023.11.10/dist/extension.bundle.js:1:133067
    at _0x9ba18e (/home/kofta/.vscode/extensions/ms-python.vscode-pylance-2023.11.10/dist/extension.bundle.js:1:144828)
    at ve.provideCompletionItems (/opt/visual-studio-code/resources/app/out/vs/workbench/api/node/extensionHostProcess.js:143:53055)
2023-12-13 09:49:07.166 [error] Request textDocument/onTypeFormatting failed with message: index is out of range: Error: Request textDocument/onTypeFormatting failed with message: index is out of range
    at /home/kofta/.vscode/extensions/ms-python.python-2023.22.0/out/client/extension.js:2:2338987
    at re (/home/kofta/.vscode/extensions/ms-python.python-2023.22.0/out/client/extension.js:2:2339281)
    at /home/kofta/.vscode/extensions/ms-python.python-2023.22.0/out/client/extension.js:2:2334065
    at Immediate.<anonymous> (/home/kofta/.vscode/extensions/ms-python.python-2023.22.0/out/client/extension.js:2:2334085)
    at processImmediate (node:internal/timers:476:21)
