2023-12-14 19:23:39.783 [info] Reading sessions from keychain...
2023-12-14 19:23:39.783 [info] Getting sessions for all scopes...
2023-12-14 19:23:39.793 [info] Getting sessions for read:user,repo,user:email,workflow...
2023-12-14 19:23:39.840 [info] Got stored sessions!
2023-12-14 19:23:39.840 [info] Got 2 verified sessions.
2023-12-14 19:23:39.840 [info] Got 2 sessions for ...
2023-12-14 19:23:39.840 [info] Got 1 sessions for read:user,repo,user:email,workflow...
2023-12-14 19:23:39.989 [info] Getting sessions for all scopes...
2023-12-14 19:23:39.989 [info] Got 2 sessions for ...
2023-12-14 19:23:40.100 [info] Getting sessions for user:email...
2023-12-14 19:23:40.100 [info] Got 1 sessions for user:email...
2023-12-14 19:23:40.634 [info] Getting sessions for read:user,repo,user:email,workflow...
2023-12-14 19:23:40.634 [info] Got 1 sessions for read:user,repo,user:email,workflow...
2023-12-14 19:24:45.883 [info] Reading sessions from keychain...
2023-12-14 19:24:45.883 [info] Getting sessions for all scopes...
2023-12-14 19:24:45.883 [info] Got stored sessions!
2023-12-14 19:24:45.883 [info] Got 2 verified sessions.
2023-12-14 19:24:45.883 [info] Got 2 sessions for ...
2023-12-14 19:24:45.883 [info] Getting sessions for all scopes...
2023-12-14 19:24:45.883 [info] Got 2 sessions for ...
2023-12-14 19:24:45.883 [info] Getting sessions for user:email...
2023-12-14 19:24:45.883 [info] Got 1 sessions for user:email...
2023-12-14 19:25:27.878 [info] Reading sessions from keychain...
2023-12-14 19:25:27.879 [info] Getting sessions for all scopes...
2023-12-14 19:25:27.879 [info] Getting sessions for user:email...
2023-12-14 19:25:27.912 [info] Got stored sessions!
2023-12-14 19:25:27.912 [info] Got 2 verified sessions.
2023-12-14 19:25:27.912 [info] Got 2 sessions for ...
2023-12-14 19:25:27.912 [info] Got 1 sessions for user:email...
2023-12-14 19:25:27.971 [info] Getting sessions for all scopes...
2023-12-14 19:25:27.971 [info] Got 2 sessions for ...
2023-12-14 19:26:55.186 [info] Getting sessions for read:user,repo,user:email,workflow...
2023-12-14 19:26:55.186 [info] Got 1 sessions for read:user,repo,user:email,workflow...
2023-12-14 19:26:55.824 [info] Getting sessions for read:user,repo,user:email,workflow...
2023-12-14 19:26:55.824 [info] Got 1 sessions for read:user,repo,user:email,workflow...
2023-12-14 20:27:41.539 [info] Getting sessions for read:user,repo,user:email,workflow...
2023-12-14 20:27:41.539 [info] Got 1 sessions for read:user,repo,user:email,workflow...
2023-12-14 20:28:23.232 [info] Getting sessions for read:user,repo,user:email,workflow...
2023-12-14 20:28:23.232 [info] Got 1 sessions for read:user,repo,user:email,workflow...
