2023-12-13 17:35:31.573 [info] Added views:workbench.panel.markers.view in workbench.panel.markers
2023-12-13 17:35:31.573 [info] Added views:terminal in terminal
2023-12-13 17:35:31.573 [info] Added views:outline in workbench.view.explorer
2023-12-13 17:35:31.573 [info] Added views:workbench.scm in workbench.view.scm
2023-12-13 17:35:31.573 [info] Added views:workbench.view.search in workbench.view.search
2023-12-13 17:35:31.573 [info] Added views:workbench.panel.output in workbench.views.service.panel.dee4bb8c-f5f5-4d28-94df-80ddfbd96a86
2023-12-13 17:35:31.573 [info] Added views:timeline in workbench.view.explorer
2023-12-13 17:35:31.573 [info] Added views:workbench.explorer.fileView in workbench.view.explorer
2023-12-13 17:35:31.824 [info] Added views:workbench.debug.welcome in workbench.view.debug
2023-12-13 17:35:32.508 [info] Added views:makefile.outline in workbench.view.extension.makefile__viewContainer
2023-12-13 17:35:32.753 [info] Added views:workbench.panel.repl.view in workbench.panel.repl
2023-12-13 17:35:33.689 [info] Added views:~remote.forwardedPorts in ~remote.forwardedPortsContainer
2023-12-13 17:35:34.818 [info] Added views:workbench.view.testing in workbench.view.extension.test
2023-12-13 17:35:46.768 [info] Removed views:workbench.view.testing from workbench.view.extension.test
2023-12-13 17:35:47.244 [info] Added views:workbench.panel.markers.view in workbench.panel.markers
2023-12-13 17:35:47.244 [info] Added views:terminal in terminal
2023-12-13 17:35:47.244 [info] Added views:outline in workbench.view.explorer
2023-12-13 17:35:47.244 [info] Added views:workbench.scm in workbench.view.scm
2023-12-13 17:35:47.244 [info] Added views:workbench.view.search in workbench.view.search
2023-12-13 17:35:47.244 [info] Added views:workbench.panel.output in workbench.views.service.panel.dee4bb8c-f5f5-4d28-94df-80ddfbd96a86
2023-12-13 17:35:47.244 [info] Added views:timeline in workbench.view.explorer
2023-12-13 17:35:47.244 [info] Added views:workbench.explorer.fileView in workbench.view.explorer
2023-12-13 17:35:47.650 [info] Added views:workbench.debug.variablesView,workbench.debug.watchExpressionsView,workbench.debug.callStackView,workbench.debug.breakPointsView in workbench.view.debug
2023-12-13 17:35:47.660 [info] Added views:workbench.panel.repl.view in workbench.panel.repl
2023-12-13 17:35:47.661 [info] Removed views:workbench.debug.breakPointsView,workbench.debug.callStackView,workbench.debug.watchExpressionsView,workbench.debug.variablesView from workbench.view.debug
2023-12-13 17:35:47.662 [info] Added views:workbench.debug.welcome in workbench.view.debug
2023-12-13 17:35:47.820 [info] Added views:~remote.forwardedPorts in ~remote.forwardedPortsContainer
2023-12-13 17:35:52.604 [info] Added views:makefile.outline in workbench.view.extension.makefile__viewContainer
