2023-12-12 17:59:42.742 [info] Using settings sync service https://vscode-sync.trafficmanager.net/
2023-12-12 17:59:42.742 [info] Auto Sync is enabled.
2023-12-12 17:59:42.742 [info] Auto Sync: Suspended until auth token is available.
2023-12-12 17:59:43.091 [info] Deleting non existing profile from backup /home/kofta/.config/Code/User/sync/extensions
2023-12-12 17:59:43.243 [info] Deleting non existing profile from backup /home/kofta/.config/Code/User/sync/globalState
2023-12-12 17:59:43.372 [info] Deleting non existing profile from backup /home/kofta/.config/Code/User/sync/keybindings
2023-12-12 17:59:43.373 [info] Deleting non existing profile from backup /home/kofta/.config/Code/User/sync/profiles
2023-12-12 17:59:43.375 [info] Deleting non existing profile from backup /home/kofta/.config/Code/User/sync/settings
2023-12-12 17:59:43.376 [info] Deleting non existing profile from backup /home/kofta/.config/Code/User/sync/snippets
2023-12-12 17:59:43.378 [info] Deleting non existing profile from backup /home/kofta/.config/Code/User/sync/tasks
2023-12-12 17:59:53.483 [info] Auto Sync: Triggered by Interval
2023-12-12 17:59:53.484 [info] Sync started.
2023-12-12 17:59:54.959 [info] Settings: Last sync resource does not exist locally.
2023-12-12 17:59:55.294 [info] Settings: No changes found during synchronizing settings.
2023-12-12 17:59:55.296 [info] Keybindings: Last sync resource does not exist locally.
2023-12-12 17:59:55.600 [info] Keybindings: No changes found during synchronizing keybindings.
2023-12-12 17:59:55.601 [info] Snippets: Last sync resource does not exist locally.
2023-12-12 17:59:55.900 [info] Snippets: No changes found during synchronizing snippets.
2023-12-12 17:59:55.902 [info] Tasks: Last sync resource does not exist locally.
2023-12-12 17:59:56.146 [info] Tasks: No changes found during synchronizing tasks.
2023-12-12 17:59:56.148 [info] GlobalState: Last sync resource does not exist locally.
2023-12-12 17:59:58.027 [info] GlobalState: No changes found during synchronizing ui state.
2023-12-12 17:59:58.029 [info] Extensions: Last sync resource does not exist locally.
2023-12-12 17:59:58.513 [info] Extensions: No changes found during synchronizing extensions.
2023-12-12 17:59:58.516 [info] Profiles: Last sync resource does not exist locally.
2023-12-12 17:59:58.757 [info] Profiles: No changes found during synchronizing profiles.
2023-12-12 17:59:58.760 [info] Sync done. Took 5301ms
2023-12-12 18:00:33.388 [info] Auto Sync: Triggered by Activity
2023-12-12 18:00:33.389 [info] Sync started.
2023-12-12 18:00:33.743 [info] Settings: No changes found during synchronizing settings.
2023-12-12 18:00:33.748 [info] Keybindings: No changes found during synchronizing keybindings.
2023-12-12 18:00:33.753 [info] Snippets: No changes found during synchronizing snippets.
2023-12-12 18:00:33.757 [info] Tasks: No changes found during synchronizing tasks.
2023-12-12 18:00:33.767 [info] GlobalState: No changes found during synchronizing ui state.
2023-12-12 18:00:33.902 [info] Extensions: No changes found during synchronizing extensions.
2023-12-12 18:00:33.903 [info] Profiles: No changes found during synchronizing profiles.
2023-12-12 18:00:33.905 [info] Sync done. Took 517ms
2023-12-12 18:00:59.552 [info] Auto Sync: Triggered by Activity
2023-12-12 18:00:59.557 [info] Sync started.
2023-12-12 18:00:59.994 [info] Settings: No changes found during synchronizing settings.
2023-12-12 18:00:59.999 [info] Keybindings: No changes found during synchronizing keybindings.
2023-12-12 18:01:00.005 [info] Snippets: No changes found during synchronizing snippets.
2023-12-12 18:01:00.013 [info] Tasks: No changes found during synchronizing tasks.
2023-12-12 18:01:00.024 [info] GlobalState: No changes found during synchronizing ui state.
2023-12-12 18:01:00.132 [info] Extensions: No changes found during synchronizing extensions.
2023-12-12 18:01:00.135 [info] Profiles: No changes found during synchronizing profiles.
2023-12-12 18:01:00.140 [info] Sync done. Took 590ms
