2023-12-13 09:18:50.754 [info] Extension host with pid 10449 started
2023-12-13 09:18:50.755 [info] Skipping acquiring lock for /home/kofta/.config/Code/User/workspaceStorage/67c6c51005dcab4fb8d8a59b19aa23ca.
2023-12-13 09:18:50.913 [info] ExtensionService#_doActivateExtension vscode.emmet, startup: false, activationEvent: 'onLanguage'
2023-12-13 09:18:50.923 [info] ExtensionService#_doActivateExtension ms-vscode.cpptools, startup: false, activationEvent: 'onLanguage:c'
2023-12-13 09:18:51.589 [info] ExtensionService#_doActivateExtension vscode.git-base, startup: true, activationEvent: '*', root cause: vscode.git
2023-12-13 09:18:51.739 [info] ExtensionService#_doActivateExtension vscode.git, startup: true, activationEvent: '*'
2023-12-13 09:18:51.771 [info] ExtensionService#_doActivateExtension vscode.github, startup: true, activationEvent: '*'
2023-12-13 09:18:51.843 [info] Eager extensions activated
2023-12-13 09:18:51.877 [info] ExtensionService#_doActivateExtension vscode.debug-auto-launch, startup: false, activationEvent: 'onStartupFinished'
2023-12-13 09:18:51.880 [info] ExtensionService#_doActivateExtension vscode.merge-conflict, startup: false, activationEvent: 'onStartupFinished'
2023-12-13 09:18:51.890 [info] ExtensionService#_doActivateExtension LeonardSSH.vscord, startup: false, activationEvent: 'onStartupFinished'
2023-12-13 09:18:51.910 [info] ExtensionService#_doActivateExtension ms-vscode-remote.remote-wsl, startup: false, activationEvent: 'onStartupFinished'
2023-12-13 09:18:51.931 [info] ExtensionService#_doActivateExtension zhuangtongfa.material-theme, startup: false, activationEvent: 'onStartupFinished'
2023-12-13 09:18:52.592 [info] ExtensionService#_doActivateExtension vscode.github-authentication, startup: false, activationEvent: 'onAuthenticationRequest:github'
2023-12-13 09:19:45.921 [info] ExtensionService#_doActivateExtension ms-python.python, startup: false, activationEvent: 'onLanguage:python'
2023-12-13 09:19:46.054 [info] ExtensionService#_doActivateExtension ms-toolsai.jupyter, startup: false, activationEvent: 'onLanguage:python'
2023-12-13 09:19:46.612 [info] ExtensionService#_doActivateExtension ms-toolsai.jupyter-renderers, startup: false, activationEvent: 'api', root cause: ms-toolsai.jupyter
2023-12-13 09:19:46.669 [info] ExtensionService#_doActivateExtension ms-python.vscode-pylance, startup: false, activationEvent: 'onLanguage:python'
2023-12-13 09:21:12.730 [error] [ms-python.python] provider FAILED
2023-12-13 09:21:12.730 [error] TypeError: Cannot read properties of undefined (reading 'data')
    at /home/kofta/.vscode/extensions/ms-python.vscode-pylance-2023.11.10/dist/extension.bundle.js:1:133067
    at _0x9ba18e (/home/kofta/.vscode/extensions/ms-python.vscode-pylance-2023.11.10/dist/extension.bundle.js:1:144828)
    at ve.provideCompletionItems (/opt/visual-studio-code/resources/app/out/vs/workbench/api/node/extensionHostProcess.js:143:53055)
2023-12-13 09:26:57.104 [info] ExtensionService#_doActivateExtension vscode.json-language-features, startup: false, activationEvent: 'onLanguage:jsonc'
2023-12-13 09:26:57.142 [info] ExtensionService#_doActivateExtension vscode.typescript-language-features, startup: false, activationEvent: 'onLanguage:jsonc'
2023-12-13 09:42:05.114 [error] [ms-python.python] provider FAILED
2023-12-13 09:42:05.116 [error] TypeError: Cannot read properties of undefined (reading 'data')
    at /home/kofta/.vscode/extensions/ms-python.vscode-pylance-2023.11.10/dist/extension.bundle.js:1:133067
    at _0x9ba18e (/home/kofta/.vscode/extensions/ms-python.vscode-pylance-2023.11.10/dist/extension.bundle.js:1:144828)
    at ve.provideCompletionItems (/opt/visual-studio-code/resources/app/out/vs/workbench/api/node/extensionHostProcess.js:143:53055)
2023-12-13 09:47:10.401 [error] [ms-python.python] provider FAILED
2023-12-13 09:47:10.401 [error] TypeError: Cannot read properties of undefined (reading 'data')
    at /home/kofta/.vscode/extensions/ms-python.vscode-pylance-2023.11.10/dist/extension.bundle.js:1:133067
    at _0x9ba18e (/home/kofta/.vscode/extensions/ms-python.vscode-pylance-2023.11.10/dist/extension.bundle.js:1:144828)
    at ve.provideCompletionItems (/opt/visual-studio-code/resources/app/out/vs/workbench/api/node/extensionHostProcess.js:143:53055)
2023-12-13 09:49:07.146 [error] [ms-python.python] provider FAILED
2023-12-13 09:49:07.147 [error] Error: Request textDocument/onTypeFormatting failed with message: index is out of range
    at /home/kofta/.vscode/extensions/ms-python.python-2023.22.0/out/client/extension.js:2:2338987
    at re (/home/kofta/.vscode/extensions/ms-python.python-2023.22.0/out/client/extension.js:2:2339281)
    at /home/kofta/.vscode/extensions/ms-python.python-2023.22.0/out/client/extension.js:2:2334065
    at Immediate.<anonymous> (/home/kofta/.vscode/extensions/ms-python.python-2023.22.0/out/client/extension.js:2:2334085)
    at processImmediate (node:internal/timers:476:21)
2023-12-13 09:52:53.506 [error] TypeError: e.clear is not a function
    at _.cleanUp (/home/kofta/.vscode/extensions/ms-python.python-2023.22.0/out/client/extension.js:2:2396933)
    at _.shutdown (/home/kofta/.vscode/extensions/ms-python.python-2023.22.0/out/client/extension.js:2:2396109)
    at _.stop (/home/kofta/.vscode/extensions/ms-python.python-2023.22.0/out/client/extension.js:2:2395537)
    at _.stop (/home/kofta/.vscode/extensions/ms-python.python-2023.22.0/out/client/extension.js:2:2561925)
    at Object.stop (/home/kofta/.vscode/extensions/ms-python.python-2023.22.0/out/client/extension.js:2:52774)
    at Object.stop (/home/kofta/.vscode/extensions/ms-python.vscode-pylance-2023.11.10/dist/extension.bundle.js:1:167421)
    at _0x245439.<computed>._stopClient (/home/kofta/.vscode/extensions/ms-python.vscode-pylance-2023.11.10/dist/extension.bundle.js:1:110729)
    at _0x245439.<computed>._createNewRequest (/home/kofta/.vscode/extensions/ms-python.vscode-pylance-2023.11.10/dist/extension.bundle.js:1:109919)
    at processTicksAndRejections (node:internal/process/task_queues:95:5)
    at _0x245439.<computed>._enqueueRequestAndWaitForRun (/home/kofta/.vscode/extensions/ms-python.vscode-pylance-2023.11.10/dist/extension.bundle.js:1:109617)
    at _0x245439.<computed>.restartClient (/home/kofta/.vscode/extensions/ms-python.vscode-pylance-2023.11.10/dist/extension.bundle.js:1:109221)
2023-12-13 09:58:48.392 [warning] ms-vscode.cpptools - Code actions of kind 'quickfix 'requested but returned code action is of kind 'refactor.extract.function'. Code action will be dropped. Please check 'CodeActionContext.only' to only return requested code actions.
