2023-12-13 20:57:09.954 [info] Log level: Info
2023-12-13 20:57:09.954 [info] Validating found git in: "git"
2023-12-13 20:57:09.954 [info] Using git "2.43.0" from "git"
2023-12-13 20:57:09.954 [info] > git rev-parse --show-toplevel [5ms]
2023-12-13 20:57:09.964 [info] > git rev-parse --git-dir --git-common-dir [1ms]
2023-12-13 20:57:09.978 [info] Open repository: /home/kofta/configs
2023-12-13 20:57:09.995 [info] > git config --get commit.template [7ms]
2023-12-13 20:57:09.995 [info] > git rev-parse --show-toplevel [2ms]
2023-12-13 20:57:10.010 [info] > git for-each-ref --format=%(refname)%00%(upstream:short)%00%(objectname)%00%(upstream:track)%00%(upstream:remotename)%00%(upstream:remoteref) refs/heads/main refs/remotes/main [8ms]
2023-12-13 20:57:10.011 [info] > git rev-parse --show-toplevel [2ms]
2023-12-13 20:57:10.054 [info] > git status -z -uall [31ms]
2023-12-13 20:57:10.072 [info] > git config --get commit.template [2ms]
2023-12-13 20:57:10.131 [info] > git for-each-ref --format=%(refname)%00%(upstream:short)%00%(objectname)%00%(upstream:track)%00%(upstream:remotename)%00%(upstream:remoteref) refs/heads/main refs/remotes/main [49ms]
2023-12-13 20:57:10.319 [info] > git status -z -uall [24ms]
2023-12-13 20:57:10.643 [info] > git check-ignore -v -z --stdin [3ms]
2023-12-13 20:57:12.569 [info] > git config --get commit.template [1ms]
2023-12-13 20:57:12.582 [info] > git for-each-ref --format=%(refname)%00%(upstream:short)%00%(objectname)%00%(upstream:track)%00%(upstream:remotename)%00%(upstream:remoteref) refs/heads/main refs/remotes/main [2ms]
2023-12-13 20:57:12.613 [info] > git status -z -uall [20ms]
2023-12-13 20:57:53.611 [info] > git check-ignore -v -z --stdin [5ms]
2023-12-13 20:58:26.904 [info] > git check-ignore -v -z --stdin [3ms]
2023-12-13 20:58:31.895 [info] > git config --get commit.template [10ms]
2023-12-13 20:58:31.897 [info] > git for-each-ref --format=%(refname)%00%(upstream:short)%00%(objectname)%00%(upstream:track)%00%(upstream:remotename)%00%(upstream:remoteref) refs/heads/main refs/remotes/main [4ms]
2023-12-13 20:58:33.449 [info] > git status -z -uall [1542ms]
2023-12-13 20:58:38.508 [info] > git config --get commit.template [20ms]
2023-12-13 20:58:38.508 [info] > git for-each-ref --format=%(refname)%00%(upstream:short)%00%(objectname)%00%(upstream:track)%00%(upstream:remotename)%00%(upstream:remoteref) refs/heads/main refs/remotes/main [4ms]
2023-12-13 20:58:39.934 [info] > git status -z -uall [1409ms]
2023-12-13 20:58:51.030 [info] > git config --get commit.template [15ms]
2023-12-13 20:58:51.031 [info] > git for-each-ref --format=%(refname)%00%(upstream:short)%00%(objectname)%00%(upstream:track)%00%(upstream:remotename)%00%(upstream:remoteref) refs/heads/main refs/remotes/main [2ms]
2023-12-13 20:58:51.087 [info] > git status -z -uall [40ms]
2023-12-13 21:01:18.972 [info] > git show --textconv :plasma-monterey.layout.latte [11ms]
2023-12-13 21:01:18.974 [info] > git ls-files --stage -- /home/kofta/configs/plasma-monterey.layout.latte [3ms]
2023-12-13 21:01:18.984 [info] > git cat-file -s 5db770d194118bacf7feb70632de477bf7521019 [1ms]
2023-12-13 21:01:19.722 [info] > git show --textconv :README.md [14ms]
2023-12-13 21:01:19.737 [info] > git ls-files --stage -- /home/kofta/configs/README.md [17ms]
2023-12-13 21:01:19.756 [info] > git cat-file -s 5832915e98fd8a4c75b1e14a6d66b0c1ca7b6ad9 [10ms]
2023-12-13 21:01:21.532 [info] > git config --get commit.template [16ms]
2023-12-13 21:01:21.533 [info] > git for-each-ref --format=%(refname)%00%(upstream:short)%00%(objectname)%00%(upstream:track)%00%(upstream:remotename)%00%(upstream:remoteref) refs/heads/main refs/remotes/main [3ms]
2023-12-13 21:01:21.566 [info] > git status -z -uall [24ms]
2023-12-13 21:01:22.446 [info] > git merge-base refs/heads/main refs/remotes/origin/main [2ms]
2023-12-13 21:01:22.459 [info] > git rev-list --count --left-right refs/heads/main...refs/remotes/origin/main [2ms]
2023-12-13 21:01:42.992 [info] > git config --get commit.template [19ms]
2023-12-13 21:01:42.993 [info] > git for-each-ref --format=%(refname)%00%(upstream:short)%00%(objectname)%00%(upstream:track)%00%(upstream:remotename)%00%(upstream:remoteref) refs/heads/main refs/remotes/main [4ms]
2023-12-13 21:01:43.058 [info] > git status -z -uall [48ms]
2023-12-13 21:02:50.472 [info] > git for-each-ref --format=%(refname)%00%(upstream:short)%00%(objectname)%00%(upstream:track)%00%(upstream:remotename)%00%(upstream:remoteref) refs/heads/main refs/remotes/main [2ms]
2023-12-13 21:02:50.472 [info] > git config --get commit.template [16ms]
2023-12-13 21:02:50.535 [info] > git status -z -uall [45ms]
2023-12-13 21:15:06.325 [info] > git config --get commit.template [12ms]
2023-12-13 21:15:06.326 [info] > git for-each-ref --format=%(refname)%00%(upstream:short)%00%(objectname)%00%(upstream:track)%00%(upstream:remotename)%00%(upstream:remoteref) refs/heads/main refs/remotes/main [2ms]
2023-12-13 21:15:06.370 [info] > git status -z -uall [28ms]
