2023-12-13 20:42:59.618 [info] Using settings sync service https://vscode-sync.trafficmanager.net/
2023-12-13 20:42:59.618 [info] Auto Sync is enabled.
2023-12-13 20:42:59.618 [info] Auto Sync: Suspended until auth token is available.
2023-12-13 20:43:01.039 [info] Auto Sync: Triggered by Interval
2023-12-13 20:43:01.039 [info] Sync started.
2023-12-13 20:43:01.742 [info] Settings: Last sync resource does not exist locally.
2023-12-13 20:43:02.029 [info] Settings: No changes found during synchronizing settings.
2023-12-13 20:43:02.062 [info] Keybindings: Last sync resource does not exist locally.
2023-12-13 20:43:02.182 [info] Keybindings: No changes found during synchronizing keybindings.
2023-12-13 20:43:02.184 [info] Snippets: Last sync resource does not exist locally.
2023-12-13 20:43:02.274 [info] Snippets: No changes found during synchronizing snippets.
2023-12-13 20:43:02.275 [info] Tasks: Last sync resource does not exist locally.
2023-12-13 20:43:02.379 [info] Tasks: No changes found during synchronizing tasks.
2023-12-13 20:43:02.381 [info] GlobalState: Last sync resource does not exist locally.
2023-12-13 20:43:02.820 [info] GlobalState: No changes found during synchronizing ui state.
2023-12-13 20:43:02.822 [info] Extensions: Last sync resource does not exist locally.
2023-12-13 20:43:03.035 [info] Extensions: No changes found during synchronizing extensions.
2023-12-13 20:43:03.036 [info] Profiles: Last sync resource does not exist locally.
2023-12-13 20:43:03.152 [info] Profiles: No changes found during synchronizing profiles.
2023-12-13 20:43:03.154 [info] Sync done. Took 2115ms
2023-12-13 20:43:20.818 [info] Auto Sync: Triggered by Activity
2023-12-13 20:43:20.819 [info] Sync started.
2023-12-13 20:43:21.089 [info] Settings: No changes found during synchronizing settings.
2023-12-13 20:43:21.095 [info] Keybindings: No changes found during synchronizing keybindings.
2023-12-13 20:43:21.101 [info] Snippets: No changes found during synchronizing snippets.
2023-12-13 20:43:21.105 [info] Tasks: No changes found during synchronizing tasks.
2023-12-13 20:43:21.113 [info] GlobalState: No changes found during synchronizing ui state.
2023-12-13 20:43:21.181 [info] Extensions: No changes found during synchronizing extensions.
2023-12-13 20:43:21.184 [info] Profiles: No changes found during synchronizing profiles.
2023-12-13 20:43:21.186 [info] Sync done. Took 368ms
