2023-12-13 09:19:48.876 [info] [Info  - 9:19:48 AM] (10932) Pylance language server 2023.11.10 (pyright 088ebaa5) starting
2023-12-13 09:19:48.876 [info] [Info  - 9:19:48 AM] (10932) Server root directory: /home/kofta/.vscode/extensions/ms-python.vscode-pylance-2023.11.10/dist
2023-12-13 09:19:48.886 [info] [Info  - 9:19:48 AM] (10932) Starting service instance "learning"
2023-12-13 09:19:48.943 [info] [Info  - 9:19:48 AM] (10932) Setting pythonPath for service "learning": "/bin/python"
2023-12-13 09:19:48.943 [info] [Info  - 9:19:48 AM] (10932) Setting environmentName for service "learning": "3.11.6 (global)"
2023-12-13 09:19:49.006 [info] [Info  - 9:19:49 AM] (10932) Assuming Python version 3.11
2023-12-13 09:19:49.077 [info] [Info  - 9:19:49 AM] (10932) Found 2 source files
2023-12-13 09:41:51.753 [info] [Info  - 9:41:51 AM] (10932) Found 3 source files
2023-12-13 09:49:07.146 [info] [Error - 9:49:07 AM] Request textDocument/onTypeFormatting failed.
2023-12-13 09:49:07.146 [info]   Message: Request textDocument/onTypeFormatting failed with message: index is out of range
  Code: -32603 
2023-12-13 09:52:56.868 [info] [Error - 9:52:56 AM] Sending document notification textDocument/didOpen failed.
2023-12-13 09:52:56.868 [info]   Message: Client is not running
  Code: -32096 
2023-12-13 09:52:57.399 [info] [Error - 9:52:57 AM] Sending document notification textDocument/didClose failed.
2023-12-13 09:52:57.399 [info]   Message: Client is not running
  Code: -32096 
2023-12-13 09:52:57.417 [info] [Error - 9:52:57 AM] Sending document notification textDocument/didOpen failed.
2023-12-13 09:52:57.417 [info]   Message: Client is not running
  Code: -32096 
2023-12-13 09:53:12.312 [info] [Error - 9:53:12 AM] Notify file events failed.
2023-12-13 09:53:12.312 [info]   Message: Client is not running
  Code: -32096 
2023-12-13 09:53:15.559 [info] [Error - 9:53:15 AM] Sending document notification textDocument/didClose failed.
2023-12-13 09:53:15.559 [info]   Message: Client is not running
  Code: -32096 
2023-12-13 09:53:15.580 [info] [Error - 9:53:15 AM] Sending document notification textDocument/didOpen failed.
2023-12-13 09:53:15.581 [info]   Message: Client is not running
  Code: -32096 
2023-12-13 09:54:55.209 [info] [Error - 9:54:55 AM] Notify file events failed.
2023-12-13 09:54:55.209 [info]   Message: Client is not running
  Code: -32096 
2023-12-13 09:58:47.087 [info] [Error - 9:58:47 AM] Notify file events failed.
2023-12-13 09:58:47.087 [info]   Message: Client is not running
  Code: -32096 
2023-12-13 09:58:54.836 [info] [Error - 9:58:54 AM] Notify file events failed.
2023-12-13 09:58:54.836 [info]   Message: Client is not running
  Code: -32096 
2023-12-13 10:00:26.777 [info] [Error - 10:00:26 AM] Notify file events failed.
2023-12-13 10:00:26.777 [info]   Message: Client is not running
  Code: -32096 
