2023-12-13 20:57:09.606 [info] Extension host with pid 2419 started
2023-12-13 20:57:09.606 [info] Skipping acquiring lock for /home/kofta/.config/Code/User/workspaceStorage/44c79b072491839738e7a5bd4622013e.
2023-12-13 20:57:09.701 [info] ExtensionService#_doActivateExtension vscode.git-base, startup: true, activationEvent: '*', root cause: vscode.git
2023-12-13 20:57:09.758 [info] ExtensionService#_doActivateExtension vscode.git, startup: true, activationEvent: '*'
2023-12-13 20:57:09.809 [info] ExtensionService#_doActivateExtension vscode.github, startup: true, activationEvent: '*'
2023-12-13 20:57:09.938 [info] Eager extensions activated
2023-12-13 20:57:10.083 [info] ExtensionService#_doActivateExtension vscode.debug-auto-launch, startup: false, activationEvent: 'onStartupFinished'
2023-12-13 20:57:10.085 [info] ExtensionService#_doActivateExtension vscode.merge-conflict, startup: false, activationEvent: 'onStartupFinished'
2023-12-13 20:57:10.092 [info] ExtensionService#_doActivateExtension LeonardSSH.vscord, startup: false, activationEvent: 'onStartupFinished'
2023-12-13 20:57:10.114 [info] ExtensionService#_doActivateExtension zhuangtongfa.material-theme, startup: false, activationEvent: 'onStartupFinished'
2023-12-13 20:57:10.261 [info] ExtensionService#_doActivateExtension vscode.github-authentication, startup: false, activationEvent: 'onAuthenticationRequest:github'
2023-12-13 20:57:14.791 [info] ExtensionService#_doActivateExtension vscode.json-language-features, startup: false, activationEvent: 'onLanguage:jsonc'
2023-12-13 20:57:14.820 [info] ExtensionService#_doActivateExtension vscode.typescript-language-features, startup: false, activationEvent: 'onLanguage:jsonc'
2023-12-13 20:57:14.848 [info] ExtensionService#_doActivateExtension vscode.emmet, startup: false, activationEvent: 'onLanguage'
2023-12-13 20:58:33.460 [warning] [Decorations] CAPPING events from decorations provider vscode.git 436
2023-12-13 20:58:39.951 [warning] [Decorations] CAPPING events from decorations provider vscode.git 436
2023-12-13 20:58:51.093 [warning] [Decorations] CAPPING events from decorations provider vscode.git 436
2023-12-13 20:59:29.991 [info] ExtensionService#_doActivateExtension vscode.simple-browser, startup: false, activationEvent: 'onOpenExternalUri:https'
2023-12-13 21:01:19.376 [info] ExtensionService#_doActivateExtension vscode.extension-editing, startup: false, activationEvent: 'onLanguage:markdown'
2023-12-13 21:01:19.390 [info] ExtensionService#_doActivateExtension vscode.markdown-language-features, startup: false, activationEvent: 'onLanguage:markdown'
2023-12-13 21:01:19.843 [info] ExtensionService#_doActivateExtension vscode.markdown-math, startup: false, activationEvent: 'api', root cause: vscode.markdown-language-features
