2023-12-12 22:05:39.434 [info] Using settings sync service https://vscode-sync.trafficmanager.net/
2023-12-12 22:05:39.434 [info] Auto Sync is enabled.
2023-12-12 22:05:39.434 [info] Auto Sync: Suspended until auth token is available.
2023-12-12 22:05:39.909 [info] Deleting non existing profile from backup /home/kofta/.config/Code/User/sync/extensions
2023-12-12 22:05:40.041 [info] Deleting non existing profile from backup /home/kofta/.config/Code/User/sync/globalState
2023-12-12 22:05:40.042 [info] Deleting non existing profile from backup /home/kofta/.config/Code/User/sync/keybindings
2023-12-12 22:05:40.043 [info] Deleting non existing profile from backup /home/kofta/.config/Code/User/sync/profiles
2023-12-12 22:05:40.044 [info] Deleting non existing profile from backup /home/kofta/.config/Code/User/sync/settings
2023-12-12 22:05:40.045 [info] Deleting non existing profile from backup /home/kofta/.config/Code/User/sync/snippets
2023-12-12 22:05:40.046 [info] Deleting non existing profile from backup /home/kofta/.config/Code/User/sync/tasks
2023-12-12 22:05:48.610 [info] Auto Sync: Triggered by Interval
2023-12-12 22:05:48.610 [info] Sync started.
2023-12-12 22:05:49.230 [info] Settings: Last sync resource does not exist locally.
2023-12-12 22:05:49.411 [info] Settings: No changes found during synchronizing settings.
2023-12-12 22:05:49.412 [info] Keybindings: Last sync resource does not exist locally.
2023-12-12 22:05:49.521 [info] Keybindings: No changes found during synchronizing keybindings.
2023-12-12 22:05:49.523 [info] Snippets: Last sync resource does not exist locally.
2023-12-12 22:05:49.660 [info] Snippets: No changes found during synchronizing snippets.
2023-12-12 22:05:49.661 [info] Tasks: Last sync resource does not exist locally.
2023-12-12 22:05:49.776 [info] Tasks: No changes found during synchronizing tasks.
2023-12-12 22:05:49.778 [info] GlobalState: Last sync resource does not exist locally.
2023-12-12 22:05:50.121 [info] GlobalState: No changes found during synchronizing ui state.
2023-12-12 22:05:50.122 [info] Extensions: Last sync resource does not exist locally.
2023-12-12 22:05:50.445 [info] Extensions: No changes found during synchronizing extensions.
2023-12-12 22:05:50.446 [info] Profiles: Last sync resource does not exist locally.
2023-12-12 22:05:50.577 [info] Profiles: No changes found during synchronizing profiles.
2023-12-12 22:05:50.580 [info] Sync done. Took 1981ms
2023-12-12 22:06:00.402 [info] Auto Sync: Triggered by Activity
2023-12-12 22:06:00.403 [info] Sync started.
2023-12-12 22:06:00.536 [info] Settings: No changes found during synchronizing settings.
2023-12-12 22:06:00.542 [info] Keybindings: No changes found during synchronizing keybindings.
2023-12-12 22:06:00.548 [info] Snippets: No changes found during synchronizing snippets.
2023-12-12 22:06:00.553 [info] Tasks: No changes found during synchronizing tasks.
2023-12-12 22:06:00.561 [info] GlobalState: No changes found during synchronizing ui state.
2023-12-12 22:06:00.659 [info] Extensions: No changes found during synchronizing extensions.
2023-12-12 22:06:00.660 [info] Profiles: No changes found during synchronizing profiles.
2023-12-12 22:06:00.661 [info] Sync done. Took 260ms
2023-12-12 22:06:32.051 [info] Auto Sync: Triggered by Activity
2023-12-12 22:06:32.053 [info] Sync started.
2023-12-12 22:06:32.235 [info] Settings: No changes found during synchronizing settings.
2023-12-12 22:06:32.238 [info] Keybindings: No changes found during synchronizing keybindings.
2023-12-12 22:06:32.242 [info] Snippets: No changes found during synchronizing snippets.
2023-12-12 22:06:32.246 [info] Tasks: No changes found during synchronizing tasks.
2023-12-12 22:06:32.256 [info] GlobalState: No changes found during synchronizing ui state.
2023-12-12 22:06:32.376 [info] Extensions: No changes found during synchronizing extensions.
2023-12-12 22:06:32.379 [info] Profiles: No changes found during synchronizing profiles.
2023-12-12 22:06:32.384 [info] Sync done. Took 331ms
2023-12-12 22:06:46.634 [info] Auto Sync: Triggered by Activity
2023-12-12 22:06:46.635 [info] Sync started.
2023-12-12 22:06:46.744 [info] Settings: No changes found during synchronizing settings.
2023-12-12 22:06:46.747 [info] Keybindings: No changes found during synchronizing keybindings.
2023-12-12 22:06:46.751 [info] Snippets: No changes found during synchronizing snippets.
2023-12-12 22:06:46.754 [info] Tasks: No changes found during synchronizing tasks.
2023-12-12 22:06:46.758 [info] GlobalState: No changes found during synchronizing ui state.
2023-12-12 22:06:46.847 [info] Extensions: No changes found during synchronizing extensions.
2023-12-12 22:06:46.849 [info] Profiles: No changes found during synchronizing profiles.
2023-12-12 22:06:46.851 [info] Sync done. Took 217ms
