2023-12-13 09:18:52.297 [info] Log level: Info
2023-12-13 09:18:52.297 [info] Validating found git in: "git"
2023-12-13 09:18:52.297 [info] Using git "2.43.0" from "git"
2023-12-13 09:18:52.297 [info] > git rev-parse --show-toplevel [13ms]
2023-12-13 09:18:52.297 [info] fatal: not a git repository (or any of the parent directories): .git
2023-12-13 09:18:52.297 [info] > git rev-parse --show-toplevel [263ms]
2023-12-13 09:18:52.297 [info] fatal: not a git repository (or any of the parent directories): .git
2023-12-13 09:18:52.299 [info] > git rev-parse --show-toplevel [4ms]
2023-12-13 09:18:52.299 [info] fatal: not a git repository (or any of the parent directories): .git
2023-12-13 09:18:52.581 [info] > git rev-parse --show-toplevel [3ms]
2023-12-13 09:18:52.581 [info] fatal: not a git repository (or any of the parent directories): .git
2023-12-13 09:18:52.826 [info] > git rev-parse --show-toplevel [4ms]
2023-12-13 09:18:52.826 [info] fatal: not a git repository (or any of the parent directories): .git
2023-12-13 09:19:45.837 [info] > git rev-parse --show-toplevel [3ms]
2023-12-13 09:19:45.837 [info] fatal: not a git repository (or any of the parent directories): .git
2023-12-13 09:21:05.905 [info] > git rev-parse --show-toplevel [6ms]
2023-12-13 09:21:05.906 [info] fatal: not a git repository (or any of the parent directories): .git
2023-12-13 09:21:07.868 [info] > git rev-parse --show-toplevel [5ms]
2023-12-13 09:21:07.868 [info] fatal: not a git repository (or any of the parent directories): .git
2023-12-13 09:34:36.050 [info] > git rev-parse --show-toplevel [5ms]
2023-12-13 09:34:36.050 [info] fatal: not a git repository (or any of the parent directories): .git
2023-12-13 09:34:47.710 [info] > git rev-parse --show-toplevel [3ms]
2023-12-13 09:34:47.710 [info] fatal: not a git repository (or any of the parent directories): .git
2023-12-13 09:34:55.277 [info] > git rev-parse --show-toplevel [3ms]
2023-12-13 09:34:55.277 [info] fatal: not a git repository (or any of the parent directories): .git
2023-12-13 09:34:57.326 [info] > git rev-parse --show-toplevel [4ms]
2023-12-13 09:34:57.326 [info] fatal: not a git repository (or any of the parent directories): .git
2023-12-13 09:34:58.469 [info] > git rev-parse --show-toplevel [4ms]
2023-12-13 09:34:58.469 [info] fatal: not a git repository (or any of the parent directories): .git
2023-12-13 09:36:50.550 [info] > git rev-parse --show-toplevel [2ms]
2023-12-13 09:36:50.550 [info] fatal: not a git repository (or any of the parent directories): .git
2023-12-13 09:36:57.185 [info] > git rev-parse --show-toplevel [4ms]
2023-12-13 09:36:57.185 [info] fatal: not a git repository (or any of the parent directories): .git
2023-12-13 09:36:58.079 [info] > git rev-parse --show-toplevel [3ms]
2023-12-13 09:36:58.079 [info] fatal: not a git repository (or any of the parent directories): .git
2023-12-13 09:39:54.750 [info] > git rev-parse --show-toplevel [2ms]
2023-12-13 09:39:54.750 [info] fatal: not a git repository (or any of the parent directories): .git
2023-12-13 09:39:57.196 [info] > git rev-parse --show-toplevel [3ms]
2023-12-13 09:39:57.196 [info] fatal: not a git repository (or any of the parent directories): .git
2023-12-13 09:40:35.336 [info] > git rev-parse --show-toplevel [4ms]
2023-12-13 09:40:35.336 [info] fatal: not a git repository (or any of the parent directories): .git
2023-12-13 09:40:37.216 [info] > git rev-parse --show-toplevel [4ms]
2023-12-13 09:40:37.216 [info] fatal: not a git repository (or any of the parent directories): .git
2023-12-13 09:41:51.412 [info] > git rev-parse --show-toplevel [4ms]
2023-12-13 09:41:51.412 [info] fatal: not a git repository (or any of the parent directories): .git
2023-12-13 09:52:35.864 [info] > git rev-parse --show-toplevel [3ms]
2023-12-13 09:52:35.865 [info] fatal: not a git repository (or any of the parent directories): .git
2023-12-13 09:52:36.898 [info] > git rev-parse --show-toplevel [2ms]
2023-12-13 09:52:36.898 [info] fatal: not a git repository (or any of the parent directories): .git
2023-12-13 09:52:39.001 [info] > git rev-parse --show-toplevel [3ms]
2023-12-13 09:52:39.001 [info] fatal: not a git repository (or any of the parent directories): .git
2023-12-13 09:52:52.490 [info] > git rev-parse --show-toplevel [13ms]
2023-12-13 09:52:52.490 [info] fatal: not a git repository (or any of the parent directories): .git
2023-12-13 09:52:54.131 [info] > git rev-parse --show-toplevel [2ms]
2023-12-13 09:52:54.131 [info] fatal: not a git repository (or any of the parent directories): .git
2023-12-13 09:52:56.897 [info] > git rev-parse --show-toplevel [2ms]
2023-12-13 09:52:56.897 [info] fatal: not a git repository (or any of the parent directories): .git
2023-12-13 09:52:57.448 [info] > git rev-parse --show-toplevel [3ms]
2023-12-13 09:52:57.448 [info] fatal: not a git repository (or any of the parent directories): .git
2023-12-13 09:52:58.467 [info] > git rev-parse --show-toplevel [3ms]
2023-12-13 09:52:58.467 [info] fatal: not a git repository (or any of the parent directories): .git
2023-12-13 09:53:15.622 [info] > git rev-parse --show-toplevel [4ms]
2023-12-13 09:53:15.622 [info] fatal: not a git repository (or any of the parent directories): .git
2023-12-13 09:53:26.458 [info] > git rev-parse --show-toplevel [5ms]
2023-12-13 09:53:26.458 [info] fatal: not a git repository (or any of the parent directories): .git
