2023-12-13 08:24:32.415 [info] Experiment 'pythonRecommendTensorboardExtcf' is active
2023-12-13 08:24:32.415 [info] Experiment 'pythonREPLSmartSend' is active
2023-12-13 08:24:32.415 [info] Experiment 'pythonTerminalEnvVarActivation' is active
2023-12-13 08:24:32.415 [info] Experiment 'pythonTestAdapter' is active
2023-12-13 08:24:32.415 [info] Default formatter is set to null for workspace /home/kofta/dev/learning
2023-12-13 08:24:32.415 [info] Test server listening.
2023-12-13 08:24:32.415 [info] Python interpreter path: /bin/python
2023-12-13 08:24:32.709 [info] Send text to terminal: echo /usr/bin/zsh
2023-12-13 08:24:34.543 [info] > conda info --json
2023-12-13 08:24:35.710 [info] Shell integration is not working for zsh
2023-12-13 08:24:35.712 [warning] Shell integration is not active, environment activated maybe overriden by the shell.
2023-12-13 08:24:36.040 [info] Starting Pylance language server.
2023-12-13 08:39:56.980 [info] Discover tests for workspace name: learning - uri: /home/kofta/dev/learning/main.py
2023-12-13 08:42:02.627 [info] Discover tests for workspace name: learning - uri: /home/kofta/dev/learning/main.py
2023-12-13 08:42:05.929 [info] Discover tests for workspace name: learning - uri: /home/kofta/dev/learning/main.py
2023-12-13 08:42:16.819 [info] Discover tests for workspace name: learning - uri: /home/kofta/dev/learning/main.py
2023-12-13 08:42:21.813 [info] CreateEnv Trigger - Skipping for /home/kofta/dev/learning/main.py
2023-12-13 08:42:21.849 [info] Send text to terminal: /bin/python /home/kofta/dev/learning/main.py
2023-12-13 08:42:26.769 [info] Discover tests for workspace name: learning - uri: /home/kofta/dev/learning/main.py
2023-12-13 08:42:27.758 [info] Send text to terminal: /bin/python /home/kofta/dev/learning/main.py
2023-12-13 08:43:01.817 [info] Discover tests for workspace name: learning - uri: /home/kofta/dev/learning/main.py
2023-12-13 08:43:07.845 [info] Discover tests for workspace name: learning - uri: /home/kofta/dev/learning/main.py
2023-12-13 08:43:09.143 [info] Send text to terminal: /bin/python /home/kofta/dev/learning/main.py
2023-12-13 08:43:15.952 [info] Discover tests for workspace name: learning - uri: /home/kofta/dev/learning/main.py
2023-12-13 08:43:17.733 [info] Send text to terminal: /bin/python /home/kofta/dev/learning/main.py
2023-12-13 08:43:24.591 [info] Discover tests for workspace name: learning - uri: /home/kofta/dev/learning/main.py
2023-12-13 08:43:28.092 [info] Send text to terminal: /bin/python /home/kofta/dev/learning/main.py
2023-12-13 08:43:39.129 [info] Discover tests for workspace name: learning - uri: /home/kofta/dev/learning/main.py
2023-12-13 08:43:52.823 [info] Send text to terminal: /bin/python /home/kofta/dev/learning/main.py
2023-12-13 08:44:38.101 [info] Discover tests for workspace name: learning - uri: /home/kofta/dev/learning/main.py
2023-12-13 08:44:41.304 [info] Send text to terminal: /bin/python /home/kofta/dev/learning/main.py
2023-12-13 08:44:57.563 [info] Discover tests for workspace name: learning - uri: /home/kofta/dev/learning/main.py
2023-12-13 08:44:59.698 [info] Send text to terminal: /bin/python /home/kofta/dev/learning/main.py
2023-12-13 08:45:03.747 [info] Discover tests for workspace name: learning - uri: /home/kofta/dev/learning/main.py
2023-12-13 08:45:05.341 [info] Send text to terminal: /bin/python /home/kofta/dev/learning/main.py
2023-12-13 08:45:12.984 [info] Discover tests for workspace name: learning - uri: /home/kofta/dev/learning/main.py
2023-12-13 08:45:49.824 [info] Discover tests for workspace name: learning - uri: /home/kofta/dev/learning/main.py
2023-12-13 08:45:52.182 [info] Discover tests for workspace name: learning - uri: /home/kofta/dev/learning/main.py
2023-12-13 08:46:26.191 [info] Send text to terminal: /bin/python /home/kofta/dev/learning/main.py
2023-12-13 08:48:06.929 [info] Discover tests for workspace name: learning - uri: /home/kofta/dev/learning/main.py
2023-12-13 08:48:25.224 [info] Discover tests for workspace name: learning - uri: /home/kofta/dev/learning/main.py
2023-12-13 08:48:27.516 [info] Send text to terminal: /bin/python /home/kofta/dev/learning/main.py
2023-12-13 08:50:57.367 [info] Discover tests for workspace name: learning - uri: /home/kofta/dev/learning/main.py
2023-12-13 08:52:33.538 [info] Discover tests for workspace name: learning - uri: /home/kofta/dev/learning/main.py
2023-12-13 08:52:34.964 [info] Send text to terminal: /bin/python /home/kofta/dev/learning/main.py
2023-12-13 08:53:20.705 [info] Discover tests for workspace name: learning - uri: /home/kofta/dev/learning/main.py
2023-12-13 08:58:41.635 [info] Discover tests for workspace name: learning - uri: /home/kofta/dev/learning/main.py
2023-12-13 08:59:37.415 [info] Discover tests for workspace name: learning - uri: /home/kofta/dev/learning/main.py
2023-12-13 08:59:41.782 [info] Discover tests for workspace name: learning - uri: /home/kofta/dev/learning/main.py
2023-12-13 08:59:44.450 [info] Send text to terminal: /bin/python /home/kofta/dev/learning/main.py
2023-12-13 08:59:44.674 [info] Discover tests for workspace name: learning - uri: /home/kofta/dev/learning/main.py
2023-12-13 09:00:14.547 [info] Send text to terminal: /bin/python /home/kofta/dev/learning/main.py
2023-12-13 09:00:14.788 [info] Discover tests for workspace name: learning - uri: /home/kofta/dev/learning/main.py
2023-12-13 09:01:16.509 [info] Discover tests for workspace name: learning - uri: /home/kofta/dev/learning/main.py
2023-12-13 09:02:34.776 [info] Discover tests for workspace name: learning - uri: /home/kofta/dev/learning/main.py
2023-12-13 09:03:54.916 [info] Discover tests for workspace name: learning - uri: /home/kofta/dev/learning/main.py
2023-12-13 09:04:24.569 [info] Discover tests for workspace name: learning - uri: /home/kofta/dev/learning/main.py
2023-12-13 09:04:26.024 [info] Send text to terminal: /bin/python /home/kofta/dev/learning/main.py
2023-12-13 09:04:31.365 [info] Discover tests for workspace name: learning - uri: /home/kofta/dev/learning/main.py
2023-12-13 09:04:32.205 [info] Send text to terminal: /bin/python /home/kofta/dev/learning/main.py
2023-12-13 09:05:31.156 [info] Discover tests for workspace name: learning - uri: /home/kofta/dev/learning/2.py
2023-12-13 09:09:39.498 [info] Discover tests for workspace name: learning - uri: /home/kofta/dev/learning/2.py
2023-12-13 09:09:41.635 [info] Send text to terminal: /bin/python /home/kofta/dev/learning/2.py
2023-12-13 09:11:00.476 [info] > /bin/python ~/.vscode/extensions/ms-python.python-2023.22.0/pythonFiles/normalizeSelection.py
2023-12-13 09:11:00.550 [info] Send text to terminal: /bin/python
2023-12-13 09:11:09.029 [info] Selected file contains invalid Python or Deprecated Python 2 code
2023-12-13 09:13:21.077 [info] Discover tests for workspace name: learning - uri: /home/kofta/dev/learning/2.py
