2023-12-14 19:23:39.354 [info] Log level: Info
2023-12-14 19:23:39.354 [info] Validating found git in: "git"
2023-12-14 19:23:39.354 [info] Using git "2.43.0" from "git"
2023-12-14 19:23:39.354 [info] > git rev-parse --show-toplevel [5ms]
2023-12-14 19:23:39.354 [info] > git rev-parse --git-dir --git-common-dir [2ms]
2023-12-14 19:23:39.354 [info] Open repository: /home/kofta/configs
2023-12-14 19:23:39.354 [info] > git rev-parse --show-toplevel [13ms]
2023-12-14 19:23:39.354 [info] > git config --get commit.template [23ms]
2023-12-14 19:23:39.354 [info] > git rev-parse --show-toplevel [12ms]
2023-12-14 19:23:39.354 [info] > git for-each-ref --format=%(refname)%00%(upstream:short)%00%(objectname)%00%(upstream:track)%00%(upstream:remotename)%00%(upstream:remoteref) refs/heads/main refs/remotes/main [6ms]
2023-12-14 19:23:39.430 [info] > git status -z -uall [79ms]
2023-12-14 19:23:39.591 [info] > git config --get commit.template [2ms]
2023-12-14 19:23:39.635 [info] > git for-each-ref --format=%(refname)%00%(upstream:short)%00%(objectname)%00%(upstream:track)%00%(upstream:remotename)%00%(upstream:remoteref) refs/heads/main refs/remotes/main [2ms]
2023-12-14 19:23:39.676 [info] > git status -z -uall [29ms]
2023-12-14 19:23:39.955 [info] > git check-ignore -v -z --stdin [4ms]
2023-12-14 19:24:08.104 [info] > git config --get commit.template [2ms]
2023-12-14 19:24:08.121 [info] > git for-each-ref --format=%(refname)%00%(upstream:short)%00%(objectname)%00%(upstream:track)%00%(upstream:remotename)%00%(upstream:remoteref) refs/heads/main refs/remotes/main [2ms]
2023-12-14 19:24:08.156 [info] > git status -z -uall [22ms]
2023-12-14 19:24:45.935 [info] Log level: Info
2023-12-14 19:24:45.935 [info] Validating found git in: "git"
2023-12-14 19:24:45.935 [info] Using git "2.43.0" from "git"
2023-12-14 19:24:45.935 [info] > git rev-parse --show-toplevel [22ms]
2023-12-14 19:24:45.935 [info] fatal: not a git repository (or any of the parent directories): .git
2023-12-14 19:24:45.939 [info] > git rev-parse --show-toplevel [42ms]
2023-12-14 19:24:45.939 [info] fatal: not a git repository (or any of the parent directories): .git
2023-12-14 19:25:27.538 [info] Log level: Info
2023-12-14 19:25:27.538 [info] Validating found git in: "git"
2023-12-14 19:25:27.538 [info] Using git "2.43.0" from "git"
2023-12-14 19:25:27.538 [info] > git rev-parse --show-toplevel [3ms]
2023-12-14 19:25:27.538 [info] fatal: not a git repository (or any of the parent directories): .git
2023-12-14 19:25:27.605 [info] > git rev-parse --show-toplevel [6ms]
2023-12-14 19:25:27.605 [info] fatal: not a git repository (or any of the parent directories): .git
2023-12-14 19:25:27.698 [info] > git rev-parse --show-toplevel [3ms]
2023-12-14 19:25:27.698 [info] fatal: not a git repository (or any of the parent directories): .git
2023-12-14 19:25:27.875 [info] > git rev-parse --show-toplevel [8ms]
2023-12-14 19:25:27.875 [info] fatal: not a git repository (or any of the parent directories): .git
2023-12-14 19:25:28.055 [info] > git rev-parse --show-toplevel [2ms]
2023-12-14 19:25:28.056 [info] fatal: not a git repository (or any of the parent directories): .git
2023-12-14 19:26:55.088 [info] > git rev-parse --show-toplevel [3ms]
2023-12-14 19:26:55.101 [info] > git rev-parse --git-dir --git-common-dir [2ms]
2023-12-14 19:26:55.114 [info] Open repository: /home/kofta/dev/homework
2023-12-14 19:26:55.126 [info] > git config --get commit.template [2ms]
2023-12-14 19:26:55.138 [info] > git for-each-ref --format=%(refname)%00%(upstream:short)%00%(objectname)%00%(upstream:track)%00%(upstream:remotename)%00%(upstream:remoteref) refs/heads/main refs/remotes/main [3ms]
2023-12-14 19:26:55.147 [warning] ENOENT: no such file or directory, open '/home/kofta/dev/homework/.git/refs/remotes/origin/main'
2023-12-14 19:26:55.148 [info] > git rev-parse refs/remotes/origin/main [2ms]
2023-12-14 19:26:55.158 [info] > git status -z -uall [2ms]
2023-12-14 19:26:55.176 [info] > git config --get commit.template [1ms]
2023-12-14 19:26:55.187 [info] > git for-each-ref --format=%(refname)%00%(upstream:short)%00%(objectname)%00%(upstream:track)%00%(upstream:remotename)%00%(upstream:remoteref) refs/heads/main refs/remotes/main [2ms]
2023-12-14 19:26:55.194 [warning] ENOENT: no such file or directory, open '/home/kofta/dev/homework/.git/refs/remotes/origin/main'
2023-12-14 19:26:55.229 [info] > git rev-parse refs/remotes/origin/main [35ms]
2023-12-14 19:26:55.238 [info] > git status -z -uall [2ms]
2023-12-14 19:26:55.673 [info] > git check-ignore -v -z --stdin [3ms]
2023-12-14 19:28:41.202 [info] > git show --textconv :README.md [14ms]
2023-12-14 19:28:41.207 [info] > git ls-files --stage -- /home/kofta/dev/homework/README.md [6ms]
2023-12-14 19:28:41.258 [info] > git cat-file -s bf4ab9b454f4773fa9b98bf8bd823e4b7c4b1284 [40ms]
2023-12-14 19:28:45.757 [info] > git show --textconv :1.c [11ms]
2023-12-14 19:28:45.760 [info] > git ls-files --stage -- /home/kofta/dev/homework/1.c [4ms]
2023-12-14 19:28:45.776 [info] > git cat-file -s a0db4aae1bdb08494731f5589760917d70e4fad6 [7ms]
2023-12-14 19:28:47.501 [info] > git show --textconv :2 copy.c [13ms]
2023-12-14 19:28:47.502 [info] > git ls-files --stage -- /home/kofta/dev/homework/2 copy.c [2ms]
2023-12-14 19:28:47.760 [info] > git check-ignore -v -z --stdin [1ms]
2023-12-14 19:28:48.340 [info] > git config --get commit.template [13ms]
2023-12-14 19:28:48.341 [info] > git for-each-ref --format=%(refname)%00%(upstream:short)%00%(objectname)%00%(upstream:track)%00%(upstream:remotename)%00%(upstream:remoteref) refs/heads/main refs/remotes/main [1ms]
2023-12-14 19:28:48.354 [warning] ENOENT: no such file or directory, open '/home/kofta/dev/homework/.git/refs/remotes/origin/main'
2023-12-14 19:28:48.355 [info] > git rev-parse refs/remotes/origin/main [1ms]
2023-12-14 19:28:48.369 [info] > git status -z -uall [2ms]
2023-12-14 19:28:53.237 [info] > git show --textconv :1.c [12ms]
2023-12-14 19:28:53.238 [info] > git ls-files --stage -- /home/kofta/dev/homework/1.c [2ms]
2023-12-14 19:28:53.251 [info] > git cat-file -s a0db4aae1bdb08494731f5589760917d70e4fad6 [2ms]
2023-12-14 19:28:55.697 [info] > git config --get commit.template [11ms]
2023-12-14 19:28:55.698 [info] > git for-each-ref --format=%(refname)%00%(upstream:short)%00%(objectname)%00%(upstream:track)%00%(upstream:remotename)%00%(upstream:remoteref) refs/heads/main refs/remotes/main [3ms]
2023-12-14 19:28:55.708 [warning] ENOENT: no such file or directory, open '/home/kofta/dev/homework/.git/refs/remotes/origin/main'
2023-12-14 19:28:55.709 [info] > git rev-parse refs/remotes/origin/main [1ms]
2023-12-14 19:28:55.722 [info] > git status -z -uall [2ms]
2023-12-14 19:28:57.394 [info] > git show --textconv :README.md [12ms]
2023-12-14 19:28:57.395 [info] > git ls-files --stage -- /home/kofta/dev/homework/README.md [1ms]
2023-12-14 19:28:57.406 [info] > git cat-file -s bf4ab9b454f4773fa9b98bf8bd823e4b7c4b1284 [1ms]
2023-12-14 19:29:06.586 [info] > git config --get commit.template [12ms]
2023-12-14 19:29:06.586 [info] > git for-each-ref --format=%(refname)%00%(upstream:short)%00%(objectname)%00%(upstream:track)%00%(upstream:remotename)%00%(upstream:remoteref) refs/heads/main refs/remotes/main [1ms]
2023-12-14 19:29:06.596 [warning] ENOENT: no such file or directory, open '/home/kofta/dev/homework/.git/refs/remotes/origin/main'
2023-12-14 19:29:06.597 [info] > git rev-parse refs/remotes/origin/main [1ms]
2023-12-14 19:29:06.609 [info] > git status -z -uall [1ms]
2023-12-14 19:29:20.211 [info] > git config --get commit.template [1ms]
2023-12-14 19:29:20.223 [info] > git for-each-ref --format=%(refname)%00%(upstream:short)%00%(objectname)%00%(upstream:track)%00%(upstream:remotename)%00%(upstream:remoteref) refs/heads/main refs/remotes/main [1ms]
2023-12-14 19:29:20.233 [warning] ENOENT: no such file or directory, open '/home/kofta/dev/homework/.git/refs/remotes/origin/main'
2023-12-14 19:29:20.234 [info] > git rev-parse refs/remotes/origin/main [1ms]
2023-12-14 19:29:20.245 [info] > git status -z -uall [1ms]
2023-12-14 19:29:44.710 [info] > git check-ignore -v -z --stdin [15ms]
2023-12-14 19:29:44.780 [info] > git show --textconv :main.py [55ms]
2023-12-14 19:29:44.780 [info] > git ls-files --stage -- /home/kofta/dev/homework/main.py [41ms]
2023-12-14 19:29:45.567 [info] > git config --get commit.template [15ms]
2023-12-14 19:29:45.586 [info] > git for-each-ref --format=%(refname)%00%(upstream:short)%00%(objectname)%00%(upstream:track)%00%(upstream:remotename)%00%(upstream:remoteref) refs/heads/main refs/remotes/main [2ms]
2023-12-14 19:29:45.602 [warning] ENOENT: no such file or directory, open '/home/kofta/dev/homework/.git/refs/remotes/origin/main'
2023-12-14 19:29:45.612 [info] > git rev-parse refs/remotes/origin/main [10ms]
2023-12-14 19:29:45.643 [info] > git status -z -uall [17ms]
2023-12-14 19:29:47.450 [info] > git ls-files --stage -- /home/kofta/dev/homework/main.py [2ms]
2023-12-14 19:29:47.470 [info] > git show --textconv :main.py [2ms]
2023-12-14 19:29:50.672 [info] > git config --get commit.template [10ms]
2023-12-14 19:29:50.687 [info] > git for-each-ref --format=%(refname)%00%(upstream:short)%00%(objectname)%00%(upstream:track)%00%(upstream:remotename)%00%(upstream:remoteref) refs/heads/main refs/remotes/main [1ms]
2023-12-14 19:29:50.701 [warning] ENOENT: no such file or directory, open '/home/kofta/dev/homework/.git/refs/remotes/origin/main'
2023-12-14 19:29:50.702 [info] > git rev-parse refs/remotes/origin/main [1ms]
2023-12-14 19:29:50.727 [info] > git status -z -uall [3ms]
2023-12-14 19:30:50.391 [info] > git for-each-ref --format=%(refname)%00%(upstream:short)%00%(objectname)%00%(upstream:track)%00%(upstream:remotename)%00%(upstream:remoteref) refs/heads/main refs/remotes/main [2ms]
2023-12-14 19:30:50.391 [info] > git config --get commit.template [20ms]
2023-12-14 19:30:50.404 [warning] ENOENT: no such file or directory, open '/home/kofta/dev/homework/.git/refs/remotes/origin/main'
2023-12-14 19:30:50.405 [info] > git rev-parse refs/remotes/origin/main [1ms]
2023-12-14 19:30:50.423 [info] > git status -z -uall [2ms]
2023-12-14 19:31:41.266 [info] > git config --get commit.template [20ms]
2023-12-14 19:31:41.267 [info] > git for-each-ref --format=%(refname)%00%(upstream:short)%00%(objectname)%00%(upstream:track)%00%(upstream:remotename)%00%(upstream:remoteref) refs/heads/main refs/remotes/main [2ms]
2023-12-14 19:31:41.286 [warning] ENOENT: no such file or directory, open '/home/kofta/dev/homework/.git/refs/remotes/origin/main'
2023-12-14 19:31:41.288 [info] > git rev-parse refs/remotes/origin/main [2ms]
2023-12-14 19:31:41.302 [info] > git status -z -uall [2ms]
2023-12-14 19:32:15.832 [info] > git config --get commit.template [14ms]
2023-12-14 19:32:15.832 [info] > git for-each-ref --format=%(refname)%00%(upstream:short)%00%(objectname)%00%(upstream:track)%00%(upstream:remotename)%00%(upstream:remoteref) refs/heads/main refs/remotes/main [1ms]
2023-12-14 19:32:15.845 [warning] ENOENT: no such file or directory, open '/home/kofta/dev/homework/.git/refs/remotes/origin/main'
2023-12-14 19:32:15.845 [info] > git rev-parse refs/remotes/origin/main [0ms]
2023-12-14 19:32:15.860 [info] > git status -z -uall [2ms]
2023-12-14 19:32:48.893 [info] > git config --get commit.template [1ms]
2023-12-14 19:32:48.913 [info] > git for-each-ref --format=%(refname)%00%(upstream:short)%00%(objectname)%00%(upstream:track)%00%(upstream:remotename)%00%(upstream:remoteref) refs/heads/main refs/remotes/main [1ms]
2023-12-14 19:32:48.933 [warning] ENOENT: no such file or directory, open '/home/kofta/dev/homework/.git/refs/remotes/origin/main'
2023-12-14 19:32:48.934 [info] > git rev-parse refs/remotes/origin/main [1ms]
2023-12-14 19:32:48.949 [info] > git status -z -uall [2ms]
2023-12-14 19:32:53.040 [info] > git show --textconv :1.txt [24ms]
2023-12-14 19:32:53.043 [info] > git ls-files --stage -- /home/kofta/dev/homework/1.txt [3ms]
2023-12-14 19:32:53.270 [info] > git check-ignore -v -z --stdin [1ms]
2023-12-14 19:32:53.998 [info] > git config --get commit.template [24ms]
2023-12-14 19:32:53.999 [info] > git for-each-ref --format=%(refname)%00%(upstream:short)%00%(objectname)%00%(upstream:track)%00%(upstream:remotename)%00%(upstream:remoteref) refs/heads/main refs/remotes/main [2ms]
2023-12-14 19:32:54.017 [warning] ENOENT: no such file or directory, open '/home/kofta/dev/homework/.git/refs/remotes/origin/main'
2023-12-14 19:32:54.019 [info] > git rev-parse refs/remotes/origin/main [2ms]
2023-12-14 19:32:54.033 [info] > git status -z -uall [2ms]
2023-12-14 19:32:56.962 [info] > git show --textconv :main.py [14ms]
2023-12-14 19:32:56.963 [info] > git ls-files --stage -- /home/kofta/dev/homework/main.py [1ms]
2023-12-14 19:32:59.072 [info] > git config --get commit.template [18ms]
2023-12-14 19:32:59.074 [info] > git for-each-ref --format=%(refname)%00%(upstream:short)%00%(objectname)%00%(upstream:track)%00%(upstream:remotename)%00%(upstream:remoteref) refs/heads/main refs/remotes/main [2ms]
2023-12-14 19:32:59.087 [warning] ENOENT: no such file or directory, open '/home/kofta/dev/homework/.git/refs/remotes/origin/main'
2023-12-14 19:32:59.089 [info] > git rev-parse refs/remotes/origin/main [2ms]
2023-12-14 19:32:59.104 [info] > git status -z -uall [1ms]
2023-12-14 19:33:00.713 [info] > git ls-files --stage -- /home/kofta/dev/homework/main.py [1ms]
2023-12-14 19:33:00.730 [info] > git show --textconv :main.py [1ms]
2023-12-14 19:33:04.141 [info] > git config --get commit.template [15ms]
2023-12-14 19:33:04.142 [info] > git for-each-ref --format=%(refname)%00%(upstream:short)%00%(objectname)%00%(upstream:track)%00%(upstream:remotename)%00%(upstream:remoteref) refs/heads/main refs/remotes/main [1ms]
2023-12-14 19:33:04.155 [warning] ENOENT: no such file or directory, open '/home/kofta/dev/homework/.git/refs/remotes/origin/main'
2023-12-14 19:33:04.157 [info] > git rev-parse refs/remotes/origin/main [2ms]
2023-12-14 19:33:04.171 [info] > git status -z -uall [1ms]
2023-12-14 19:34:10.650 [info] > git config --get commit.template [14ms]
2023-12-14 19:34:10.651 [info] > git for-each-ref --format=%(refname)%00%(upstream:short)%00%(objectname)%00%(upstream:track)%00%(upstream:remotename)%00%(upstream:remoteref) refs/heads/main refs/remotes/main [1ms]
2023-12-14 19:34:10.669 [warning] ENOENT: no such file or directory, open '/home/kofta/dev/homework/.git/refs/remotes/origin/main'
2023-12-14 19:34:10.671 [info] > git rev-parse refs/remotes/origin/main [2ms]
2023-12-14 19:34:10.687 [info] > git status -z -uall [2ms]
2023-12-14 19:34:47.073 [info] > git config --get commit.template [1ms]
2023-12-14 19:34:47.087 [info] > git for-each-ref --format=%(refname)%00%(upstream:short)%00%(objectname)%00%(upstream:track)%00%(upstream:remotename)%00%(upstream:remoteref) refs/heads/main refs/remotes/main [1ms]
2023-12-14 19:34:47.100 [warning] ENOENT: no such file or directory, open '/home/kofta/dev/homework/.git/refs/remotes/origin/main'
2023-12-14 19:34:47.100 [info] > git rev-parse refs/remotes/origin/main [0ms]
2023-12-14 19:34:47.114 [info] > git status -z -uall [1ms]
2023-12-14 19:34:58.182 [info] > git config --get commit.template [2ms]
2023-12-14 19:34:58.195 [info] > git for-each-ref --format=%(refname)%00%(upstream:short)%00%(objectname)%00%(upstream:track)%00%(upstream:remotename)%00%(upstream:remoteref) refs/heads/main refs/remotes/main [1ms]
2023-12-14 19:34:58.215 [warning] ENOENT: no such file or directory, open '/home/kofta/dev/homework/.git/refs/remotes/origin/main'
2023-12-14 19:34:58.216 [info] > git rev-parse refs/remotes/origin/main [1ms]
2023-12-14 19:34:58.236 [info] > git status -z -uall [2ms]
2023-12-14 19:35:13.770 [info] > git config --get commit.template [24ms]
2023-12-14 19:35:13.772 [info] > git for-each-ref --format=%(refname)%00%(upstream:short)%00%(objectname)%00%(upstream:track)%00%(upstream:remotename)%00%(upstream:remoteref) refs/heads/main refs/remotes/main [3ms]
2023-12-14 19:35:13.791 [warning] ENOENT: no such file or directory, open '/home/kofta/dev/homework/.git/refs/remotes/origin/main'
2023-12-14 19:35:13.792 [info] > git rev-parse refs/remotes/origin/main [2ms]
2023-12-14 19:35:13.812 [info] > git status -z -uall [2ms]
2023-12-14 19:35:25.686 [info] > git config --get commit.template [1ms]
2023-12-14 19:35:25.703 [info] > git for-each-ref --format=%(refname)%00%(upstream:short)%00%(objectname)%00%(upstream:track)%00%(upstream:remotename)%00%(upstream:remoteref) refs/heads/main refs/remotes/main [1ms]
2023-12-14 19:35:25.716 [warning] ENOENT: no such file or directory, open '/home/kofta/dev/homework/.git/refs/remotes/origin/main'
2023-12-14 19:35:25.718 [info] > git rev-parse refs/remotes/origin/main [1ms]
2023-12-14 19:35:25.733 [info] > git status -z -uall [1ms]
2023-12-14 19:36:55.485 [info] > git show --textconv :main.py [16ms]
2023-12-14 19:36:55.486 [info] > git ls-files --stage -- /home/kofta/dev/homework/main.py [1ms]
2023-12-14 19:36:56.139 [info] > git show --textconv :1.txt [15ms]
2023-12-14 19:36:56.139 [info] > git ls-files --stage -- /home/kofta/dev/homework/1.txt [1ms]
2023-12-14 19:36:56.298 [info] > git config --get commit.template [2ms]
2023-12-14 19:36:56.314 [info] > git for-each-ref --format=%(refname)%00%(upstream:short)%00%(objectname)%00%(upstream:track)%00%(upstream:remotename)%00%(upstream:remoteref) refs/heads/main refs/remotes/main [1ms]
2023-12-14 19:36:56.327 [warning] ENOENT: no such file or directory, open '/home/kofta/dev/homework/.git/refs/remotes/origin/main'
2023-12-14 19:36:56.328 [info] > git rev-parse refs/remotes/origin/main [1ms]
2023-12-14 19:36:56.343 [info] > git status -z -uall [1ms]
2023-12-14 19:36:56.703 [info] > git show --textconv :main.py [17ms]
2023-12-14 19:36:56.706 [info] > git ls-files --stage -- /home/kofta/dev/homework/main.py [2ms]
2023-12-14 19:36:57.821 [info] > git show --textconv :run [19ms]
2023-12-14 19:36:57.824 [info] > git ls-files --stage -- /home/kofta/dev/homework/run [4ms]
2023-12-14 19:36:57.848 [info] > git cat-file -s 2be4c01b22a24d7ba4e1e3d755a0ce7797ada5d5 [1ms]
2023-12-14 19:37:01.368 [info] > git config --get commit.template [2ms]
2023-12-14 19:37:01.386 [info] > git for-each-ref --format=%(refname)%00%(upstream:short)%00%(objectname)%00%(upstream:track)%00%(upstream:remotename)%00%(upstream:remoteref) refs/heads/main refs/remotes/main [2ms]
2023-12-14 19:37:01.404 [warning] ENOENT: no such file or directory, open '/home/kofta/dev/homework/.git/refs/remotes/origin/main'
2023-12-14 19:37:01.405 [info] > git rev-parse refs/remotes/origin/main [1ms]
2023-12-14 19:37:01.425 [info] > git status -z -uall [2ms]
2023-12-14 19:37:15.094 [info] > git show --textconv :.gitignore [26ms]
2023-12-14 19:37:15.096 [info] > git ls-files --stage -- /home/kofta/dev/homework/.gitignore [3ms]
2023-12-14 19:37:15.344 [info] > git check-ignore -v -z --stdin [1ms]
2023-12-14 19:37:15.923 [info] > git config --get commit.template [20ms]
2023-12-14 19:37:15.924 [info] > git for-each-ref --format=%(refname)%00%(upstream:short)%00%(objectname)%00%(upstream:track)%00%(upstream:remotename)%00%(upstream:remoteref) refs/heads/main refs/remotes/main [2ms]
2023-12-14 19:37:15.940 [warning] ENOENT: no such file or directory, open '/home/kofta/dev/homework/.git/refs/remotes/origin/main'
2023-12-14 19:37:15.941 [info] > git rev-parse refs/remotes/origin/main [1ms]
2023-12-14 19:37:15.963 [info] > git status -z -uall [3ms]
2023-12-14 19:37:19.662 [info] > git check-ignore -v -z --stdin [2ms]
2023-12-14 19:37:20.941 [info] > git show --textconv :main.py [18ms]
2023-12-14 19:37:20.942 [info] > git ls-files --stage -- /home/kofta/dev/homework/main.py [2ms]
2023-12-14 19:37:21.006 [info] > git config --get commit.template [20ms]
2023-12-14 19:37:21.007 [info] > git for-each-ref --format=%(refname)%00%(upstream:short)%00%(objectname)%00%(upstream:track)%00%(upstream:remotename)%00%(upstream:remoteref) refs/heads/main refs/remotes/main [3ms]
2023-12-14 19:37:21.021 [warning] ENOENT: no such file or directory, open '/home/kofta/dev/homework/.git/refs/remotes/origin/main'
2023-12-14 19:37:21.022 [info] > git rev-parse refs/remotes/origin/main [1ms]
2023-12-14 19:37:21.038 [info] > git status -z -uall [2ms]
2023-12-14 19:37:23.422 [info] > git show --textconv :README.md [21ms]
2023-12-14 19:37:23.422 [info] > git ls-files --stage -- /home/kofta/dev/homework/README.md [2ms]
2023-12-14 19:37:23.441 [info] > git cat-file -s bf4ab9b454f4773fa9b98bf8bd823e4b7c4b1284 [2ms]
2023-12-14 19:37:24.562 [info] > git show --textconv :main.py [24ms]
2023-12-14 19:37:24.562 [info] > git ls-files --stage -- /home/kofta/dev/homework/main.py [1ms]
2023-12-14 19:37:33.952 [info] > git show --textconv :read_file.py [14ms]
2023-12-14 19:37:33.953 [info] > git ls-files --stage -- /home/kofta/dev/homework/read_file.py [1ms]
2023-12-14 19:37:34.223 [info] > git check-ignore -v -z --stdin [2ms]
2023-12-14 19:37:34.773 [info] > git config --get commit.template [1ms]
2023-12-14 19:37:34.789 [info] > git for-each-ref --format=%(refname)%00%(upstream:short)%00%(objectname)%00%(upstream:track)%00%(upstream:remotename)%00%(upstream:remoteref) refs/heads/main refs/remotes/main [2ms]
2023-12-14 19:37:34.804 [warning] ENOENT: no such file or directory, open '/home/kofta/dev/homework/.git/refs/remotes/origin/main'
2023-12-14 19:37:34.805 [info] > git rev-parse refs/remotes/origin/main [1ms]
2023-12-14 19:37:34.820 [info] > git status -z -uall [1ms]
2023-12-14 19:37:42.027 [info] > git show --textconv :.gitignore [21ms]
2023-12-14 19:37:42.028 [info] > git ls-files --stage -- /home/kofta/dev/homework/.gitignore [2ms]
2023-12-14 19:37:44.183 [info] > git show --textconv :read_file.py [15ms]
2023-12-14 19:37:44.184 [info] > git ls-files --stage -- /home/kofta/dev/homework/read_file.py [2ms]
2023-12-14 19:37:45.512 [info] > git config --get commit.template [20ms]
2023-12-14 19:37:45.513 [info] > git for-each-ref --format=%(refname)%00%(upstream:short)%00%(objectname)%00%(upstream:track)%00%(upstream:remotename)%00%(upstream:remoteref) refs/heads/main refs/remotes/main [1ms]
2023-12-14 19:37:45.535 [warning] ENOENT: no such file or directory, open '/home/kofta/dev/homework/.git/refs/remotes/origin/main'
2023-12-14 19:37:45.536 [info] > git rev-parse refs/remotes/origin/main [1ms]
2023-12-14 19:37:45.555 [info] > git status -z -uall [1ms]
2023-12-14 19:37:45.895 [info] > git show --textconv :.gitignore [16ms]
2023-12-14 19:37:45.895 [info] > git ls-files --stage -- /home/kofta/dev/homework/.gitignore [2ms]
2023-12-14 19:37:46.179 [info] > git show --textconv :README.md [14ms]
2023-12-14 19:37:46.180 [info] > git ls-files --stage -- /home/kofta/dev/homework/README.md [2ms]
2023-12-14 19:37:46.194 [info] > git cat-file -s bf4ab9b454f4773fa9b98bf8bd823e4b7c4b1284 [2ms]
2023-12-14 19:37:47.149 [info] > git show --textconv :.gitignore [15ms]
2023-12-14 19:37:47.150 [info] > git ls-files --stage -- /home/kofta/dev/homework/.gitignore [1ms]
2023-12-14 19:37:51.558 [info] > git show --textconv :read_file.py [15ms]
2023-12-14 19:37:51.559 [info] > git ls-files --stage -- /home/kofta/dev/homework/read_file.py [1ms]
2023-12-14 19:37:52.446 [info] > git show --textconv :.gitignore [19ms]
2023-12-14 19:37:52.448 [info] > git ls-files --stage -- /home/kofta/dev/homework/.gitignore [3ms]
2023-12-14 19:39:20.058 [info] > git check-ignore -v -z --stdin [1ms]
2023-12-14 19:39:25.972 [info] > git check-ignore -v -z --stdin [1ms]
2023-12-14 19:39:39.343 [info] > git config --get commit.template [18ms]
2023-12-14 19:39:39.343 [info] > git for-each-ref --format=%(refname)%00%(upstream:short)%00%(objectname)%00%(upstream:track)%00%(upstream:remotename)%00%(upstream:remoteref) refs/heads/main refs/remotes/main [1ms]
2023-12-14 19:39:39.359 [warning] ENOENT: no such file or directory, open '/home/kofta/dev/homework/.git/refs/remotes/origin/main'
2023-12-14 19:39:39.361 [info] > git rev-parse refs/remotes/origin/main [1ms]
2023-12-14 19:39:39.377 [info] > git status -z -uall [2ms]
2023-12-14 19:39:41.671 [info] > git check-ignore -v -z --stdin [2ms]
2023-12-14 19:39:42.500 [info] > git show --textconv :files/25.txt [18ms]
2023-12-14 19:39:42.502 [info] > git ls-files --stage -- /home/kofta/dev/homework/files/25.txt [3ms]
2023-12-14 19:39:44.418 [info] > git config --get commit.template [19ms]
2023-12-14 19:39:44.419 [info] > git for-each-ref --format=%(refname)%00%(upstream:short)%00%(objectname)%00%(upstream:track)%00%(upstream:remotename)%00%(upstream:remoteref) refs/heads/main refs/remotes/main [2ms]
2023-12-14 19:39:44.432 [warning] ENOENT: no such file or directory, open '/home/kofta/dev/homework/.git/refs/remotes/origin/main'
2023-12-14 19:39:44.433 [info] > git rev-parse refs/remotes/origin/main [1ms]
2023-12-14 19:39:44.447 [info] > git status -z -uall [1ms]
2023-12-14 19:39:53.742 [info] > git config --get commit.template [15ms]
2023-12-14 19:39:53.755 [info] > git check-ignore -v -z --stdin [14ms]
2023-12-14 19:39:53.756 [info] > git for-each-ref --format=%(refname)%00%(upstream:short)%00%(objectname)%00%(upstream:track)%00%(upstream:remotename)%00%(upstream:remoteref) refs/heads/main refs/remotes/main [2ms]
2023-12-14 19:39:53.770 [warning] ENOENT: no such file or directory, open '/home/kofta/dev/homework/.git/refs/remotes/origin/main'
2023-12-14 19:39:53.771 [info] > git rev-parse refs/remotes/origin/main [1ms]
2023-12-14 19:39:53.787 [info] > git status -z -uall [2ms]
2023-12-14 19:39:54.397 [info] > git show --textconv :25.py [14ms]
2023-12-14 19:39:54.398 [info] > git ls-files --stage -- /home/kofta/dev/homework/25.py [2ms]
2023-12-14 19:40:02.533 [info] > git show --textconv :README.md [13ms]
2023-12-14 19:40:02.534 [info] > git ls-files --stage -- /home/kofta/dev/homework/README.md [2ms]
2023-12-14 19:40:02.549 [info] > git cat-file -s bf4ab9b454f4773fa9b98bf8bd823e4b7c4b1284 [1ms]
2023-12-14 19:40:04.051 [info] > git show --textconv :read_file.py [19ms]
2023-12-14 19:40:04.053 [info] > git ls-files --stage -- /home/kofta/dev/homework/read_file.py [2ms]
2023-12-14 19:40:08.181 [info] > git config --get commit.template [1ms]
2023-12-14 19:40:08.195 [info] > git for-each-ref --format=%(refname)%00%(upstream:short)%00%(objectname)%00%(upstream:track)%00%(upstream:remotename)%00%(upstream:remoteref) refs/heads/main refs/remotes/main [1ms]
2023-12-14 19:40:08.208 [warning] ENOENT: no such file or directory, open '/home/kofta/dev/homework/.git/refs/remotes/origin/main'
2023-12-14 19:40:08.210 [info] > git rev-parse refs/remotes/origin/main [2ms]
2023-12-14 19:40:08.224 [info] > git status -z -uall [2ms]
2023-12-14 19:40:08.934 [info] > git show --textconv :25.py [13ms]
2023-12-14 19:40:08.935 [info] > git ls-files --stage -- /home/kofta/dev/homework/25.py [2ms]
2023-12-14 19:40:10.729 [info] > git show --textconv :read_file.py [20ms]
2023-12-14 19:40:10.731 [info] > git ls-files --stage -- /home/kofta/dev/homework/read_file.py [3ms]
2023-12-14 19:40:11.678 [info] > git show --textconv :25.py [15ms]
2023-12-14 19:40:11.679 [info] > git ls-files --stage -- /home/kofta/dev/homework/25.py [2ms]
2023-12-14 19:40:13.247 [info] > git config --get commit.template [1ms]
2023-12-14 19:40:13.267 [info] > git for-each-ref --format=%(refname)%00%(upstream:short)%00%(objectname)%00%(upstream:track)%00%(upstream:remotename)%00%(upstream:remoteref) refs/heads/main refs/remotes/main [2ms]
2023-12-14 19:40:13.283 [warning] ENOENT: no such file or directory, open '/home/kofta/dev/homework/.git/refs/remotes/origin/main'
2023-12-14 19:40:13.284 [info] > git rev-parse refs/remotes/origin/main [1ms]
2023-12-14 19:40:13.298 [info] > git status -z -uall [2ms]
2023-12-14 19:40:16.528 [info] > git show --textconv :run [17ms]
2023-12-14 19:40:16.529 [info] > git ls-files --stage -- /home/kofta/dev/homework/run [2ms]
2023-12-14 19:40:16.543 [info] > git cat-file -s 2be4c01b22a24d7ba4e1e3d755a0ce7797ada5d5 [1ms]
2023-12-14 19:40:17.338 [info] > git show --textconv :.gitignore [19ms]
2023-12-14 19:40:17.340 [info] > git ls-files --stage -- /home/kofta/dev/homework/.gitignore [3ms]
2023-12-14 19:40:18.717 [info] > git show --textconv :25.py [15ms]
2023-12-14 19:40:18.718 [info] > git ls-files --stage -- /home/kofta/dev/homework/25.py [2ms]
2023-12-14 19:40:21.940 [info] > git config --get commit.template [1ms]
2023-12-14 19:40:21.968 [info] > git for-each-ref --format=%(refname)%00%(upstream:short)%00%(objectname)%00%(upstream:track)%00%(upstream:remotename)%00%(upstream:remoteref) refs/heads/main refs/remotes/main [3ms]
2023-12-14 19:40:21.988 [warning] ENOENT: no such file or directory, open '/home/kofta/dev/homework/.git/refs/remotes/origin/main'
2023-12-14 19:40:21.989 [info] > git rev-parse refs/remotes/origin/main [1ms]
2023-12-14 19:40:22.008 [info] > git status -z -uall [1ms]
2023-12-14 19:40:54.359 [info] > git config --get commit.template [3ms]
2023-12-14 19:40:54.382 [info] > git for-each-ref --format=%(refname)%00%(upstream:short)%00%(objectname)%00%(upstream:track)%00%(upstream:remotename)%00%(upstream:remoteref) refs/heads/main refs/remotes/main [2ms]
2023-12-14 19:40:54.404 [warning] ENOENT: no such file or directory, open '/home/kofta/dev/homework/.git/refs/remotes/origin/main'
2023-12-14 19:40:54.406 [info] > git rev-parse refs/remotes/origin/main [2ms]
2023-12-14 19:40:54.422 [info] > git status -z -uall [1ms]
2023-12-14 19:41:06.732 [info] > git config --get commit.template [1ms]
2023-12-14 19:41:06.747 [info] > git for-each-ref --format=%(refname)%00%(upstream:short)%00%(objectname)%00%(upstream:track)%00%(upstream:remotename)%00%(upstream:remoteref) refs/heads/main refs/remotes/main [2ms]
2023-12-14 19:41:06.760 [warning] ENOENT: no such file or directory, open '/home/kofta/dev/homework/.git/refs/remotes/origin/main'
2023-12-14 19:41:06.762 [info] > git rev-parse refs/remotes/origin/main [1ms]
2023-12-14 19:41:06.776 [info] > git status -z -uall [1ms]
2023-12-14 19:41:34.424 [info] > git config --get commit.template [19ms]
2023-12-14 19:41:34.425 [info] > git for-each-ref --format=%(refname)%00%(upstream:short)%00%(objectname)%00%(upstream:track)%00%(upstream:remotename)%00%(upstream:remoteref) refs/heads/main refs/remotes/main [2ms]
2023-12-14 19:41:34.442 [warning] ENOENT: no such file or directory, open '/home/kofta/dev/homework/.git/refs/remotes/origin/main'
2023-12-14 19:41:34.443 [info] > git rev-parse refs/remotes/origin/main [1ms]
2023-12-14 19:41:34.463 [info] > git status -z -uall [1ms]
2023-12-14 19:45:39.426 [info] > git show --textconv :template.py [14ms]
2023-12-14 19:45:39.427 [info] > git ls-files --stage -- /home/kofta/dev/homework/template.py [2ms]
2023-12-14 19:45:39.691 [info] > git check-ignore -v -z --stdin [2ms]
2023-12-14 19:45:40.242 [info] > git config --get commit.template [2ms]
2023-12-14 19:45:40.258 [info] > git for-each-ref --format=%(refname)%00%(upstream:short)%00%(objectname)%00%(upstream:track)%00%(upstream:remotename)%00%(upstream:remoteref) refs/heads/main refs/remotes/main [2ms]
2023-12-14 19:45:40.271 [warning] ENOENT: no such file or directory, open '/home/kofta/dev/homework/.git/refs/remotes/origin/main'
2023-12-14 19:45:40.272 [info] > git rev-parse refs/remotes/origin/main [1ms]
2023-12-14 19:45:40.287 [info] > git status -z -uall [2ms]
2023-12-14 19:47:02.840 [info] > git config --get commit.template [13ms]
2023-12-14 19:47:02.840 [info] > git for-each-ref --format=%(refname)%00%(upstream:short)%00%(objectname)%00%(upstream:track)%00%(upstream:remotename)%00%(upstream:remoteref) refs/heads/main refs/remotes/main [1ms]
2023-12-14 19:47:02.855 [warning] ENOENT: no such file or directory, open '/home/kofta/dev/homework/.git/refs/remotes/origin/main'
2023-12-14 19:47:02.856 [info] > git rev-parse refs/remotes/origin/main [1ms]
2023-12-14 19:47:02.877 [info] > git status -z -uall [2ms]
2023-12-14 19:47:03.410 [info] > git show --textconv :25.py [19ms]
2023-12-14 19:47:03.412 [info] > git ls-files --stage -- /home/kofta/dev/homework/25.py [2ms]
2023-12-14 19:48:52.895 [info] > git config --get commit.template [14ms]
2023-12-14 19:48:52.895 [info] > git for-each-ref --format=%(refname)%00%(upstream:short)%00%(objectname)%00%(upstream:track)%00%(upstream:remotename)%00%(upstream:remoteref) refs/heads/main refs/remotes/main [1ms]
2023-12-14 19:48:52.909 [warning] ENOENT: no such file or directory, open '/home/kofta/dev/homework/.git/refs/remotes/origin/main'
2023-12-14 19:48:52.910 [info] > git rev-parse refs/remotes/origin/main [2ms]
2023-12-14 19:48:52.925 [info] > git status -z -uall [1ms]
2023-12-14 19:49:25.817 [info] > git show --textconv :template.py [16ms]
2023-12-14 19:49:25.818 [info] > git ls-files --stage -- /home/kofta/dev/homework/template.py [1ms]
2023-12-14 19:49:34.685 [info] > git show --textconv :26.py [19ms]
2023-12-14 19:49:34.687 [info] > git ls-files --stage -- /home/kofta/dev/homework/26.py [3ms]
2023-12-14 19:49:34.948 [info] > git check-ignore -v -z --stdin [3ms]
2023-12-14 19:49:35.495 [info] > git config --get commit.template [3ms]
2023-12-14 19:49:35.512 [info] > git for-each-ref --format=%(refname)%00%(upstream:short)%00%(objectname)%00%(upstream:track)%00%(upstream:remotename)%00%(upstream:remoteref) refs/heads/main refs/remotes/main [2ms]
2023-12-14 19:49:35.527 [warning] ENOENT: no such file or directory, open '/home/kofta/dev/homework/.git/refs/remotes/origin/main'
2023-12-14 19:49:35.528 [info] > git rev-parse refs/remotes/origin/main [1ms]
2023-12-14 19:49:35.545 [info] > git status -z -uall [2ms]
2023-12-14 19:53:15.364 [info] > git config --get commit.template [14ms]
2023-12-14 19:53:15.365 [info] > git for-each-ref --format=%(refname)%00%(upstream:short)%00%(objectname)%00%(upstream:track)%00%(upstream:remotename)%00%(upstream:remoteref) refs/heads/main refs/remotes/main [2ms]
2023-12-14 19:53:15.379 [warning] ENOENT: no such file or directory, open '/home/kofta/dev/homework/.git/refs/remotes/origin/main'
2023-12-14 19:53:15.381 [info] > git rev-parse refs/remotes/origin/main [1ms]
2023-12-14 19:53:15.398 [info] > git status -z -uall [2ms]
2023-12-14 19:53:29.200 [info] > git config --get commit.template [1ms]
2023-12-14 19:53:29.215 [info] > git for-each-ref --format=%(refname)%00%(upstream:short)%00%(objectname)%00%(upstream:track)%00%(upstream:remotename)%00%(upstream:remoteref) refs/heads/main refs/remotes/main [1ms]
2023-12-14 19:53:29.229 [warning] ENOENT: no such file or directory, open '/home/kofta/dev/homework/.git/refs/remotes/origin/main'
2023-12-14 19:53:29.230 [info] > git rev-parse refs/remotes/origin/main [1ms]
2023-12-14 19:53:29.246 [info] > git status -z -uall [1ms]
2023-12-14 19:53:34.896 [info] > git show --textconv :files/26.txt [19ms]
2023-12-14 19:53:34.898 [info] > git ls-files --stage -- /home/kofta/dev/homework/files/26.txt [2ms]
2023-12-14 19:53:38.515 [info] > git show --textconv :26.py [16ms]
2023-12-14 19:53:38.515 [info] > git ls-files --stage -- /home/kofta/dev/homework/26.py [1ms]
2023-12-14 19:53:48.272 [info] > git config --get commit.template [20ms]
2023-12-14 19:53:48.273 [info] > git for-each-ref --format=%(refname)%00%(upstream:short)%00%(objectname)%00%(upstream:track)%00%(upstream:remotename)%00%(upstream:remoteref) refs/heads/main refs/remotes/main [2ms]
2023-12-14 19:53:48.288 [warning] ENOENT: no such file or directory, open '/home/kofta/dev/homework/.git/refs/remotes/origin/main'
2023-12-14 19:53:48.289 [info] > git rev-parse refs/remotes/origin/main [2ms]
2023-12-14 19:53:48.304 [info] > git status -z -uall [1ms]
2023-12-14 19:53:56.504 [info] > git config --get commit.template [1ms]
2023-12-14 19:53:56.520 [info] > git for-each-ref --format=%(refname)%00%(upstream:short)%00%(objectname)%00%(upstream:track)%00%(upstream:remotename)%00%(upstream:remoteref) refs/heads/main refs/remotes/main [1ms]
2023-12-14 19:53:56.534 [warning] ENOENT: no such file or directory, open '/home/kofta/dev/homework/.git/refs/remotes/origin/main'
2023-12-14 19:53:56.535 [info] > git rev-parse refs/remotes/origin/main [1ms]
2023-12-14 19:53:56.549 [info] > git status -z -uall [2ms]
2023-12-14 19:54:11.418 [info] > git show --textconv :files/26.txt [16ms]
2023-12-14 19:54:11.420 [info] > git ls-files --stage -- /home/kofta/dev/homework/files/26.txt [2ms]
2023-12-14 19:54:14.641 [info] > git show --textconv :26.py [25ms]
2023-12-14 19:54:14.643 [info] > git ls-files --stage -- /home/kofta/dev/homework/26.py [3ms]
2023-12-14 19:54:37.393 [info] > git config --get commit.template [16ms]
2023-12-14 19:54:37.394 [info] > git for-each-ref --format=%(refname)%00%(upstream:short)%00%(objectname)%00%(upstream:track)%00%(upstream:remotename)%00%(upstream:remoteref) refs/heads/main refs/remotes/main [2ms]
2023-12-14 19:54:37.408 [warning] ENOENT: no such file or directory, open '/home/kofta/dev/homework/.git/refs/remotes/origin/main'
2023-12-14 19:54:37.410 [info] > git rev-parse refs/remotes/origin/main [1ms]
2023-12-14 19:54:37.426 [info] > git status -z -uall [2ms]
2023-12-14 19:54:41.091 [info] > git show --textconv :files/26.txt [14ms]
2023-12-14 19:54:41.092 [info] > git ls-files --stage -- /home/kofta/dev/homework/files/26.txt [2ms]
2023-12-14 19:54:41.683 [info] > git show --textconv :template.py [22ms]
2023-12-14 19:54:41.685 [info] > git ls-files --stage -- /home/kofta/dev/homework/template.py [3ms]
2023-12-14 19:55:15.300 [info] > git show --textconv :27юзн [24ms]
2023-12-14 19:55:15.302 [info] > git ls-files --stage -- /home/kofta/dev/homework/27юзн [4ms]
2023-12-14 19:55:15.549 [info] > git check-ignore -v -z --stdin [2ms]
2023-12-14 19:55:16.098 [info] > git config --get commit.template [1ms]
2023-12-14 19:55:16.125 [info] > git for-each-ref --format=%(refname)%00%(upstream:short)%00%(objectname)%00%(upstream:track)%00%(upstream:remotename)%00%(upstream:remoteref) refs/heads/main refs/remotes/main [3ms]
2023-12-14 19:55:16.143 [warning] ENOENT: no such file or directory, open '/home/kofta/dev/homework/.git/refs/remotes/origin/main'
2023-12-14 19:55:16.144 [info] > git rev-parse refs/remotes/origin/main [1ms]
2023-12-14 19:55:16.164 [info] > git status -z -uall [2ms]
2023-12-14 19:55:27.112 [info] > git show --textconv :27.py [20ms]
2023-12-14 19:55:27.114 [info] > git ls-files --stage -- /home/kofta/dev/homework/27.py [3ms]
2023-12-14 19:55:27.383 [info] > git check-ignore -v -z --stdin [3ms]
2023-12-14 19:55:27.923 [info] > git config --get commit.template [3ms]
2023-12-14 19:55:27.943 [info] > git for-each-ref --format=%(refname)%00%(upstream:short)%00%(objectname)%00%(upstream:track)%00%(upstream:remotename)%00%(upstream:remoteref) refs/heads/main refs/remotes/main [1ms]
2023-12-14 19:55:27.967 [warning] ENOENT: no such file or directory, open '/home/kofta/dev/homework/.git/refs/remotes/origin/main'
2023-12-14 19:55:27.969 [info] > git rev-parse refs/remotes/origin/main [2ms]
2023-12-14 19:55:27.991 [info] > git status -z -uall [2ms]
2023-12-14 19:56:40.241 [info] > git show --textconv :template.py [25ms]
2023-12-14 19:56:40.243 [info] > git ls-files --stage -- /home/kofta/dev/homework/template.py [3ms]
2023-12-14 19:56:40.332 [info] > git config --get commit.template [1ms]
2023-12-14 19:56:40.352 [info] > git for-each-ref --format=%(refname)%00%(upstream:short)%00%(objectname)%00%(upstream:track)%00%(upstream:remotename)%00%(upstream:remoteref) refs/heads/main refs/remotes/main [1ms]
2023-12-14 19:56:40.366 [warning] ENOENT: no such file or directory, open '/home/kofta/dev/homework/.git/refs/remotes/origin/main'
2023-12-14 19:56:40.367 [info] > git rev-parse refs/remotes/origin/main [2ms]
2023-12-14 19:56:40.388 [info] > git status -z -uall [3ms]
2023-12-14 19:56:46.127 [info] > git config --get commit.template [15ms]
2023-12-14 19:56:46.128 [info] > git for-each-ref --format=%(refname)%00%(upstream:short)%00%(objectname)%00%(upstream:track)%00%(upstream:remotename)%00%(upstream:remoteref) refs/heads/main refs/remotes/main [2ms]
2023-12-14 19:56:46.140 [warning] ENOENT: no such file or directory, open '/home/kofta/dev/homework/.git/refs/remotes/origin/main'
2023-12-14 19:56:46.141 [info] > git rev-parse refs/remotes/origin/main [1ms]
2023-12-14 19:56:46.157 [info] > git status -z -uall [1ms]
2023-12-14 19:56:46.283 [info] > git show --textconv :27.py [26ms]
2023-12-14 19:56:46.283 [info] > git ls-files --stage -- /home/kofta/dev/homework/27.py [8ms]
2023-12-14 19:57:00.249 [info] > git config --get commit.template [3ms]
2023-12-14 19:57:00.274 [info] > git for-each-ref --format=%(refname)%00%(upstream:short)%00%(objectname)%00%(upstream:track)%00%(upstream:remotename)%00%(upstream:remoteref) refs/heads/main refs/remotes/main [2ms]
2023-12-14 19:57:00.293 [warning] ENOENT: no such file or directory, open '/home/kofta/dev/homework/.git/refs/remotes/origin/main'
2023-12-14 19:57:00.294 [info] > git rev-parse refs/remotes/origin/main [1ms]
2023-12-14 19:57:00.314 [info] > git status -z -uall [2ms]
2023-12-14 19:57:15.365 [info] > git show --textconv :25.py [25ms]
2023-12-14 19:57:15.367 [info] > git ls-files --stage -- /home/kofta/dev/homework/25.py [3ms]
2023-12-14 19:57:16.666 [info] > git show --textconv :27.py [21ms]
2023-12-14 19:57:16.668 [info] > git ls-files --stage -- /home/kofta/dev/homework/27.py [3ms]
2023-12-14 19:57:17.550 [info] > git show --textconv :26.py [14ms]
2023-12-14 19:57:17.551 [info] > git ls-files --stage -- /home/kofta/dev/homework/26.py [1ms]
2023-12-14 19:57:19.825 [info] > git show --textconv :27.py [22ms]
2023-12-14 19:57:19.827 [info] > git ls-files --stage -- /home/kofta/dev/homework/27.py [2ms]
2023-12-14 19:57:40.596 [info] > git config --get commit.template [15ms]
2023-12-14 19:57:40.596 [info] > git for-each-ref --format=%(refname)%00%(upstream:short)%00%(objectname)%00%(upstream:track)%00%(upstream:remotename)%00%(upstream:remoteref) refs/heads/main refs/remotes/main [1ms]
2023-12-14 19:57:40.610 [warning] ENOENT: no such file or directory, open '/home/kofta/dev/homework/.git/refs/remotes/origin/main'
2023-12-14 19:57:40.611 [info] > git rev-parse refs/remotes/origin/main [1ms]
2023-12-14 19:57:40.627 [info] > git status -z -uall [2ms]
2023-12-14 19:57:49.281 [info] > git show --textconv :26.py [20ms]
2023-12-14 19:57:49.283 [info] > git ls-files --stage -- /home/kofta/dev/homework/26.py [2ms]
2023-12-14 19:57:57.689 [info] > git show --textconv :28.py [17ms]
2023-12-14 19:57:57.690 [info] > git ls-files --stage -- /home/kofta/dev/homework/28.py [3ms]
2023-12-14 19:57:57.943 [info] > git check-ignore -v -z --stdin [2ms]
2023-12-14 19:57:58.523 [info] > git config --get commit.template [20ms]
2023-12-14 19:57:58.524 [info] > git for-each-ref --format=%(refname)%00%(upstream:short)%00%(objectname)%00%(upstream:track)%00%(upstream:remotename)%00%(upstream:remoteref) refs/heads/main refs/remotes/main [1ms]
2023-12-14 19:57:58.549 [warning] ENOENT: no such file or directory, open '/home/kofta/dev/homework/.git/refs/remotes/origin/main'
2023-12-14 19:57:58.551 [info] > git rev-parse refs/remotes/origin/main [3ms]
2023-12-14 19:57:58.571 [info] > git status -z -uall [2ms]
2023-12-14 19:59:04.079 [info] > git config --get commit.template [25ms]
2023-12-14 19:59:04.081 [info] > git for-each-ref --format=%(refname)%00%(upstream:short)%00%(objectname)%00%(upstream:track)%00%(upstream:remotename)%00%(upstream:remoteref) refs/heads/main refs/remotes/main [3ms]
2023-12-14 19:59:04.102 [warning] ENOENT: no such file or directory, open '/home/kofta/dev/homework/.git/refs/remotes/origin/main'
2023-12-14 19:59:04.104 [info] > git rev-parse refs/remotes/origin/main [2ms]
2023-12-14 19:59:04.121 [info] > git status -z -uall [1ms]
2023-12-14 19:59:35.551 [info] > git config --get commit.template [1ms]
2023-12-14 19:59:35.572 [info] > git for-each-ref --format=%(refname)%00%(upstream:short)%00%(objectname)%00%(upstream:track)%00%(upstream:remotename)%00%(upstream:remoteref) refs/heads/main refs/remotes/main [2ms]
2023-12-14 19:59:35.590 [warning] ENOENT: no such file or directory, open '/home/kofta/dev/homework/.git/refs/remotes/origin/main'
2023-12-14 19:59:35.591 [info] > git rev-parse refs/remotes/origin/main [1ms]
2023-12-14 19:59:35.611 [info] > git status -z -uall [2ms]
2023-12-14 19:59:46.577 [info] > git show --textconv :29.py [20ms]
2023-12-14 19:59:46.578 [info] > git ls-files --stage -- /home/kofta/dev/homework/29.py [2ms]
2023-12-14 19:59:46.829 [info] > git check-ignore -v -z --stdin [2ms]
2023-12-14 20:00:00.421 [info] > git config --get commit.template [26ms]
2023-12-14 20:00:00.424 [info] > git for-each-ref --format=%(refname)%00%(upstream:short)%00%(objectname)%00%(upstream:track)%00%(upstream:remotename)%00%(upstream:remoteref) refs/heads/main refs/remotes/main [4ms]
2023-12-14 20:00:00.444 [warning] ENOENT: no such file or directory, open '/home/kofta/dev/homework/.git/refs/remotes/origin/main'
2023-12-14 20:00:00.446 [info] > git rev-parse refs/remotes/origin/main [3ms]
2023-12-14 20:00:00.460 [info] > git status -z -uall [1ms]
2023-12-14 20:01:21.405 [info] > git config --get commit.template [15ms]
2023-12-14 20:01:21.406 [info] > git for-each-ref --format=%(refname)%00%(upstream:short)%00%(objectname)%00%(upstream:track)%00%(upstream:remotename)%00%(upstream:remoteref) refs/heads/main refs/remotes/main [2ms]
2023-12-14 20:01:21.424 [warning] ENOENT: no such file or directory, open '/home/kofta/dev/homework/.git/refs/remotes/origin/main'
2023-12-14 20:01:21.426 [info] > git rev-parse refs/remotes/origin/main [1ms]
2023-12-14 20:01:21.442 [info] > git status -z -uall [2ms]
2023-12-14 20:03:11.507 [info] > git config --get commit.template [2ms]
2023-12-14 20:03:11.531 [info] > git for-each-ref --format=%(refname)%00%(upstream:short)%00%(objectname)%00%(upstream:track)%00%(upstream:remotename)%00%(upstream:remoteref) refs/heads/main refs/remotes/main [2ms]
2023-12-14 20:03:11.553 [warning] ENOENT: no such file or directory, open '/home/kofta/dev/homework/.git/refs/remotes/origin/main'
2023-12-14 20:03:11.555 [info] > git rev-parse refs/remotes/origin/main [1ms]
2023-12-14 20:03:11.571 [info] > git status -z -uall [2ms]
2023-12-14 20:03:33.708 [info] > git config --get commit.template [16ms]
2023-12-14 20:03:33.709 [info] > git for-each-ref --format=%(refname)%00%(upstream:short)%00%(objectname)%00%(upstream:track)%00%(upstream:remotename)%00%(upstream:remoteref) refs/heads/main refs/remotes/main [1ms]
2023-12-14 20:03:33.728 [warning] ENOENT: no such file or directory, open '/home/kofta/dev/homework/.git/refs/remotes/origin/main'
2023-12-14 20:03:33.730 [info] > git rev-parse refs/remotes/origin/main [2ms]
2023-12-14 20:03:33.746 [info] > git status -z -uall [2ms]
2023-12-14 20:03:41.548 [info] > git show --textconv :30.py [20ms]
2023-12-14 20:03:41.549 [info] > git ls-files --stage -- /home/kofta/dev/homework/30.py [2ms]
2023-12-14 20:03:41.814 [info] > git check-ignore -v -z --stdin [3ms]
2023-12-14 20:03:42.360 [info] > git config --get commit.template [2ms]
2023-12-14 20:03:42.376 [info] > git for-each-ref --format=%(refname)%00%(upstream:short)%00%(objectname)%00%(upstream:track)%00%(upstream:remotename)%00%(upstream:remoteref) refs/heads/main refs/remotes/main [2ms]
2023-12-14 20:03:42.390 [warning] ENOENT: no such file or directory, open '/home/kofta/dev/homework/.git/refs/remotes/origin/main'
2023-12-14 20:03:42.391 [info] > git rev-parse refs/remotes/origin/main [1ms]
2023-12-14 20:03:42.407 [info] > git status -z -uall [2ms]
2023-12-14 20:03:43.215 [info] > git show --textconv :29.py [15ms]
2023-12-14 20:03:43.216 [info] > git ls-files --stage -- /home/kofta/dev/homework/29.py [1ms]
2023-12-14 20:03:47.442 [info] > git config --get commit.template [16ms]
2023-12-14 20:03:47.442 [info] > git for-each-ref --format=%(refname)%00%(upstream:short)%00%(objectname)%00%(upstream:track)%00%(upstream:remotename)%00%(upstream:remoteref) refs/heads/main refs/remotes/main [1ms]
2023-12-14 20:03:47.459 [warning] ENOENT: no such file or directory, open '/home/kofta/dev/homework/.git/refs/remotes/origin/main'
2023-12-14 20:03:47.460 [info] > git rev-parse refs/remotes/origin/main [1ms]
2023-12-14 20:03:47.478 [info] > git status -z -uall [1ms]
2023-12-14 20:04:04.324 [info] > git config --get commit.template [1ms]
2023-12-14 20:04:04.345 [info] > git for-each-ref --format=%(refname)%00%(upstream:short)%00%(objectname)%00%(upstream:track)%00%(upstream:remotename)%00%(upstream:remoteref) refs/heads/main refs/remotes/main [2ms]
2023-12-14 20:04:04.366 [warning] ENOENT: no such file or directory, open '/home/kofta/dev/homework/.git/refs/remotes/origin/main'
2023-12-14 20:04:04.368 [info] > git rev-parse refs/remotes/origin/main [2ms]
2023-12-14 20:04:04.389 [info] > git status -z -uall [2ms]
2023-12-14 20:04:09.423 [info] > git config --get commit.template [16ms]
2023-12-14 20:04:09.424 [info] > git for-each-ref --format=%(refname)%00%(upstream:short)%00%(objectname)%00%(upstream:track)%00%(upstream:remotename)%00%(upstream:remoteref) refs/heads/main refs/remotes/main [2ms]
2023-12-14 20:04:09.443 [warning] ENOENT: no such file or directory, open '/home/kofta/dev/homework/.git/refs/remotes/origin/main'
2023-12-14 20:04:09.446 [info] > git rev-parse refs/remotes/origin/main [2ms]
2023-12-14 20:04:09.468 [info] > git status -z -uall [4ms]
2023-12-14 20:04:10.092 [info] > git show --textconv :30.py [20ms]
2023-12-14 20:04:10.094 [info] > git ls-files --stage -- /home/kofta/dev/homework/30.py [2ms]
2023-12-14 20:04:11.323 [info] > git show --textconv :29.py [16ms]
2023-12-14 20:04:11.323 [info] > git ls-files --stage -- /home/kofta/dev/homework/29.py [1ms]
2023-12-14 20:04:12.312 [info] > git show --textconv :28.py [16ms]
2023-12-14 20:04:12.313 [info] > git ls-files --stage -- /home/kofta/dev/homework/28.py [1ms]
2023-12-14 20:04:14.205 [info] > git show --textconv :27.py [23ms]
2023-12-14 20:04:14.207 [info] > git ls-files --stage -- /home/kofta/dev/homework/27.py [4ms]
2023-12-14 20:04:15.146 [info] > git show --textconv :26.py [16ms]
2023-12-14 20:04:15.148 [info] > git ls-files --stage -- /home/kofta/dev/homework/26.py [2ms]
2023-12-14 20:04:16.356 [info] > git show --textconv :30.py [21ms]
2023-12-14 20:04:16.357 [info] > git ls-files --stage -- /home/kofta/dev/homework/30.py [2ms]
2023-12-14 20:05:31.045 [info] > git show --textconv :29.py [14ms]
2023-12-14 20:05:31.047 [info] > git ls-files --stage -- /home/kofta/dev/homework/29.py [2ms]
2023-12-14 20:05:33.156 [info] > git show --textconv :30.py [15ms]
2023-12-14 20:05:33.157 [info] > git ls-files --stage -- /home/kofta/dev/homework/30.py [1ms]
2023-12-14 20:06:21.610 [info] > git config --get commit.template [20ms]
2023-12-14 20:06:21.612 [info] > git for-each-ref --format=%(refname)%00%(upstream:short)%00%(objectname)%00%(upstream:track)%00%(upstream:remotename)%00%(upstream:remoteref) refs/heads/main refs/remotes/main [3ms]
2023-12-14 20:06:21.631 [warning] ENOENT: no such file or directory, open '/home/kofta/dev/homework/.git/refs/remotes/origin/main'
2023-12-14 20:06:21.634 [info] > git rev-parse refs/remotes/origin/main [3ms]
2023-12-14 20:06:21.656 [info] > git status -z -uall [3ms]
2023-12-14 20:07:32.802 [info] > git config --get commit.template [2ms]
2023-12-14 20:07:32.822 [info] > git for-each-ref --format=%(refname)%00%(upstream:short)%00%(objectname)%00%(upstream:track)%00%(upstream:remotename)%00%(upstream:remoteref) refs/heads/main refs/remotes/main [2ms]
2023-12-14 20:07:32.846 [warning] ENOENT: no such file or directory, open '/home/kofta/dev/homework/.git/refs/remotes/origin/main'
2023-12-14 20:07:32.849 [info] > git rev-parse refs/remotes/origin/main [3ms]
2023-12-14 20:07:32.873 [info] > git status -z -uall [1ms]
2023-12-14 20:07:52.016 [info] > git config --get commit.template [1ms]
2023-12-14 20:07:52.039 [info] > git for-each-ref --format=%(refname)%00%(upstream:short)%00%(objectname)%00%(upstream:track)%00%(upstream:remotename)%00%(upstream:remoteref) refs/heads/main refs/remotes/main [2ms]
2023-12-14 20:07:52.058 [warning] ENOENT: no such file or directory, open '/home/kofta/dev/homework/.git/refs/remotes/origin/main'
2023-12-14 20:07:52.059 [info] > git rev-parse refs/remotes/origin/main [1ms]
2023-12-14 20:07:52.080 [info] > git status -z -uall [1ms]
2023-12-14 20:08:16.048 [info] > git config --get commit.template [1ms]
2023-12-14 20:08:16.075 [info] > git for-each-ref --format=%(refname)%00%(upstream:short)%00%(objectname)%00%(upstream:track)%00%(upstream:remotename)%00%(upstream:remoteref) refs/heads/main refs/remotes/main [3ms]
2023-12-14 20:08:16.095 [warning] ENOENT: no such file or directory, open '/home/kofta/dev/homework/.git/refs/remotes/origin/main'
2023-12-14 20:08:16.096 [info] > git rev-parse refs/remotes/origin/main [1ms]
2023-12-14 20:08:16.125 [info] > git status -z -uall [4ms]
2023-12-14 20:08:40.205 [info] > git config --get commit.template [2ms]
2023-12-14 20:08:40.225 [info] > git for-each-ref --format=%(refname)%00%(upstream:short)%00%(objectname)%00%(upstream:track)%00%(upstream:remotename)%00%(upstream:remoteref) refs/heads/main refs/remotes/main [1ms]
2023-12-14 20:08:40.245 [warning] ENOENT: no such file or directory, open '/home/kofta/dev/homework/.git/refs/remotes/origin/main'
2023-12-14 20:08:40.246 [info] > git rev-parse refs/remotes/origin/main [1ms]
2023-12-14 20:08:40.266 [info] > git status -z -uall [1ms]
2023-12-14 20:08:50.104 [info] > git show --textconv :files/30.txt [20ms]
2023-12-14 20:08:50.105 [info] > git ls-files --stage -- /home/kofta/dev/homework/files/30.txt [2ms]
2023-12-14 20:08:52.790 [info] > git show --textconv :30.py [26ms]
2023-12-14 20:08:52.793 [info] > git ls-files --stage -- /home/kofta/dev/homework/30.py [3ms]
2023-12-14 20:09:09.825 [info] > git show --textconv :test.txt [20ms]
2023-12-14 20:09:09.827 [info] > git ls-files --stage -- /home/kofta/dev/homework/test.txt [3ms]
2023-12-14 20:09:10.079 [info] > git check-ignore -v -z --stdin [1ms]
2023-12-14 20:09:10.646 [info] > git config --get commit.template [19ms]
2023-12-14 20:09:10.647 [info] > git for-each-ref --format=%(refname)%00%(upstream:short)%00%(objectname)%00%(upstream:track)%00%(upstream:remotename)%00%(upstream:remoteref) refs/heads/main refs/remotes/main [1ms]
2023-12-14 20:09:10.665 [warning] ENOENT: no such file or directory, open '/home/kofta/dev/homework/.git/refs/remotes/origin/main'
2023-12-14 20:09:10.666 [info] > git rev-parse refs/remotes/origin/main [1ms]
2023-12-14 20:09:10.695 [info] > git status -z -uall [5ms]
2023-12-14 20:09:18.974 [info] > git show --textconv :30.py [21ms]
2023-12-14 20:09:18.976 [info] > git ls-files --stage -- /home/kofta/dev/homework/30.py [3ms]
2023-12-14 20:09:19.225 [info] > git config --get commit.template [1ms]
2023-12-14 20:09:19.242 [info] > git for-each-ref --format=%(refname)%00%(upstream:short)%00%(objectname)%00%(upstream:track)%00%(upstream:remotename)%00%(upstream:remoteref) refs/heads/main refs/remotes/main [2ms]
2023-12-14 20:09:19.256 [warning] ENOENT: no such file or directory, open '/home/kofta/dev/homework/.git/refs/remotes/origin/main'
2023-12-14 20:09:19.257 [info] > git rev-parse refs/remotes/origin/main [1ms]
2023-12-14 20:09:19.279 [info] > git status -z -uall [4ms]
2023-12-14 20:09:27.956 [info] > git config --get commit.template [21ms]
2023-12-14 20:09:27.958 [info] > git for-each-ref --format=%(refname)%00%(upstream:short)%00%(objectname)%00%(upstream:track)%00%(upstream:remotename)%00%(upstream:remoteref) refs/heads/main refs/remotes/main [3ms]
2023-12-14 20:09:27.977 [warning] ENOENT: no such file or directory, open '/home/kofta/dev/homework/.git/refs/remotes/origin/main'
2023-12-14 20:09:27.979 [info] > git rev-parse refs/remotes/origin/main [2ms]
2023-12-14 20:09:27.994 [info] > git status -z -uall [1ms]
2023-12-14 20:09:40.692 [info] > git show --textconv :test.txt [26ms]
2023-12-14 20:09:40.694 [info] > git ls-files --stage -- /home/kofta/dev/homework/test.txt [3ms]
2023-12-14 20:09:41.706 [info] > git show --textconv :30.py [20ms]
2023-12-14 20:09:41.708 [info] > git ls-files --stage -- /home/kofta/dev/homework/30.py [3ms]
2023-12-14 20:09:42.508 [info] > git config --get commit.template [1ms]
2023-12-14 20:09:42.524 [info] > git for-each-ref --format=%(refname)%00%(upstream:short)%00%(objectname)%00%(upstream:track)%00%(upstream:remotename)%00%(upstream:remoteref) refs/heads/main refs/remotes/main [1ms]
2023-12-14 20:09:42.539 [warning] ENOENT: no such file or directory, open '/home/kofta/dev/homework/.git/refs/remotes/origin/main'
2023-12-14 20:09:42.540 [info] > git rev-parse refs/remotes/origin/main [1ms]
2023-12-14 20:09:42.556 [info] > git status -z -uall [1ms]
2023-12-14 20:10:10.624 [info] > git config --get commit.template [20ms]
2023-12-14 20:10:10.625 [info] > git for-each-ref --format=%(refname)%00%(upstream:short)%00%(objectname)%00%(upstream:track)%00%(upstream:remotename)%00%(upstream:remoteref) refs/heads/main refs/remotes/main [3ms]
2023-12-14 20:10:10.639 [warning] ENOENT: no such file or directory, open '/home/kofta/dev/homework/.git/refs/remotes/origin/main'
2023-12-14 20:10:10.639 [info] > git rev-parse refs/remotes/origin/main [1ms]
2023-12-14 20:10:10.654 [info] > git status -z -uall [2ms]
2023-12-14 20:10:19.623 [info] > git show --textconv :31.py [29ms]
2023-12-14 20:10:19.624 [info] > git ls-files --stage -- /home/kofta/dev/homework/31.py [4ms]
2023-12-14 20:10:19.867 [info] > git check-ignore -v -z --stdin [2ms]
2023-12-14 20:10:20.369 [info] > git config --get commit.template [1ms]
2023-12-14 20:10:20.390 [info] > git for-each-ref --format=%(refname)%00%(upstream:short)%00%(objectname)%00%(upstream:track)%00%(upstream:remotename)%00%(upstream:remoteref) refs/heads/main refs/remotes/main [2ms]
2023-12-14 20:10:20.415 [warning] ENOENT: no such file or directory, open '/home/kofta/dev/homework/.git/refs/remotes/origin/main'
2023-12-14 20:10:20.417 [info] > git rev-parse refs/remotes/origin/main [2ms]
2023-12-14 20:10:20.440 [info] > git status -z -uall [2ms]
2023-12-14 20:10:22.247 [info] > git show --textconv :29.py [14ms]
2023-12-14 20:10:22.249 [info] > git ls-files --stage -- /home/kofta/dev/homework/29.py [2ms]
2023-12-14 20:10:24.330 [info] > git show --textconv :28.py [16ms]
2023-12-14 20:10:24.331 [info] > git ls-files --stage -- /home/kofta/dev/homework/28.py [2ms]
2023-12-14 20:10:28.394 [info] > git show --textconv :31.py [20ms]
2023-12-14 20:10:28.396 [info] > git ls-files --stage -- /home/kofta/dev/homework/31.py [2ms]
2023-12-14 20:10:30.783 [info] > git config --get commit.template [1ms]
2023-12-14 20:10:30.804 [info] > git for-each-ref --format=%(refname)%00%(upstream:short)%00%(objectname)%00%(upstream:track)%00%(upstream:remotename)%00%(upstream:remoteref) refs/heads/main refs/remotes/main [2ms]
2023-12-14 20:10:30.824 [warning] ENOENT: no such file or directory, open '/home/kofta/dev/homework/.git/refs/remotes/origin/main'
2023-12-14 20:10:30.825 [info] > git rev-parse refs/remotes/origin/main [1ms]
2023-12-14 20:10:30.840 [info] > git status -z -uall [1ms]
2023-12-14 20:10:42.994 [info] > git config --get commit.template [18ms]
2023-12-14 20:10:42.994 [info] > git for-each-ref --format=%(refname)%00%(upstream:short)%00%(objectname)%00%(upstream:track)%00%(upstream:remotename)%00%(upstream:remoteref) refs/heads/main refs/remotes/main [1ms]
2023-12-14 20:10:43.010 [warning] ENOENT: no such file or directory, open '/home/kofta/dev/homework/.git/refs/remotes/origin/main'
2023-12-14 20:10:43.010 [info] > git rev-parse refs/remotes/origin/main [1ms]
2023-12-14 20:10:43.026 [info] > git status -z -uall [2ms]
2023-12-14 20:10:59.552 [info] > git config --get commit.template [1ms]
2023-12-14 20:10:59.573 [info] > git for-each-ref --format=%(refname)%00%(upstream:short)%00%(objectname)%00%(upstream:track)%00%(upstream:remotename)%00%(upstream:remoteref) refs/heads/main refs/remotes/main [1ms]
2023-12-14 20:10:59.592 [warning] ENOENT: no such file or directory, open '/home/kofta/dev/homework/.git/refs/remotes/origin/main'
2023-12-14 20:10:59.594 [info] > git rev-parse refs/remotes/origin/main [1ms]
2023-12-14 20:10:59.616 [info] > git status -z -uall [2ms]
2023-12-14 20:12:38.003 [info] > git config --get commit.template [1ms]
2023-12-14 20:12:38.022 [info] > git for-each-ref --format=%(refname)%00%(upstream:short)%00%(objectname)%00%(upstream:track)%00%(upstream:remotename)%00%(upstream:remoteref) refs/heads/main refs/remotes/main [1ms]
2023-12-14 20:12:38.046 [warning] ENOENT: no such file or directory, open '/home/kofta/dev/homework/.git/refs/remotes/origin/main'
2023-12-14 20:12:38.048 [info] > git rev-parse refs/remotes/origin/main [2ms]
2023-12-14 20:12:38.068 [info] > git status -z -uall [2ms]
2023-12-14 20:13:07.563 [info] > git config --get commit.template [21ms]
2023-12-14 20:13:07.566 [info] > git for-each-ref --format=%(refname)%00%(upstream:short)%00%(objectname)%00%(upstream:track)%00%(upstream:remotename)%00%(upstream:remoteref) refs/heads/main refs/remotes/main [3ms]
2023-12-14 20:13:07.585 [warning] ENOENT: no such file or directory, open '/home/kofta/dev/homework/.git/refs/remotes/origin/main'
2023-12-14 20:13:07.586 [info] > git rev-parse refs/remotes/origin/main [1ms]
2023-12-14 20:13:07.608 [info] > git status -z -uall [2ms]
2023-12-14 20:14:29.764 [info] > git config --get commit.template [20ms]
2023-12-14 20:14:29.765 [info] > git for-each-ref --format=%(refname)%00%(upstream:short)%00%(objectname)%00%(upstream:track)%00%(upstream:remotename)%00%(upstream:remoteref) refs/heads/main refs/remotes/main [1ms]
2023-12-14 20:14:29.785 [warning] ENOENT: no such file or directory, open '/home/kofta/dev/homework/.git/refs/remotes/origin/main'
2023-12-14 20:14:29.787 [info] > git rev-parse refs/remotes/origin/main [2ms]
2023-12-14 20:14:29.805 [info] > git status -z -uall [2ms]
2023-12-14 20:14:43.093 [info] > git show --textconv :32.py [21ms]
2023-12-14 20:14:43.095 [info] > git ls-files --stage -- /home/kofta/dev/homework/32.py [2ms]
2023-12-14 20:14:43.348 [info] > git check-ignore -v -z --stdin [1ms]
2023-12-14 20:14:43.909 [info] > git config --get commit.template [19ms]
2023-12-14 20:14:43.911 [info] > git for-each-ref --format=%(refname)%00%(upstream:short)%00%(objectname)%00%(upstream:track)%00%(upstream:remotename)%00%(upstream:remoteref) refs/heads/main refs/remotes/main [3ms]
2023-12-14 20:14:43.925 [warning] ENOENT: no such file or directory, open '/home/kofta/dev/homework/.git/refs/remotes/origin/main'
2023-12-14 20:14:43.927 [info] > git rev-parse refs/remotes/origin/main [2ms]
2023-12-14 20:14:43.949 [info] > git status -z -uall [3ms]
2023-12-14 20:15:02.506 [info] > git config --get commit.template [20ms]
2023-12-14 20:15:02.508 [info] > git for-each-ref --format=%(refname)%00%(upstream:short)%00%(objectname)%00%(upstream:track)%00%(upstream:remotename)%00%(upstream:remoteref) refs/heads/main refs/remotes/main [3ms]
2023-12-14 20:15:02.527 [warning] ENOENT: no such file or directory, open '/home/kofta/dev/homework/.git/refs/remotes/origin/main'
2023-12-14 20:15:02.529 [info] > git rev-parse refs/remotes/origin/main [2ms]
2023-12-14 20:15:02.543 [info] > git status -z -uall [2ms]
2023-12-14 20:15:45.464 [info] > git show --textconv :31.py [21ms]
2023-12-14 20:15:45.466 [info] > git ls-files --stage -- /home/kofta/dev/homework/31.py [3ms]
2023-12-14 20:15:48.506 [info] > git show --textconv :32.py [20ms]
2023-12-14 20:15:48.508 [info] > git ls-files --stage -- /home/kofta/dev/homework/32.py [2ms]
2023-12-14 20:15:53.492 [info] > git config --get commit.template [21ms]
2023-12-14 20:15:53.494 [info] > git for-each-ref --format=%(refname)%00%(upstream:short)%00%(objectname)%00%(upstream:track)%00%(upstream:remotename)%00%(upstream:remoteref) refs/heads/main refs/remotes/main [3ms]
2023-12-14 20:15:53.514 [warning] ENOENT: no such file or directory, open '/home/kofta/dev/homework/.git/refs/remotes/origin/main'
2023-12-14 20:15:53.516 [info] > git rev-parse refs/remotes/origin/main [2ms]
2023-12-14 20:15:53.538 [info] > git status -z -uall [3ms]
2023-12-14 20:15:58.554 [info] > git config --get commit.template [1ms]
2023-12-14 20:15:58.569 [info] > git for-each-ref --format=%(refname)%00%(upstream:short)%00%(objectname)%00%(upstream:track)%00%(upstream:remotename)%00%(upstream:remoteref) refs/heads/main refs/remotes/main [2ms]
2023-12-14 20:15:58.589 [warning] ENOENT: no such file or directory, open '/home/kofta/dev/homework/.git/refs/remotes/origin/main'
2023-12-14 20:15:58.591 [info] > git rev-parse refs/remotes/origin/main [3ms]
2023-12-14 20:15:58.611 [info] > git status -z -uall [2ms]
2023-12-14 20:16:58.419 [info] > git config --get commit.template [2ms]
2023-12-14 20:16:58.439 [info] > git for-each-ref --format=%(refname)%00%(upstream:short)%00%(objectname)%00%(upstream:track)%00%(upstream:remotename)%00%(upstream:remoteref) refs/heads/main refs/remotes/main [2ms]
2023-12-14 20:16:58.455 [warning] ENOENT: no such file or directory, open '/home/kofta/dev/homework/.git/refs/remotes/origin/main'
2023-12-14 20:16:58.456 [info] > git rev-parse refs/remotes/origin/main [0ms]
2023-12-14 20:16:58.473 [info] > git status -z -uall [3ms]
2023-12-14 20:17:13.119 [info] > git show --textconv :33.py [22ms]
2023-12-14 20:17:13.121 [info] > git ls-files --stage -- /home/kofta/dev/homework/33.py [2ms]
2023-12-14 20:17:13.378 [info] > git check-ignore -v -z --stdin [2ms]
2023-12-14 20:17:13.941 [info] > git config --get commit.template [2ms]
2023-12-14 20:17:13.963 [info] > git for-each-ref --format=%(refname)%00%(upstream:short)%00%(objectname)%00%(upstream:track)%00%(upstream:remotename)%00%(upstream:remoteref) refs/heads/main refs/remotes/main [1ms]
2023-12-14 20:17:13.983 [warning] ENOENT: no such file or directory, open '/home/kofta/dev/homework/.git/refs/remotes/origin/main'
2023-12-14 20:17:13.984 [info] > git rev-parse refs/remotes/origin/main [2ms]
2023-12-14 20:17:14.006 [info] > git status -z -uall [2ms]
2023-12-14 20:17:32.925 [info] > git show --textconv :25.py [20ms]
2023-12-14 20:17:32.927 [info] > git ls-files --stage -- /home/kofta/dev/homework/25.py [3ms]
2023-12-14 20:17:36.624 [info] > git show --textconv :33.py [16ms]
2023-12-14 20:17:36.625 [info] > git ls-files --stage -- /home/kofta/dev/homework/33.py [1ms]
2023-12-14 20:20:50.806 [info] > git config --get commit.template [1ms]
2023-12-14 20:20:50.832 [info] > git for-each-ref --format=%(refname)%00%(upstream:short)%00%(objectname)%00%(upstream:track)%00%(upstream:remotename)%00%(upstream:remoteref) refs/heads/main refs/remotes/main [2ms]
2023-12-14 20:20:50.852 [warning] ENOENT: no such file or directory, open '/home/kofta/dev/homework/.git/refs/remotes/origin/main'
2023-12-14 20:20:50.853 [info] > git rev-parse refs/remotes/origin/main [1ms]
2023-12-14 20:20:50.874 [info] > git status -z -uall [1ms]
2023-12-14 20:21:07.133 [info] > git config --get commit.template [19ms]
2023-12-14 20:21:07.133 [info] > git for-each-ref --format=%(refname)%00%(upstream:short)%00%(objectname)%00%(upstream:track)%00%(upstream:remotename)%00%(upstream:remoteref) refs/heads/main refs/remotes/main [1ms]
2023-12-14 20:21:07.157 [warning] ENOENT: no such file or directory, open '/home/kofta/dev/homework/.git/refs/remotes/origin/main'
2023-12-14 20:21:07.160 [info] > git rev-parse refs/remotes/origin/main [3ms]
2023-12-14 20:21:07.182 [info] > git status -z -uall [4ms]
2023-12-14 20:21:35.156 [info] > git config --get commit.template [18ms]
2023-12-14 20:21:35.156 [info] > git for-each-ref --format=%(refname)%00%(upstream:short)%00%(objectname)%00%(upstream:track)%00%(upstream:remotename)%00%(upstream:remoteref) refs/heads/main refs/remotes/main [1ms]
2023-12-14 20:21:35.169 [warning] ENOENT: no such file or directory, open '/home/kofta/dev/homework/.git/refs/remotes/origin/main'
2023-12-14 20:21:35.170 [info] > git rev-parse refs/remotes/origin/main [1ms]
2023-12-14 20:21:35.191 [info] > git status -z -uall [3ms]
2023-12-14 20:21:36.726 [info] > git show --textconv :25.py [25ms]
2023-12-14 20:21:36.728 [info] > git ls-files --stage -- /home/kofta/dev/homework/25.py [3ms]
2023-12-14 20:21:49.460 [info] > git show --textconv :26.py [22ms]
2023-12-14 20:21:49.462 [info] > git ls-files --stage -- /home/kofta/dev/homework/26.py [3ms]
2023-12-14 20:21:52.015 [info] > git show --textconv :27.py [21ms]
2023-12-14 20:21:52.017 [info] > git ls-files --stage -- /home/kofta/dev/homework/27.py [2ms]
2023-12-14 20:21:53.750 [info] > git show --textconv :28.py [23ms]
2023-12-14 20:21:53.753 [info] > git ls-files --stage -- /home/kofta/dev/homework/28.py [3ms]
2023-12-14 20:21:55.197 [info] > git show --textconv :29.py [22ms]
2023-12-14 20:21:55.199 [info] > git ls-files --stage -- /home/kofta/dev/homework/29.py [1ms]
2023-12-14 20:21:57.454 [info] > git show --textconv :30.py [20ms]
2023-12-14 20:21:57.455 [info] > git ls-files --stage -- /home/kofta/dev/homework/30.py [2ms]
2023-12-14 20:22:18.147 [info] > git show --textconv :33.py [20ms]
2023-12-14 20:22:18.149 [info] > git ls-files --stage -- /home/kofta/dev/homework/33.py [2ms]
2023-12-14 20:22:25.748 [info] > git show --textconv :34.py [21ms]
2023-12-14 20:22:25.750 [info] > git ls-files --stage -- /home/kofta/dev/homework/34.py [3ms]
2023-12-14 20:22:26.009 [info] > git check-ignore -v -z --stdin [2ms]
2023-12-14 20:22:26.562 [info] > git config --get commit.template [1ms]
2023-12-14 20:22:26.590 [info] > git for-each-ref --format=%(refname)%00%(upstream:short)%00%(objectname)%00%(upstream:track)%00%(upstream:remotename)%00%(upstream:remoteref) refs/heads/main refs/remotes/main [3ms]
2023-12-14 20:22:26.609 [warning] ENOENT: no such file or directory, open '/home/kofta/dev/homework/.git/refs/remotes/origin/main'
2023-12-14 20:22:26.610 [info] > git rev-parse refs/remotes/origin/main [1ms]
2023-12-14 20:22:26.631 [info] > git status -z -uall [1ms]
2023-12-14 20:22:47.140 [info] > git show --textconv :33.py [23ms]
2023-12-14 20:22:47.141 [info] > git ls-files --stage -- /home/kofta/dev/homework/33.py [2ms]
2023-12-14 20:22:49.505 [info] > git show --textconv :34.py [15ms]
2023-12-14 20:22:49.506 [info] > git ls-files --stage -- /home/kofta/dev/homework/34.py [1ms]
2023-12-14 20:24:12.615 [info] > git config --get commit.template [1ms]
2023-12-14 20:24:12.636 [info] > git for-each-ref --format=%(refname)%00%(upstream:short)%00%(objectname)%00%(upstream:track)%00%(upstream:remotename)%00%(upstream:remoteref) refs/heads/main refs/remotes/main [1ms]
2023-12-14 20:24:12.655 [warning] ENOENT: no such file or directory, open '/home/kofta/dev/homework/.git/refs/remotes/origin/main'
2023-12-14 20:24:12.656 [info] > git rev-parse refs/remotes/origin/main [1ms]
2023-12-14 20:24:12.679 [info] > git status -z -uall [2ms]
2023-12-14 20:24:13.095 [info] > git show --textconv :33.py [28ms]
2023-12-14 20:24:13.098 [info] > git ls-files --stage -- /home/kofta/dev/homework/33.py [4ms]
2023-12-14 20:24:20.067 [info] > git config --get commit.template [14ms]
2023-12-14 20:24:20.068 [info] > git for-each-ref --format=%(refname)%00%(upstream:short)%00%(objectname)%00%(upstream:track)%00%(upstream:remotename)%00%(upstream:remoteref) refs/heads/main refs/remotes/main [1ms]
2023-12-14 20:24:20.087 [warning] ENOENT: no such file or directory, open '/home/kofta/dev/homework/.git/refs/remotes/origin/main'
2023-12-14 20:24:20.089 [info] > git rev-parse refs/remotes/origin/main [2ms]
2023-12-14 20:24:20.104 [info] > git status -z -uall [1ms]
2023-12-14 20:24:25.156 [info] > git show --textconv :34.py [21ms]
2023-12-14 20:24:25.158 [info] > git ls-files --stage -- /home/kofta/dev/homework/34.py [3ms]
2023-12-14 20:25:24.679 [info] > git for-each-ref --format=%(refname)%00%(upstream:short)%00%(objectname)%00%(upstream:track)%00%(upstream:remotename)%00%(upstream:remoteref) refs/heads/main refs/remotes/main [1ms]
2023-12-14 20:25:24.679 [info] > git config --get commit.template [17ms]
2023-12-14 20:25:24.698 [warning] ENOENT: no such file or directory, open '/home/kofta/dev/homework/.git/refs/remotes/origin/main'
2023-12-14 20:25:24.701 [info] > git rev-parse refs/remotes/origin/main [3ms]
2023-12-14 20:25:24.725 [info] > git status -z -uall [4ms]
2023-12-14 20:25:37.064 [info] > git show --textconv :35.py [21ms]
2023-12-14 20:25:37.066 [info] > git ls-files --stage -- /home/kofta/dev/homework/35.py [3ms]
2023-12-14 20:25:37.320 [info] > git check-ignore -v -z --stdin [3ms]
2023-12-14 20:25:37.891 [info] > git config --get commit.template [22ms]
2023-12-14 20:25:37.893 [info] > git for-each-ref --format=%(refname)%00%(upstream:short)%00%(objectname)%00%(upstream:track)%00%(upstream:remotename)%00%(upstream:remoteref) refs/heads/main refs/remotes/main [3ms]
2023-12-14 20:25:37.912 [warning] ENOENT: no such file or directory, open '/home/kofta/dev/homework/.git/refs/remotes/origin/main'
2023-12-14 20:25:37.915 [info] > git rev-parse refs/remotes/origin/main [3ms]
2023-12-14 20:25:37.943 [info] > git status -z -uall [5ms]
2023-12-14 20:25:52.432 [info] > git show --textconv :34.py [20ms]
2023-12-14 20:25:52.433 [info] > git ls-files --stage -- /home/kofta/dev/homework/34.py [2ms]
2023-12-14 20:25:54.595 [info] > git show --textconv :35.py [15ms]
2023-12-14 20:25:54.596 [info] > git ls-files --stage -- /home/kofta/dev/homework/35.py [2ms]
2023-12-14 20:26:12.545 [info] > git config --get commit.template [19ms]
2023-12-14 20:26:12.547 [info] > git for-each-ref --format=%(refname)%00%(upstream:short)%00%(objectname)%00%(upstream:track)%00%(upstream:remotename)%00%(upstream:remoteref) refs/heads/main refs/remotes/main [3ms]
2023-12-14 20:26:12.561 [warning] ENOENT: no such file or directory, open '/home/kofta/dev/homework/.git/refs/remotes/origin/main'
2023-12-14 20:26:12.562 [info] > git rev-parse refs/remotes/origin/main [1ms]
2023-12-14 20:26:12.585 [info] > git status -z -uall [4ms]
2023-12-14 20:26:20.746 [info] > git config --get commit.template [21ms]
2023-12-14 20:26:20.748 [info] > git for-each-ref --format=%(refname)%00%(upstream:short)%00%(objectname)%00%(upstream:track)%00%(upstream:remotename)%00%(upstream:remoteref) refs/heads/main refs/remotes/main [3ms]
2023-12-14 20:26:20.762 [warning] ENOENT: no such file or directory, open '/home/kofta/dev/homework/.git/refs/remotes/origin/main'
2023-12-14 20:26:20.763 [info] > git rev-parse refs/remotes/origin/main [1ms]
2023-12-14 20:26:20.786 [info] > git status -z -uall [4ms]
2023-12-14 20:26:21.304 [info] > git show --textconv :34.py [16ms]
2023-12-14 20:26:21.305 [info] > git ls-files --stage -- /home/kofta/dev/homework/34.py [1ms]
2023-12-14 20:26:25.842 [info] > git config --get commit.template [2ms]
2023-12-14 20:26:25.868 [info] > git for-each-ref --format=%(refname)%00%(upstream:short)%00%(objectname)%00%(upstream:track)%00%(upstream:remotename)%00%(upstream:remoteref) refs/heads/main refs/remotes/main [3ms]
2023-12-14 20:26:25.881 [warning] ENOENT: no such file or directory, open '/home/kofta/dev/homework/.git/refs/remotes/origin/main'
2023-12-14 20:26:25.882 [info] > git rev-parse refs/remotes/origin/main [1ms]
2023-12-14 20:26:25.898 [info] > git status -z -uall [2ms]
2023-12-14 20:26:25.935 [info] > git show --textconv :35.py [22ms]
2023-12-14 20:26:25.936 [info] > git ls-files --stage -- /home/kofta/dev/homework/35.py [2ms]
2023-12-14 20:26:27.481 [info] > git show --textconv :33.py [16ms]
2023-12-14 20:26:27.482 [info] > git ls-files --stage -- /home/kofta/dev/homework/33.py [2ms]
2023-12-14 20:26:33.920 [info] > git show --textconv :32.py [20ms]
2023-12-14 20:26:33.921 [info] > git ls-files --stage -- /home/kofta/dev/homework/32.py [2ms]
2023-12-14 20:26:34.058 [info] > git config --get commit.template [1ms]
2023-12-14 20:26:34.080 [info] > git for-each-ref --format=%(refname)%00%(upstream:short)%00%(objectname)%00%(upstream:track)%00%(upstream:remotename)%00%(upstream:remoteref) refs/heads/main refs/remotes/main [2ms]
2023-12-14 20:26:34.099 [warning] ENOENT: no such file or directory, open '/home/kofta/dev/homework/.git/refs/remotes/origin/main'
2023-12-14 20:26:34.100 [info] > git rev-parse refs/remotes/origin/main [1ms]
2023-12-14 20:26:34.122 [info] > git status -z -uall [2ms]
2023-12-14 20:26:35.209 [info] > git show --textconv :31.py [20ms]
2023-12-14 20:26:35.210 [info] > git ls-files --stage -- /home/kofta/dev/homework/31.py [2ms]
2023-12-14 20:26:36.249 [info] > git show --textconv :30.py [15ms]
2023-12-14 20:26:36.251 [info] > git ls-files --stage -- /home/kofta/dev/homework/30.py [2ms]
2023-12-14 20:26:38.126 [info] > git show --textconv :29.py [20ms]
2023-12-14 20:26:38.128 [info] > git ls-files --stage -- /home/kofta/dev/homework/29.py [3ms]
2023-12-14 20:26:39.113 [info] > git show --textconv :28.py [22ms]
2023-12-14 20:26:39.115 [info] > git ls-files --stage -- /home/kofta/dev/homework/28.py [3ms]
2023-12-14 20:26:40.505 [info] > git show --textconv :27.py [22ms]
2023-12-14 20:26:40.508 [info] > git ls-files --stage -- /home/kofta/dev/homework/27.py [3ms]
2023-12-14 20:26:41.601 [info] > git show --textconv :26.py [17ms]
2023-12-14 20:26:41.602 [info] > git ls-files --stage -- /home/kofta/dev/homework/26.py [2ms]
2023-12-14 20:26:42.358 [info] > git show --textconv :25.py [20ms]
2023-12-14 20:26:42.360 [info] > git ls-files --stage -- /home/kofta/dev/homework/25.py [3ms]
2023-12-14 20:26:43.381 [info] > git show --textconv :33.py [19ms]
2023-12-14 20:26:43.382 [info] > git ls-files --stage -- /home/kofta/dev/homework/33.py [2ms]
2023-12-14 20:26:45.343 [info] > git show --textconv :35.py [14ms]
2023-12-14 20:26:45.343 [info] > git ls-files --stage -- /home/kofta/dev/homework/35.py [1ms]
2023-12-14 20:27:07.198 [info] > git config --get commit.template [18ms]
2023-12-14 20:27:07.200 [info] > git for-each-ref --format=%(refname)%00%(upstream:short)%00%(objectname)%00%(upstream:track)%00%(upstream:remotename)%00%(upstream:remoteref) refs/heads/main refs/remotes/main [2ms]
2023-12-14 20:27:07.213 [warning] ENOENT: no such file or directory, open '/home/kofta/dev/homework/.git/refs/remotes/origin/main'
2023-12-14 20:27:07.215 [info] > git rev-parse refs/remotes/origin/main [2ms]
2023-12-14 20:27:07.230 [info] > git status -z -uall [1ms]
2023-12-14 20:27:13.792 [info] > git config --get commit.template [15ms]
2023-12-14 20:27:13.792 [info] > git for-each-ref --format=%(refname)%00%(upstream:short)%00%(objectname)%00%(upstream:track)%00%(upstream:remotename)%00%(upstream:remoteref) refs/heads/main refs/remotes/main [2ms]
2023-12-14 20:27:13.813 [warning] ENOENT: no such file or directory, open '/home/kofta/dev/homework/.git/refs/remotes/origin/main'
2023-12-14 20:27:13.815 [info] > git rev-parse refs/remotes/origin/main [2ms]
2023-12-14 20:27:13.838 [info] > git status -z -uall [5ms]
2023-12-14 20:27:13.880 [info] > git ls-files --stage -- /home/kofta/dev/homework/35.py [2ms]
2023-12-14 20:27:13.894 [info] > git cat-file -s dac24f553b7af2ce85770a12be81ff8860d5ff3a [2ms]
2023-12-14 20:27:13.920 [info] > git show --textconv :35.py [3ms]
2023-12-14 20:27:18.347 [info] > git ls-files --stage -- /home/kofta/dev/homework/35.py [3ms]
2023-12-14 20:27:18.369 [info] > git cat-file -s dac24f553b7af2ce85770a12be81ff8860d5ff3a [3ms]
2023-12-14 20:27:18.394 [info] > git show --textconv :35.py [2ms]
2023-12-14 20:27:18.886 [info] > git config --get commit.template [21ms]
2023-12-14 20:27:18.888 [info] > git for-each-ref --format=%(refname)%00%(upstream:short)%00%(objectname)%00%(upstream:track)%00%(upstream:remotename)%00%(upstream:remoteref) refs/heads/main refs/remotes/main [3ms]
2023-12-14 20:27:18.908 [warning] ENOENT: no such file or directory, open '/home/kofta/dev/homework/.git/refs/remotes/origin/main'
2023-12-14 20:27:18.910 [info] > git rev-parse refs/remotes/origin/main [2ms]
2023-12-14 20:27:18.931 [info] > git status -z -uall [2ms]
2023-12-14 20:27:45.103 [info] > git config --get commit.template [24ms]
2023-12-14 20:27:45.103 [info] > git for-each-ref --format=%(refname)%00%(upstream:short)%00%(objectname)%00%(upstream:track)%00%(upstream:remotename)%00%(upstream:remoteref) refs/heads/main refs/remotes/main [2ms]
2023-12-14 20:27:45.125 [info] > git status -z -uall [1ms]
2023-12-14 20:27:45.173 [info] > git ls-files --stage -- /home/kofta/dev/homework/35.py [1ms]
2023-12-14 20:27:45.193 [info] > git cat-file -s dac24f553b7af2ce85770a12be81ff8860d5ff3a [1ms]
2023-12-14 20:27:45.216 [info] > git show --textconv :35.py [1ms]
2023-12-14 20:28:05.386 [info] > git show --textconv :.gitignore [27ms]
2023-12-14 20:28:05.388 [info] > git ls-files --stage -- /home/kofta/dev/homework/.gitignore [4ms]
2023-12-14 20:28:05.410 [info] > git cat-file -s e5224d533ef27b001224859a9b36696846a7e7fe [1ms]
2023-12-14 20:28:06.516 [info] > git show --textconv :35.py [24ms]
2023-12-14 20:28:06.518 [info] > git ls-files --stage -- /home/kofta/dev/homework/35.py [2ms]
2023-12-14 20:28:06.542 [info] > git cat-file -s dac24f553b7af2ce85770a12be81ff8860d5ff3a [3ms]
2023-12-14 20:28:07.336 [info] > git config --get commit.template [14ms]
2023-12-14 20:28:07.336 [info] > git for-each-ref --format=%(refname)%00%(upstream:short)%00%(objectname)%00%(upstream:track)%00%(upstream:remotename)%00%(upstream:remoteref) refs/heads/main refs/remotes/main [2ms]
2023-12-14 20:28:07.359 [info] > git status -z -uall [3ms]
2023-12-14 20:28:07.713 [info] > git show --textconv :run [24ms]
2023-12-14 20:28:07.714 [info] > git ls-files --stage -- /home/kofta/dev/homework/run [2ms]
2023-12-14 20:28:07.733 [info] > git cat-file -s 2be4c01b22a24d7ba4e1e3d755a0ce7797ada5d5 [1ms]
2023-12-14 20:28:08.332 [info] > git show --textconv :35.py [22ms]
2023-12-14 20:28:08.333 [info] > git ls-files --stage -- /home/kofta/dev/homework/35.py [2ms]
2023-12-14 20:28:08.362 [info] > git cat-file -s dac24f553b7af2ce85770a12be81ff8860d5ff3a [3ms]
2023-12-14 20:28:11.826 [info] > git show --textconv :template.py [14ms]
2023-12-14 20:28:11.826 [info] > git ls-files --stage -- /home/kofta/dev/homework/template.py [1ms]
2023-12-14 20:28:11.847 [info] > git cat-file -s a9aebf0d0eff3aa42f179e148be3bf8f125fb5c0 [3ms]
2023-12-14 20:28:12.394 [info] > git config --get commit.template [16ms]
2023-12-14 20:28:12.394 [info] > git for-each-ref --format=%(refname)%00%(upstream:short)%00%(objectname)%00%(upstream:track)%00%(upstream:remotename)%00%(upstream:remoteref) refs/heads/main refs/remotes/main [1ms]
2023-12-14 20:28:12.410 [info] > git status -z -uall [1ms]
2023-12-14 20:28:12.799 [info] > git show --textconv :35.py [22ms]
2023-12-14 20:28:12.801 [info] > git ls-files --stage -- /home/kofta/dev/homework/35.py [3ms]
2023-12-14 20:28:12.817 [info] > git cat-file -s dac24f553b7af2ce85770a12be81ff8860d5ff3a [1ms]
2023-12-14 20:28:17.048 [info] > git ls-files --stage -- /home/kofta/dev/homework/35.py [2ms]
2023-12-14 20:28:17.061 [info] > git cat-file -s dac24f553b7af2ce85770a12be81ff8860d5ff3a [1ms]
2023-12-14 20:28:17.082 [info] > git show --textconv :35.py [3ms]
2023-12-14 20:28:17.465 [info] > git config --get commit.template [27ms]
2023-12-14 20:28:17.467 [info] > git for-each-ref --format=%(refname)%00%(upstream:short)%00%(objectname)%00%(upstream:track)%00%(upstream:remotename)%00%(upstream:remoteref) refs/heads/main refs/remotes/main [3ms]
2023-12-14 20:28:17.488 [info] > git status -z -uall [2ms]
2023-12-14 20:28:20.979 [info] > git ls-files --stage -- /home/kofta/dev/homework/35.py [1ms]
2023-12-14 20:28:21.001 [info] > git cat-file -s dac24f553b7af2ce85770a12be81ff8860d5ff3a [1ms]
2023-12-14 20:28:21.024 [info] > git show --textconv :35.py [1ms]
2023-12-14 20:28:22.529 [info] > git config --get commit.template [16ms]
2023-12-14 20:28:22.529 [info] > git for-each-ref --format=%(refname)%00%(upstream:short)%00%(objectname)%00%(upstream:track)%00%(upstream:remotename)%00%(upstream:remoteref) refs/heads/main refs/remotes/main [1ms]
2023-12-14 20:28:22.544 [info] > git status -z -uall [1ms]
2023-12-14 20:32:10.396 [info] > git config --get commit.template [25ms]
2023-12-14 20:32:10.412 [info] > git ls-files --stage -- /home/kofta/dev/homework/35.py [17ms]
2023-12-14 20:32:10.431 [info] > git for-each-ref --format=%(refname)%00%(upstream:short)%00%(objectname)%00%(upstream:track)%00%(upstream:remotename)%00%(upstream:remoteref) refs/heads/main refs/remotes/main [18ms]
2023-12-14 20:32:10.431 [info] > git cat-file -s dac24f553b7af2ce85770a12be81ff8860d5ff3a [3ms]
2023-12-14 20:32:10.467 [info] > git status -z -uall [19ms]
2023-12-14 20:32:10.470 [info] > git show --textconv :35.py [4ms]
