2023-12-14 19:23:37.991 [warning] Via 'product.json#extensionEnabledApiProposals' extension 'ms-python.python' wants API proposal 'registerIssueDataProvider' but that proposal DOES NOT EXIST. Likely, the proposal has been finalized (check 'vscode.d.ts') or was abandoned.
2023-12-14 19:23:38.440 [info] Started local extension host with pid 14577.
2023-12-14 19:23:38.595 [warning] [twxs.cmake]: Cannot register 'cmake.cmakePath'. This property is already registered.
2023-12-14 19:23:41.311 [info] [perf] Render performance baseline is 169ms
2023-12-14 19:23:41.564 [warning] [cmake-tools]: Couldn't find message for key cmake-tools.configuration.cmake.options.advanced.statusBarVisibility.variant.description.
2023-12-14 19:24:43.165 [warning] Via 'product.json#extensionEnabledApiProposals' extension 'ms-python.python' wants API proposal 'registerIssueDataProvider' but that proposal DOES NOT EXIST. Likely, the proposal has been finalized (check 'vscode.d.ts') or was abandoned.
2023-12-14 19:24:43.593 [info] Started local extension host with pid 15469.
2023-12-14 19:24:43.667 [warning] [twxs.cmake]: Cannot register 'cmake.cmakePath'. This property is already registered.
2023-12-14 19:24:46.452 [info] [perf] Render performance baseline is 164ms
2023-12-14 19:24:46.914 [warning] [cmake-tools]: Couldn't find message for key cmake-tools.configuration.cmake.options.advanced.statusBarVisibility.variant.description.
2023-12-14 19:25:26.605 [warning] Via 'product.json#extensionEnabledApiProposals' extension 'ms-python.python' wants API proposal 'registerIssueDataProvider' but that proposal DOES NOT EXIST. Likely, the proposal has been finalized (check 'vscode.d.ts') or was abandoned.
2023-12-14 19:25:26.865 [info] Started local extension host with pid 15987.
2023-12-14 19:25:26.922 [warning] [twxs.cmake]: Cannot register 'cmake.cmakePath'. This property is already registered.
2023-12-14 19:25:29.709 [info] [perf] Render performance baseline is 156ms
2023-12-14 19:25:30.084 [warning] [cmake-tools]: Couldn't find message for key cmake-tools.configuration.cmake.options.advanced.statusBarVisibility.variant.description.
2023-12-14 19:26:23.599 [error] Unknown error while installing extension ms-python.python: Error: Unknown error while installing extension ms-python.python
    at Y.installFromGallery (/opt/visual-studio-code/resources/app/out/vs/code/node/sharedProcess/sharedProcessMain.js:100:62713)
2023-12-14 19:26:29.368 [error] Unknown error while installing extension ms-python.vscode-pylance: Error: Unknown error while installing extension ms-python.vscode-pylance
    at Y.installFromGallery (/opt/visual-studio-code/resources/app/out/vs/code/node/sharedProcess/sharedProcessMain.js:100:62713)
2023-12-14 19:26:37.753 [warning] [File Watcher (parcel)] Watcher shutdown because watched path got deleted (path: /home/kofta/dev/homework)
2023-12-14 19:26:53.644 [warning] [File Watcher (parcel)] Watcher restarts because watched path got created again (path: /home/kofta/dev/homework)
2023-12-14 20:09:25.648 [error] Cannot read properties of undefined (reading 'data'): TypeError: Cannot read properties of undefined (reading 'data')
    at /home/kofta/.vscode/extensions/ms-python.vscode-pylance-2023.11.10/dist/extension.bundle.js:1:133067
    at _0x9ba18e (/home/kofta/.vscode/extensions/ms-python.vscode-pylance-2023.11.10/dist/extension.bundle.js:1:144828)
    at ve.provideCompletionItems (/opt/visual-studio-code/resources/app/out/vs/workbench/api/node/extensionHostProcess.js:143:53055)
2023-12-14 20:23:20.936 [error] Cannot read properties of undefined (reading 'data'): TypeError: Cannot read properties of undefined (reading 'data')
    at /home/kofta/.vscode/extensions/ms-python.vscode-pylance-2023.11.10/dist/extension.bundle.js:1:133067
    at _0x9ba18e (/home/kofta/.vscode/extensions/ms-python.vscode-pylance-2023.11.10/dist/extension.bundle.js:1:144828)
    at ve.provideCompletionItems (/opt/visual-studio-code/resources/app/out/vs/workbench/api/node/extensionHostProcess.js:143:53055)
