2023-12-14 19:23:38.328 [info] Added views:workbench.panel.markers.view in workbench.panel.markers
2023-12-14 19:23:38.328 [info] Added views:terminal in terminal
2023-12-14 19:23:38.328 [info] Added views:outline in workbench.view.explorer
2023-12-14 19:23:38.328 [info] Added views:workbench.scm in workbench.view.scm
2023-12-14 19:23:38.328 [info] Added views:workbench.view.search in workbench.view.search
2023-12-14 19:23:38.328 [info] Added views:workbench.panel.output in workbench.views.service.panel.dee4bb8c-f5f5-4d28-94df-80ddfbd96a86
2023-12-14 19:23:38.328 [info] Added views:timeline in workbench.view.explorer
2023-12-14 19:23:38.328 [info] Added views:workbench.explorer.fileView in workbench.view.explorer
2023-12-14 19:23:38.691 [info] Added views:makefile.outline in workbench.view.extension.makefile__viewContainer
2023-12-14 19:23:38.967 [info] Added views:workbench.debug.welcome in workbench.view.debug
2023-12-14 19:23:39.033 [info] Added views:workbench.panel.repl.view in workbench.panel.repl
2023-12-14 19:23:40.093 [info] Added views:~remote.forwardedPorts in ~remote.forwardedPortsContainer
2023-12-14 19:24:43.377 [info] Added views:workbench.panel.markers.view in workbench.panel.markers
2023-12-14 19:24:43.379 [info] Added views:terminal in terminal
2023-12-14 19:24:43.379 [info] Added views:outline in workbench.view.explorer
2023-12-14 19:24:43.379 [info] Added views:workbench.scm in workbench.view.scm
2023-12-14 19:24:43.379 [info] Added views:workbench.view.search in workbench.view.search
2023-12-14 19:24:43.379 [info] Added views:workbench.panel.output in workbench.views.service.panel.dee4bb8c-f5f5-4d28-94df-80ddfbd96a86
2023-12-14 19:24:43.379 [info] Added views:timeline in workbench.view.explorer
2023-12-14 19:24:43.379 [info] Added views:workbench.explorer.fileView in workbench.view.explorer
2023-12-14 19:24:43.576 [info] Added views:workbench.debug.welcome in workbench.view.debug
2023-12-14 19:24:43.769 [info] Added views:makefile.outline in workbench.view.extension.makefile__viewContainer
2023-12-14 19:24:44.067 [info] Added views:workbench.panel.repl.view in workbench.panel.repl
2023-12-14 19:24:44.606 [info] Added views:workbench.view.testing in workbench.view.extension.test
2023-12-14 19:24:45.104 [info] Added views:~remote.forwardedPorts in ~remote.forwardedPortsContainer
2023-12-14 19:25:26.235 [info] Removed views:workbench.view.testing from workbench.view.extension.test
2023-12-14 19:25:26.790 [info] Added views:workbench.panel.markers.view in workbench.panel.markers
2023-12-14 19:25:26.790 [info] Added views:terminal in terminal
2023-12-14 19:25:26.790 [info] Added views:outline in workbench.view.explorer
2023-12-14 19:25:26.790 [info] Added views:workbench.scm in workbench.view.scm
2023-12-14 19:25:26.790 [info] Added views:workbench.view.search in workbench.view.search
2023-12-14 19:25:26.790 [info] Added views:workbench.panel.output in workbench.views.service.panel.dee4bb8c-f5f5-4d28-94df-80ddfbd96a86
2023-12-14 19:25:26.790 [info] Added views:timeline in workbench.view.explorer
2023-12-14 19:25:26.790 [info] Added views:workbench.explorer.fileView in workbench.view.explorer
2023-12-14 19:25:27.010 [info] Added views:makefile.outline in workbench.view.extension.makefile__viewContainer
2023-12-14 19:25:27.268 [info] Added views:workbench.debug.variablesView,workbench.debug.watchExpressionsView,workbench.debug.callStackView,workbench.debug.breakPointsView in workbench.view.debug
2023-12-14 19:25:27.339 [info] Added views:workbench.panel.repl.view in workbench.panel.repl
2023-12-14 19:25:27.340 [info] Removed views:workbench.debug.breakPointsView,workbench.debug.callStackView,workbench.debug.watchExpressionsView,workbench.debug.variablesView from workbench.view.debug
2023-12-14 19:25:27.340 [info] Added views:workbench.debug.welcome in workbench.view.debug
2023-12-14 19:25:27.646 [info] Added views:~remote.forwardedPorts in ~remote.forwardedPortsContainer
2023-12-14 19:29:44.759 [info] Added views:workbench.view.testing in workbench.view.extension.test
