2023-12-13 17:35:35.098 [info] Reading sessions from keychain...
2023-12-13 17:35:35.098 [info] Getting sessions for all scopes...
2023-12-13 17:35:35.098 [info] Got stored sessions!
2023-12-13 17:35:35.098 [info] Got 1 verified sessions.
2023-12-13 17:35:35.098 [info] Got 1 sessions for ...
2023-12-13 17:35:35.098 [info] Getting sessions for all scopes...
2023-12-13 17:35:35.098 [info] Got 1 sessions for ...
2023-12-13 17:35:35.098 [info] Getting sessions for user:email...
2023-12-13 17:35:35.098 [info] Got 1 sessions for user:email...
2023-12-13 17:35:47.921 [info] Reading sessions from keychain...
2023-12-13 17:35:47.921 [info] Getting sessions for all scopes...
2023-12-13 17:35:47.921 [info] Getting sessions for user:email...
2023-12-13 17:35:47.976 [info] Got stored sessions!
2023-12-13 17:35:47.976 [info] Got 1 verified sessions.
2023-12-13 17:35:47.976 [info] Got 1 sessions for ...
2023-12-13 17:35:47.976 [info] Got 1 sessions for user:email...
2023-12-13 17:35:48.055 [info] Getting sessions for all scopes...
2023-12-13 17:35:48.055 [info] Got 1 sessions for ...
2023-12-13 17:35:53.122 [info] Getting sessions for read:user,repo,user:email,workflow...
2023-12-13 17:35:53.122 [info] Got 0 sessions for read:user,repo,user:email,workflow...
2023-12-13 17:36:01.947 [info] Getting sessions for read:user,repo,user:email,workflow...
2023-12-13 17:36:01.947 [info] Got 0 sessions for read:user,repo,user:email,workflow...
2023-12-13 17:36:05.197 [info] Logging in for the following scopes: read:user repo user:email workflow
2023-12-13 17:36:05.213 [info] Trying without local server... (read:user repo user:email workflow)
2023-12-13 17:36:11.374 [info] Exchanging code for token...
2023-12-13 17:36:12.194 [info] Token exchange success!
2023-12-13 17:36:12.195 [info] Getting user info...
2023-12-13 17:36:12.808 [info] Got account info!
2023-12-13 17:36:12.808 [info] Storing 2 sessions...
2023-12-13 17:36:12.813 [info] Reading sessions from keychain...
2023-12-13 17:36:12.813 [info] Stored 2 sessions!
2023-12-13 17:36:12.814 [info] Login success!
2023-12-13 17:36:12.817 [info] Getting sessions for user:email...
2023-12-13 17:36:12.886 [info] Got stored sessions!
2023-12-13 17:36:12.887 [info] Got 2 verified sessions.
2023-12-13 17:36:12.887 [info] Got 1 sessions for user:email...
2023-12-13 17:36:13.460 [info] Getting sessions for read:user,repo,user:email,workflow...
2023-12-13 17:36:13.460 [info] Got 1 sessions for read:user,repo,user:email,workflow...
